[0.012s] Invoking command in '/home/parallels/practica_ROS/ros2_prac2_ws/build/cpp_nodes': CMAKE_PREFIX_PATH=/home/parallels/practica_ROS/ros2_prac2_ws/install/interfaces:/home/parallels/practica_ROS/ros2_prac2_ws/install/cpp_nodes:/opt/ros/foxy /usr/bin/cmake --build /home/parallels/practica_ROS/ros2_prac2_ws/build/cpp_nodes -- -j2 -l2
[0.034s] -- Found ament_cmake: 0.9.12 (/opt/ros/foxy/share/ament_cmake/cmake)
[0.048s] -- Using PYTHON_EXECUTABLE: /usr/bin/python3
[0.149s] -- Found rclcpp: 2.4.3 (/opt/ros/foxy/share/rclcpp/cmake)
[0.171s] -- Using all available rosidl_typesupport_c: rosidl_typesupport_fastrtps_c;rosidl_typesupport_introspection_c
[0.174s] -- Found rosidl_adapter: 1.3.1 (/opt/ros/foxy/share/rosidl_adapter/cmake)
[0.274s] -- Using all available rosidl_typesupport_cpp: rosidl_typesupport_fastrtps_cpp;rosidl_typesupport_introspection_cpp
[0.307s] -- Found rmw_implementation_cmake: 1.0.4 (/opt/ros/foxy/share/rmw_implementation_cmake/cmake)
[0.309s] -- Using RMW implementation 'rmw_fastrtps_cpp' as default
[0.413s] -- Found interfaces: 0.0.0 (/home/parallels/practica_ROS/ros2_prac2_ws/install/interfaces/share/interfaces/cmake)
[0.458s] -- Configuring done
[0.476s] -- Generating done
[0.485s] -- Build files have been written to: /home/parallels/practica_ROS/ros2_prac2_ws/build/cpp_nodes
[0.531s] [ 12%] [32mBuilding CXX object CMakeFiles/posicion_usuario_nodo.dir/src/posicion_usuario_nodo.cpp.o[0m
[0.540s] [ 37%] Built target emocion_usuario_nodo
[0.549s] [35m[1mScanning dependencies of target empaquetado_nodo[0m
[0.603s] [ 50%] [32mBuilding CXX object CMakeFiles/empaquetado_nodo.dir/src/empaquetado_nodo.cpp.o[0m
[4.718s] [ 62%] [32m[1mLinking CXX executable posicion_usuario_nodo[0m
[5.060s] [ 62%] Built target posicion_usuario_nodo
[5.108s] [35m[1mScanning dependencies of target informacion_personal_nodo[0m
[5.164s] [ 75%] [32mBuilding CXX object CMakeFiles/informacion_personal_nodo.dir/src/informacion_personal_nodo.cpp.o[0m
[7.964s] [ 87%] [32m[1mLinking CXX executable empaquetado_nodo[0m
[8.319s] [ 87%] Built target empaquetado_nodo
[8.371s] [100%] [32m[1mLinking CXX executable informacion_personal_nodo[0m
[8.481s] [100%] Built target informacion_personal_nodo
[8.506s] Invoked command in '/home/parallels/practica_ROS/ros2_prac2_ws/build/cpp_nodes' returned '0': CMAKE_PREFIX_PATH=/home/parallels/practica_ROS/ros2_prac2_ws/install/interfaces:/home/parallels/practica_ROS/ros2_prac2_ws/install/cpp_nodes:/opt/ros/foxy /usr/bin/cmake --build /home/parallels/practica_ROS/ros2_prac2_ws/build/cpp_nodes -- -j2 -l2
[8.514s] Invoking command in '/home/parallels/practica_ROS/ros2_prac2_ws/build/cpp_nodes': CMAKE_PREFIX_PATH=/home/parallels/practica_ROS/ros2_prac2_ws/install/interfaces:/home/parallels/practica_ROS/ros2_prac2_ws/install/cpp_nodes:/opt/ros/foxy /usr/bin/cmake --install /home/parallels/practica_ROS/ros2_prac2_ws/build/cpp_nodes
[8.524s] -- Install configuration: ""
[8.525s] -- Installing: /home/parallels/practica_ROS/ros2_prac2_ws/install/cpp_nodes/lib/cpp_nodes/informacion_personal_nodo
[8.530s] -- Set runtime path of "/home/parallels/practica_ROS/ros2_prac2_ws/install/cpp_nodes/lib/cpp_nodes/informacion_personal_nodo" to ""
[8.532s] -- Installing: /home/parallels/practica_ROS/ros2_prac2_ws/install/cpp_nodes/lib/cpp_nodes/empaquetado_nodo
[8.534s] -- Set runtime path of "/home/parallels/practica_ROS/ros2_prac2_ws/install/cpp_nodes/lib/cpp_nodes/empaquetado_nodo" to ""
[8.535s] -- Up-to-date: /home/parallels/practica_ROS/ros2_prac2_ws/install/cpp_nodes/lib/cpp_nodes/emocion_usuario_nodo
[8.535s] -- Installing: /home/parallels/practica_ROS/ros2_prac2_ws/install/cpp_nodes/lib/cpp_nodes/posicion_usuario_nodo
[8.538s] -- Set runtime path of "/home/parallels/practica_ROS/ros2_prac2_ws/install/cpp_nodes/lib/cpp_nodes/posicion_usuario_nodo" to ""
[8.539s] -- Up-to-date: /home/parallels/practica_ROS/ros2_prac2_ws/install/cpp_nodes/include
[8.539s] -- Up-to-date: /home/parallels/practica_ROS/ros2_prac2_ws/install/cpp_nodes/include/emocion_usuario_nodo.hpp
[8.539s] -- Up-to-date: /home/parallels/practica_ROS/ros2_prac2_ws/install/cpp_nodes/include/empaquetado_nodo.hpp
[8.540s] -- Up-to-date: /home/parallels/practica_ROS/ros2_prac2_ws/install/cpp_nodes/include/base_node.hpp
[8.540s] -- Up-to-date: /home/parallels/practica_ROS/ros2_prac2_ws/install/cpp_nodes/include/informacion_personal_nodo.hpp
[8.541s] -- Up-to-date: /home/parallels/practica_ROS/ros2_prac2_ws/install/cpp_nodes/include/input_node.hpp
[8.541s] -- Up-to-date: /home/parallels/practica_ROS/ros2_prac2_ws/install/cpp_nodes/include/derived_input_node.hpp
[8.542s] -- Up-to-date: /home/parallels/practica_ROS/ros2_prac2_ws/install/cpp_nodes/include/derived_node.hpp
[8.542s] -- Up-to-date: /home/parallels/practica_ROS/ros2_prac2_ws/install/cpp_nodes/include/posicion_usuario_nodo.hpp
[8.542s] -- Up-to-date: /home/parallels/practica_ROS/ros2_prac2_ws/install/cpp_nodes/include/cpp_nodes
[8.543s] -- Up-to-date: /home/parallels/practica_ROS/ros2_prac2_ws/install/cpp_nodes/share/ament_index/resource_index/package_run_dependencies/cpp_nodes
[8.544s] -- Up-to-date: /home/parallels/practica_ROS/ros2_prac2_ws/install/cpp_nodes/share/ament_index/resource_index/parent_prefix_path/cpp_nodes
[8.546s] -- Up-to-date: /home/parallels/practica_ROS/ros2_prac2_ws/install/cpp_nodes/share/cpp_nodes/environment/ament_prefix_path.sh
[8.546s] -- Installing: /home/parallels/practica_ROS/ros2_prac2_ws/install/cpp_nodes/share/cpp_nodes/environment/ament_prefix_path.dsv
[8.547s] -- Up-to-date: /home/parallels/practica_ROS/ros2_prac2_ws/install/cpp_nodes/share/cpp_nodes/environment/path.sh
[8.547s] -- Installing: /home/parallels/practica_ROS/ros2_prac2_ws/install/cpp_nodes/share/cpp_nodes/environment/path.dsv
[8.548s] -- Up-to-date: /home/parallels/practica_ROS/ros2_prac2_ws/install/cpp_nodes/share/cpp_nodes/local_setup.bash
[8.548s] -- Up-to-date: /home/parallels/practica_ROS/ros2_prac2_ws/install/cpp_nodes/share/cpp_nodes/local_setup.sh
[8.548s] -- Up-to-date: /home/parallels/practica_ROS/ros2_prac2_ws/install/cpp_nodes/share/cpp_nodes/local_setup.zsh
[8.548s] -- Installing: /home/parallels/practica_ROS/ros2_prac2_ws/install/cpp_nodes/share/cpp_nodes/local_setup.dsv
[8.549s] -- Installing: /home/parallels/practica_ROS/ros2_prac2_ws/install/cpp_nodes/share/cpp_nodes/package.dsv
[8.551s] -- Up-to-date: /home/parallels/practica_ROS/ros2_prac2_ws/install/cpp_nodes/share/ament_index/resource_index/packages/cpp_nodes
[8.551s] -- Up-to-date: /home/parallels/practica_ROS/ros2_prac2_ws/install/cpp_nodes/share/cpp_nodes/cmake/ament_cmake_export_include_directories-extras.cmake
[8.551s] -- Up-to-date: /home/parallels/practica_ROS/ros2_prac2_ws/install/cpp_nodes/share/cpp_nodes/cmake/cpp_nodesConfig.cmake
[8.551s] -- Up-to-date: /home/parallels/practica_ROS/ros2_prac2_ws/install/cpp_nodes/share/cpp_nodes/cmake/cpp_nodesConfig-version.cmake
[8.552s] -- Up-to-date: /home/parallels/practica_ROS/ros2_prac2_ws/install/cpp_nodes/share/cpp_nodes/package.xml
[8.554s] Invoked command in '/home/parallels/practica_ROS/ros2_prac2_ws/build/cpp_nodes' returned '0': CMAKE_PREFIX_PATH=/home/parallels/practica_ROS/ros2_prac2_ws/install/interfaces:/home/parallels/practica_ROS/ros2_prac2_ws/install/cpp_nodes:/opt/ros/foxy /usr/bin/cmake --install /home/parallels/practica_ROS/ros2_prac2_ws/build/cpp_nodes
