[0.270s] DEBUG:colcon:Command line arguments: ['/usr/bin/colcon', 'build']
[0.270s] DEBUG:colcon:Parsed command line arguments: Namespace(allow_overriding=[], ament_cmake_args=None, base_paths=['.'], build_base='build', catkin_cmake_args=None, catkin_skip_building_tests=False, cmake_args=None, cmake_clean_cache=False, cmake_clean_first=False, cmake_force_configure=False, cmake_target=None, cmake_target_skip_unavailable=False, continue_on_error=False, event_handlers=None, executor='parallel', ignore_user_meta=False, install_base='install', log_base=None, log_level=None, main=<bound method BuildVerb.main of <colcon_core.verb.build.BuildVerb object at 0xffffaffa5040>>, merge_install=False, metas=['./colcon.meta'], packages_above=None, packages_above_and_dependencies=None, packages_above_depth=None, packages_end=None, packages_ignore=None, packages_ignore_regex=None, packages_select=None, packages_select_build_failed=False, packages_select_by_dep=None, packages_select_regex=None, packages_select_test_failures=False, packages_skip=None, packages_skip_build_finished=False, packages_skip_by_dep=None, packages_skip_regex=None, packages_skip_test_passed=False, packages_skip_up_to=None, packages_start=None, packages_up_to=None, packages_up_to_regex=None, parallel_workers=2, paths=None, symlink_install=False, test_result_base=None, verb_extension=<colcon_core.verb.build.BuildVerb object at 0xffffaffa5040>, verb_name='build', verb_parser=<colcon_defaults.argument_parser.defaults.DefaultArgumentsDecorator object at 0xffffafdfc370>)
[0.381s] Level 1:colcon.colcon_core.package_discovery:discover_packages(colcon_meta) check parameters
[0.381s] Level 1:colcon.colcon_core.package_discovery:discover_packages(recursive) check parameters
[0.381s] Level 1:colcon.colcon_core.package_discovery:discover_packages(ignore) check parameters
[0.381s] Level 1:colcon.colcon_core.package_discovery:discover_packages(path) check parameters
[0.381s] Level 1:colcon.colcon_core.package_discovery:discover_packages(colcon_meta) discover
[0.381s] Level 1:colcon.colcon_core.package_discovery:discover_packages(recursive) discover
[0.381s] INFO:colcon.colcon_core.package_discovery:Crawling recursively for packages in '/home/parallels/practica_ROS/ros2_prac2_ws'
[0.381s] Level 1:colcon.colcon_core.package_identification:_identify(.) by extensions ['ignore', 'ignore_ament_install']
[0.381s] Level 1:colcon.colcon_core.package_identification:_identify(.) by extension 'ignore'
[0.381s] Level 1:colcon.colcon_core.package_identification:_identify(.) by extension 'ignore_ament_install'
[0.381s] Level 1:colcon.colcon_core.package_identification:_identify(.) by extensions ['colcon_pkg']
[0.381s] Level 1:colcon.colcon_core.package_identification:_identify(.) by extension 'colcon_pkg'
[0.381s] Level 1:colcon.colcon_core.package_identification:_identify(.) by extensions ['colcon_meta']
[0.381s] Level 1:colcon.colcon_core.package_identification:_identify(.) by extension 'colcon_meta'
[0.381s] Level 1:colcon.colcon_core.package_identification:_identify(.) by extensions ['ros']
[0.381s] Level 1:colcon.colcon_core.package_identification:_identify(.) by extension 'ros'
[0.390s] Level 1:colcon.colcon_core.package_identification:_identify(.) by extensions ['cmake', 'python']
[0.390s] Level 1:colcon.colcon_core.package_identification:_identify(.) by extension 'cmake'
[0.390s] Level 1:colcon.colcon_core.package_identification:_identify(.) by extension 'python'
[0.390s] Level 1:colcon.colcon_core.package_identification:_identify(.) by extensions ['python_setup_py']
[0.390s] Level 1:colcon.colcon_core.package_identification:_identify(.) by extension 'python_setup_py'
[0.391s] Level 1:colcon.colcon_core.package_identification:_identify(build) by extensions ['ignore', 'ignore_ament_install']
[0.391s] Level 1:colcon.colcon_core.package_identification:_identify(build) by extension 'ignore'
[0.391s] Level 1:colcon.colcon_core.package_identification:_identify(build) ignored
[0.391s] Level 1:colcon.colcon_core.package_identification:_identify(install) by extensions ['ignore', 'ignore_ament_install']
[0.391s] Level 1:colcon.colcon_core.package_identification:_identify(install) by extension 'ignore'
[0.391s] Level 1:colcon.colcon_core.package_identification:_identify(install) ignored
[0.391s] Level 1:colcon.colcon_core.package_identification:_identify(log) by extensions ['ignore', 'ignore_ament_install']
[0.391s] Level 1:colcon.colcon_core.package_identification:_identify(log) by extension 'ignore'
[0.391s] Level 1:colcon.colcon_core.package_identification:_identify(log) ignored
[0.391s] Level 1:colcon.colcon_core.package_identification:_identify(src) by extensions ['ignore', 'ignore_ament_install']
[0.391s] Level 1:colcon.colcon_core.package_identification:_identify(src) by extension 'ignore'
[0.391s] Level 1:colcon.colcon_core.package_identification:_identify(src) by extension 'ignore_ament_install'
[0.391s] Level 1:colcon.colcon_core.package_identification:_identify(src) by extensions ['colcon_pkg']
[0.391s] Level 1:colcon.colcon_core.package_identification:_identify(src) by extension 'colcon_pkg'
[0.391s] Level 1:colcon.colcon_core.package_identification:_identify(src) by extensions ['colcon_meta']
[0.391s] Level 1:colcon.colcon_core.package_identification:_identify(src) by extension 'colcon_meta'
[0.391s] Level 1:colcon.colcon_core.package_identification:_identify(src) by extensions ['ros']
[0.391s] Level 1:colcon.colcon_core.package_identification:_identify(src) by extension 'ros'
[0.391s] Level 1:colcon.colcon_core.package_identification:_identify(src) by extensions ['cmake', 'python']
[0.391s] Level 1:colcon.colcon_core.package_identification:_identify(src) by extension 'cmake'
[0.391s] Level 1:colcon.colcon_core.package_identification:_identify(src) by extension 'python'
[0.391s] Level 1:colcon.colcon_core.package_identification:_identify(src) by extensions ['python_setup_py']
[0.391s] Level 1:colcon.colcon_core.package_identification:_identify(src) by extension 'python_setup_py'
[0.391s] Level 1:colcon.colcon_core.package_identification:_identify(src/cpp_nodes) by extensions ['ignore', 'ignore_ament_install']
[0.391s] Level 1:colcon.colcon_core.package_identification:_identify(src/cpp_nodes) by extension 'ignore'
[0.391s] Level 1:colcon.colcon_core.package_identification:_identify(src/cpp_nodes) by extension 'ignore_ament_install'
[0.391s] Level 1:colcon.colcon_core.package_identification:_identify(src/cpp_nodes) by extensions ['colcon_pkg']
[0.391s] Level 1:colcon.colcon_core.package_identification:_identify(src/cpp_nodes) by extension 'colcon_pkg'
[0.391s] Level 1:colcon.colcon_core.package_identification:_identify(src/cpp_nodes) by extensions ['colcon_meta']
[0.391s] Level 1:colcon.colcon_core.package_identification:_identify(src/cpp_nodes) by extension 'colcon_meta'
[0.391s] Level 1:colcon.colcon_core.package_identification:_identify(src/cpp_nodes) by extensions ['ros']
[0.391s] Level 1:colcon.colcon_core.package_identification:_identify(src/cpp_nodes) by extension 'ros'
[0.394s] DEBUG:colcon.colcon_core.package_identification:Package 'src/cpp_nodes' with type 'ros.ament_cmake' and name 'cpp_nodes'
[0.394s] Level 1:colcon.colcon_core.package_identification:_identify(src/interfaces) by extensions ['ignore', 'ignore_ament_install']
[0.394s] Level 1:colcon.colcon_core.package_identification:_identify(src/interfaces) by extension 'ignore'
[0.394s] Level 1:colcon.colcon_core.package_identification:_identify(src/interfaces) by extension 'ignore_ament_install'
[0.394s] Level 1:colcon.colcon_core.package_identification:_identify(src/interfaces) by extensions ['colcon_pkg']
[0.394s] Level 1:colcon.colcon_core.package_identification:_identify(src/interfaces) by extension 'colcon_pkg'
[0.394s] Level 1:colcon.colcon_core.package_identification:_identify(src/interfaces) by extensions ['colcon_meta']
[0.394s] Level 1:colcon.colcon_core.package_identification:_identify(src/interfaces) by extension 'colcon_meta'
[0.394s] Level 1:colcon.colcon_core.package_identification:_identify(src/interfaces) by extensions ['ros']
[0.394s] Level 1:colcon.colcon_core.package_identification:_identify(src/interfaces) by extension 'ros'
[0.395s] DEBUG:colcon.colcon_core.package_identification:Package 'src/interfaces' with type 'ros.ament_cmake' and name 'interfaces'
[0.395s] Level 1:colcon.colcon_core.package_discovery:discover_packages(recursive) using defaults
[0.395s] Level 1:colcon.colcon_core.package_discovery:discover_packages(ignore) discover
[0.395s] Level 1:colcon.colcon_core.package_discovery:discover_packages(ignore) using defaults
[0.395s] Level 1:colcon.colcon_core.package_discovery:discover_packages(path) discover
[0.395s] Level 1:colcon.colcon_core.package_discovery:discover_packages(path) using defaults
[0.413s] Level 1:colcon.colcon_core.package_discovery:discover_packages(prefix_path) check parameters
[0.413s] Level 1:colcon.colcon_core.package_discovery:discover_packages(prefix_path) discover
[0.414s] DEBUG:colcon.colcon_installed_package_information.package_discovery:Found 2 installed packages in /home/parallels/practica_ROS/ros2_prac2_ws/install
[0.416s] DEBUG:colcon.colcon_installed_package_information.package_discovery:Found 256 installed packages in /opt/ros/foxy
[0.417s] Level 1:colcon.colcon_core.package_discovery:discover_packages(prefix_path) using defaults
[0.506s] Level 5:colcon.colcon_core.verb:set package 'interfaces' build argument 'cmake_args' from command line to 'None'
[0.506s] Level 5:colcon.colcon_core.verb:set package 'interfaces' build argument 'cmake_target' from command line to 'None'
[0.507s] Level 5:colcon.colcon_core.verb:set package 'interfaces' build argument 'cmake_target_skip_unavailable' from command line to 'False'
[0.507s] Level 5:colcon.colcon_core.verb:set package 'interfaces' build argument 'cmake_clean_cache' from command line to 'False'
[0.507s] Level 5:colcon.colcon_core.verb:set package 'interfaces' build argument 'cmake_clean_first' from command line to 'False'
[0.507s] Level 5:colcon.colcon_core.verb:set package 'interfaces' build argument 'cmake_force_configure' from command line to 'False'
[0.507s] Level 5:colcon.colcon_core.verb:set package 'interfaces' build argument 'ament_cmake_args' from command line to 'None'
[0.507s] Level 5:colcon.colcon_core.verb:set package 'interfaces' build argument 'catkin_cmake_args' from command line to 'None'
[0.507s] Level 5:colcon.colcon_core.verb:set package 'interfaces' build argument 'catkin_skip_building_tests' from command line to 'False'
[0.507s] DEBUG:colcon.colcon_core.verb:Building package 'interfaces' with the following arguments: {'ament_cmake_args': None, 'build_base': '/home/parallels/practica_ROS/ros2_prac2_ws/build/interfaces', 'catkin_cmake_args': None, 'catkin_skip_building_tests': False, 'cmake_args': None, 'cmake_clean_cache': False, 'cmake_clean_first': False, 'cmake_force_configure': False, 'cmake_target': None, 'cmake_target_skip_unavailable': False, 'install_base': '/home/parallels/practica_ROS/ros2_prac2_ws/install/interfaces', 'merge_install': False, 'path': '/home/parallels/practica_ROS/ros2_prac2_ws/src/interfaces', 'symlink_install': False, 'test_result_base': None}
[0.507s] Level 5:colcon.colcon_core.verb:set package 'cpp_nodes' build argument 'cmake_args' from command line to 'None'
[0.507s] Level 5:colcon.colcon_core.verb:set package 'cpp_nodes' build argument 'cmake_target' from command line to 'None'
[0.507s] Level 5:colcon.colcon_core.verb:set package 'cpp_nodes' build argument 'cmake_target_skip_unavailable' from command line to 'False'
[0.508s] Level 5:colcon.colcon_core.verb:set package 'cpp_nodes' build argument 'cmake_clean_cache' from command line to 'False'
[0.508s] Level 5:colcon.colcon_core.verb:set package 'cpp_nodes' build argument 'cmake_clean_first' from command line to 'False'
[0.508s] Level 5:colcon.colcon_core.verb:set package 'cpp_nodes' build argument 'cmake_force_configure' from command line to 'False'
[0.508s] Level 5:colcon.colcon_core.verb:set package 'cpp_nodes' build argument 'ament_cmake_args' from command line to 'None'
[0.508s] Level 5:colcon.colcon_core.verb:set package 'cpp_nodes' build argument 'catkin_cmake_args' from command line to 'None'
[0.508s] Level 5:colcon.colcon_core.verb:set package 'cpp_nodes' build argument 'catkin_skip_building_tests' from command line to 'False'
[0.508s] DEBUG:colcon.colcon_core.verb:Building package 'cpp_nodes' with the following arguments: {'ament_cmake_args': None, 'build_base': '/home/parallels/practica_ROS/ros2_prac2_ws/build/cpp_nodes', 'catkin_cmake_args': None, 'catkin_skip_building_tests': False, 'cmake_args': None, 'cmake_clean_cache': False, 'cmake_clean_first': False, 'cmake_force_configure': False, 'cmake_target': None, 'cmake_target_skip_unavailable': False, 'install_base': '/home/parallels/practica_ROS/ros2_prac2_ws/install/cpp_nodes', 'merge_install': False, 'path': '/home/parallels/practica_ROS/ros2_prac2_ws/src/cpp_nodes', 'symlink_install': False, 'test_result_base': None}
[0.508s] INFO:colcon.colcon_core.executor:Executing jobs using 'parallel' executor
[0.519s] DEBUG:colcon.colcon_parallel_executor.executor.parallel:run_until_complete
[0.519s] INFO:colcon.colcon_ros.task.ament_cmake.build:Building ROS package in '/home/parallels/practica_ROS/ros2_prac2_ws/src/interfaces' with build type 'ament_cmake'
[0.519s] INFO:colcon.colcon_cmake.task.cmake.build:Building CMake package in '/home/parallels/practica_ROS/ros2_prac2_ws/src/interfaces'
[0.522s] INFO:colcon.colcon_core.plugin_system:Skipping extension 'colcon_core.shell.bat': Not used on non-Windows systems
[0.522s] INFO:colcon.colcon_core.shell:Skip shell extension 'powershell' for command environment: Not usable outside of PowerShell
[0.523s] DEBUG:colcon.colcon_core.shell:Skip shell extension 'dsv' for command environment
[0.545s] DEBUG:colcon.colcon_core.event_handler.log_command:Invoking command in '/home/parallels/practica_ROS/ros2_prac2_ws/build/interfaces': CMAKE_PREFIX_PATH=${CMAKE_PREFIX_PATH}:/opt/ros/foxy /usr/bin/cmake --build /home/parallels/practica_ROS/ros2_prac2_ws/build/interfaces -- -j2 -l2
[0.784s] DEBUG:colcon.colcon_core.event_handler.log_command:Invoked command in '/home/parallels/practica_ROS/ros2_prac2_ws/build/interfaces' returned '0': CMAKE_PREFIX_PATH=${CMAKE_PREFIX_PATH}:/opt/ros/foxy /usr/bin/cmake --build /home/parallels/practica_ROS/ros2_prac2_ws/build/interfaces -- -j2 -l2
[0.792s] DEBUG:colcon.colcon_core.event_handler.log_command:Invoking command in '/home/parallels/practica_ROS/ros2_prac2_ws/build/interfaces': CMAKE_PREFIX_PATH=${CMAKE_PREFIX_PATH}:/opt/ros/foxy /usr/bin/cmake --install /home/parallels/practica_ROS/ros2_prac2_ws/build/interfaces
[0.835s] Level 1:colcon.colcon_core.environment:create_environment_scripts_only(interfaces)
[0.836s] DEBUG:colcon.colcon_core.event_handler.log_command:Invoked command in '/home/parallels/practica_ROS/ros2_prac2_ws/build/interfaces' returned '0': CMAKE_PREFIX_PATH=${CMAKE_PREFIX_PATH}:/opt/ros/foxy /usr/bin/cmake --install /home/parallels/practica_ROS/ros2_prac2_ws/build/interfaces
[0.840s] Level 1:colcon.colcon_core.environment:checking '/home/parallels/practica_ROS/ros2_prac2_ws/install/interfaces' for CMake module files
[0.840s] Level 1:colcon.colcon_core.environment:checking '/home/parallels/practica_ROS/ros2_prac2_ws/install/interfaces' for CMake config files
[0.841s] Level 1:colcon.colcon_core.shell:create_environment_hook('interfaces', 'cmake_prefix_path')
[0.841s] INFO:colcon.colcon_core.shell:Creating environment hook '/home/parallels/practica_ROS/ros2_prac2_ws/install/interfaces/share/interfaces/hook/cmake_prefix_path.ps1'
[0.841s] INFO:colcon.colcon_core.shell:Creating environment descriptor '/home/parallels/practica_ROS/ros2_prac2_ws/install/interfaces/share/interfaces/hook/cmake_prefix_path.dsv'
[0.842s] INFO:colcon.colcon_core.shell:Creating environment hook '/home/parallels/practica_ROS/ros2_prac2_ws/install/interfaces/share/interfaces/hook/cmake_prefix_path.sh'
[0.843s] Level 1:colcon.colcon_core.environment:checking '/home/parallels/practica_ROS/ros2_prac2_ws/install/interfaces/lib'
[0.843s] Level 1:colcon.colcon_core.shell:create_environment_hook('interfaces', 'ld_library_path_lib')
[0.843s] INFO:colcon.colcon_core.shell:Creating environment hook '/home/parallels/practica_ROS/ros2_prac2_ws/install/interfaces/share/interfaces/hook/ld_library_path_lib.ps1'
[0.843s] INFO:colcon.colcon_core.shell:Creating environment descriptor '/home/parallels/practica_ROS/ros2_prac2_ws/install/interfaces/share/interfaces/hook/ld_library_path_lib.dsv'
[0.843s] INFO:colcon.colcon_core.shell:Creating environment hook '/home/parallels/practica_ROS/ros2_prac2_ws/install/interfaces/share/interfaces/hook/ld_library_path_lib.sh'
[0.844s] Level 1:colcon.colcon_core.environment:checking '/home/parallels/practica_ROS/ros2_prac2_ws/install/interfaces/bin'
[0.844s] Level 1:colcon.colcon_core.environment:checking '/home/parallels/practica_ROS/ros2_prac2_ws/install/interfaces/lib/pkgconfig/interfaces.pc'
[0.844s] Level 1:colcon.colcon_core.environment:checking '/home/parallels/practica_ROS/ros2_prac2_ws/install/interfaces/lib/python3.8/site-packages'
[0.844s] Level 1:colcon.colcon_core.shell:create_environment_hook('interfaces', 'pythonpath')
[0.844s] INFO:colcon.colcon_core.shell:Creating environment hook '/home/parallels/practica_ROS/ros2_prac2_ws/install/interfaces/share/interfaces/hook/pythonpath.ps1'
[0.844s] INFO:colcon.colcon_core.shell:Creating environment descriptor '/home/parallels/practica_ROS/ros2_prac2_ws/install/interfaces/share/interfaces/hook/pythonpath.dsv'
[0.844s] INFO:colcon.colcon_core.shell:Creating environment hook '/home/parallels/practica_ROS/ros2_prac2_ws/install/interfaces/share/interfaces/hook/pythonpath.sh'
[0.845s] Level 1:colcon.colcon_core.environment:checking '/home/parallels/practica_ROS/ros2_prac2_ws/install/interfaces/bin'
[0.845s] INFO:colcon.colcon_core.shell:Creating package script '/home/parallels/practica_ROS/ros2_prac2_ws/install/interfaces/share/interfaces/package.ps1'
[0.846s] INFO:colcon.colcon_core.shell:Creating package descriptor '/home/parallels/practica_ROS/ros2_prac2_ws/install/interfaces/share/interfaces/package.dsv'
[0.846s] INFO:colcon.colcon_core.shell:Creating package script '/home/parallels/practica_ROS/ros2_prac2_ws/install/interfaces/share/interfaces/package.sh'
[0.847s] INFO:colcon.colcon_core.shell:Creating package script '/home/parallels/practica_ROS/ros2_prac2_ws/install/interfaces/share/interfaces/package.bash'
[0.847s] INFO:colcon.colcon_core.shell:Creating package script '/home/parallels/practica_ROS/ros2_prac2_ws/install/interfaces/share/interfaces/package.zsh'
[0.848s] Level 1:colcon.colcon_core.environment:create_file_with_runtime_dependencies(/home/parallels/practica_ROS/ros2_prac2_ws/install/interfaces/share/colcon-core/packages/interfaces)
[0.849s] Level 1:colcon.colcon_core.environment:create_environment_scripts_only(interfaces)
[0.849s] Level 1:colcon.colcon_core.environment:checking '/home/parallels/practica_ROS/ros2_prac2_ws/install/interfaces' for CMake module files
[0.851s] Level 1:colcon.colcon_core.environment:checking '/home/parallels/practica_ROS/ros2_prac2_ws/install/interfaces' for CMake config files
[0.852s] Level 1:colcon.colcon_core.shell:create_environment_hook('interfaces', 'cmake_prefix_path')
[0.852s] INFO:colcon.colcon_core.shell:Creating environment hook '/home/parallels/practica_ROS/ros2_prac2_ws/install/interfaces/share/interfaces/hook/cmake_prefix_path.ps1'
[0.853s] INFO:colcon.colcon_core.shell:Creating environment descriptor '/home/parallels/practica_ROS/ros2_prac2_ws/install/interfaces/share/interfaces/hook/cmake_prefix_path.dsv'
[0.854s] INFO:colcon.colcon_core.shell:Creating environment hook '/home/parallels/practica_ROS/ros2_prac2_ws/install/interfaces/share/interfaces/hook/cmake_prefix_path.sh'
[0.854s] Level 1:colcon.colcon_core.environment:checking '/home/parallels/practica_ROS/ros2_prac2_ws/install/interfaces/lib'
[0.855s] Level 1:colcon.colcon_core.shell:create_environment_hook('interfaces', 'ld_library_path_lib')
[0.855s] INFO:colcon.colcon_core.shell:Creating environment hook '/home/parallels/practica_ROS/ros2_prac2_ws/install/interfaces/share/interfaces/hook/ld_library_path_lib.ps1'
[0.855s] INFO:colcon.colcon_core.shell:Creating environment descriptor '/home/parallels/practica_ROS/ros2_prac2_ws/install/interfaces/share/interfaces/hook/ld_library_path_lib.dsv'
[0.855s] INFO:colcon.colcon_core.shell:Creating environment hook '/home/parallels/practica_ROS/ros2_prac2_ws/install/interfaces/share/interfaces/hook/ld_library_path_lib.sh'
[0.855s] Level 1:colcon.colcon_core.environment:checking '/home/parallels/practica_ROS/ros2_prac2_ws/install/interfaces/bin'
[0.855s] Level 1:colcon.colcon_core.environment:checking '/home/parallels/practica_ROS/ros2_prac2_ws/install/interfaces/lib/pkgconfig/interfaces.pc'
[0.856s] Level 1:colcon.colcon_core.environment:checking '/home/parallels/practica_ROS/ros2_prac2_ws/install/interfaces/lib/python3.8/site-packages'
[0.856s] Level 1:colcon.colcon_core.shell:create_environment_hook('interfaces', 'pythonpath')
[0.856s] INFO:colcon.colcon_core.shell:Creating environment hook '/home/parallels/practica_ROS/ros2_prac2_ws/install/interfaces/share/interfaces/hook/pythonpath.ps1'
[0.856s] INFO:colcon.colcon_core.shell:Creating environment descriptor '/home/parallels/practica_ROS/ros2_prac2_ws/install/interfaces/share/interfaces/hook/pythonpath.dsv'
[0.857s] INFO:colcon.colcon_core.shell:Creating environment hook '/home/parallels/practica_ROS/ros2_prac2_ws/install/interfaces/share/interfaces/hook/pythonpath.sh'
[0.857s] Level 1:colcon.colcon_core.environment:checking '/home/parallels/practica_ROS/ros2_prac2_ws/install/interfaces/bin'
[0.858s] INFO:colcon.colcon_core.shell:Creating package script '/home/parallels/practica_ROS/ros2_prac2_ws/install/interfaces/share/interfaces/package.ps1'
[0.858s] INFO:colcon.colcon_core.shell:Creating package descriptor '/home/parallels/practica_ROS/ros2_prac2_ws/install/interfaces/share/interfaces/package.dsv'
[0.858s] INFO:colcon.colcon_core.shell:Creating package script '/home/parallels/practica_ROS/ros2_prac2_ws/install/interfaces/share/interfaces/package.sh'
[0.859s] INFO:colcon.colcon_core.shell:Creating package script '/home/parallels/practica_ROS/ros2_prac2_ws/install/interfaces/share/interfaces/package.bash'
[0.859s] INFO:colcon.colcon_core.shell:Creating package script '/home/parallels/practica_ROS/ros2_prac2_ws/install/interfaces/share/interfaces/package.zsh'
[0.859s] Level 1:colcon.colcon_core.environment:create_file_with_runtime_dependencies(/home/parallels/practica_ROS/ros2_prac2_ws/install/interfaces/share/colcon-core/packages/interfaces)
[0.861s] INFO:colcon.colcon_ros.task.ament_cmake.build:Building ROS package in '/home/parallels/practica_ROS/ros2_prac2_ws/src/cpp_nodes' with build type 'ament_cmake'
[0.861s] INFO:colcon.colcon_cmake.task.cmake.build:Building CMake package in '/home/parallels/practica_ROS/ros2_prac2_ws/src/cpp_nodes'
[0.861s] INFO:colcon.colcon_core.shell:Skip shell extension 'powershell' for command environment: Not usable outside of PowerShell
[0.861s] DEBUG:colcon.colcon_core.shell:Skip shell extension 'dsv' for command environment
[0.875s] DEBUG:colcon.colcon_core.event_handler.log_command:Invoking command in '/home/parallels/practica_ROS/ros2_prac2_ws/build/cpp_nodes': CMAKE_PREFIX_PATH=/home/parallels/practica_ROS/ros2_prac2_ws/install/interfaces:/home/parallels/practica_ROS/ros2_prac2_ws/install/cpp_nodes:/opt/ros/foxy /usr/bin/cmake --build /home/parallels/practica_ROS/ros2_prac2_ws/build/cpp_nodes -- -j2 -l2
[3.240s] DEBUG:colcon.colcon_core.event_handler.log_command:Invoked command in '/home/parallels/practica_ROS/ros2_prac2_ws/build/cpp_nodes' returned '0': CMAKE_PREFIX_PATH=/home/parallels/practica_ROS/ros2_prac2_ws/install/interfaces:/home/parallels/practica_ROS/ros2_prac2_ws/install/cpp_nodes:/opt/ros/foxy /usr/bin/cmake --build /home/parallels/practica_ROS/ros2_prac2_ws/build/cpp_nodes -- -j2 -l2
[3.243s] DEBUG:colcon.colcon_core.event_handler.log_command:Invoking command in '/home/parallels/practica_ROS/ros2_prac2_ws/build/cpp_nodes': CMAKE_PREFIX_PATH=/home/parallels/practica_ROS/ros2_prac2_ws/install/interfaces:/home/parallels/practica_ROS/ros2_prac2_ws/install/cpp_nodes:/opt/ros/foxy /usr/bin/cmake --install /home/parallels/practica_ROS/ros2_prac2_ws/build/cpp_nodes
[3.256s] Level 1:colcon.colcon_core.environment:create_environment_scripts_only(cpp_nodes)
[3.256s] DEBUG:colcon.colcon_core.event_handler.log_command:Invoked command in '/home/parallels/practica_ROS/ros2_prac2_ws/build/cpp_nodes' returned '0': CMAKE_PREFIX_PATH=/home/parallels/practica_ROS/ros2_prac2_ws/install/interfaces:/home/parallels/practica_ROS/ros2_prac2_ws/install/cpp_nodes:/opt/ros/foxy /usr/bin/cmake --install /home/parallels/practica_ROS/ros2_prac2_ws/build/cpp_nodes
[3.257s] Level 1:colcon.colcon_core.environment:checking '/home/parallels/practica_ROS/ros2_prac2_ws/install/cpp_nodes' for CMake module files
[3.257s] Level 1:colcon.colcon_core.environment:checking '/home/parallels/practica_ROS/ros2_prac2_ws/install/cpp_nodes' for CMake config files
[3.257s] Level 1:colcon.colcon_core.shell:create_environment_hook('cpp_nodes', 'cmake_prefix_path')
[3.257s] INFO:colcon.colcon_core.shell:Creating environment hook '/home/parallels/practica_ROS/ros2_prac2_ws/install/cpp_nodes/share/cpp_nodes/hook/cmake_prefix_path.ps1'
[3.258s] INFO:colcon.colcon_core.shell:Creating environment descriptor '/home/parallels/practica_ROS/ros2_prac2_ws/install/cpp_nodes/share/cpp_nodes/hook/cmake_prefix_path.dsv'
[3.259s] INFO:colcon.colcon_core.shell:Creating environment hook '/home/parallels/practica_ROS/ros2_prac2_ws/install/cpp_nodes/share/cpp_nodes/hook/cmake_prefix_path.sh'
[3.262s] Level 1:colcon.colcon_core.environment:checking '/home/parallels/practica_ROS/ros2_prac2_ws/install/cpp_nodes/lib'
[3.262s] Level 1:colcon.colcon_core.environment:checking '/home/parallels/practica_ROS/ros2_prac2_ws/install/cpp_nodes/bin'
[3.262s] Level 1:colcon.colcon_core.environment:checking '/home/parallels/practica_ROS/ros2_prac2_ws/install/cpp_nodes/lib/pkgconfig/cpp_nodes.pc'
[3.265s] Level 1:colcon.colcon_core.environment:checking '/home/parallels/practica_ROS/ros2_prac2_ws/install/cpp_nodes/lib/python3.8/site-packages'
[3.267s] Level 1:colcon.colcon_core.environment:checking '/home/parallels/practica_ROS/ros2_prac2_ws/install/cpp_nodes/bin'
[3.267s] INFO:colcon.colcon_core.shell:Creating package script '/home/parallels/practica_ROS/ros2_prac2_ws/install/cpp_nodes/share/cpp_nodes/package.ps1'
[3.268s] INFO:colcon.colcon_core.shell:Creating package descriptor '/home/parallels/practica_ROS/ros2_prac2_ws/install/cpp_nodes/share/cpp_nodes/package.dsv'
[3.268s] INFO:colcon.colcon_core.shell:Creating package script '/home/parallels/practica_ROS/ros2_prac2_ws/install/cpp_nodes/share/cpp_nodes/package.sh'
[3.268s] INFO:colcon.colcon_core.shell:Creating package script '/home/parallels/practica_ROS/ros2_prac2_ws/install/cpp_nodes/share/cpp_nodes/package.bash'
[3.268s] INFO:colcon.colcon_core.shell:Creating package script '/home/parallels/practica_ROS/ros2_prac2_ws/install/cpp_nodes/share/cpp_nodes/package.zsh'
[3.277s] Level 1:colcon.colcon_core.environment:create_file_with_runtime_dependencies(/home/parallels/practica_ROS/ros2_prac2_ws/install/cpp_nodes/share/colcon-core/packages/cpp_nodes)
[3.277s] Level 1:colcon.colcon_core.environment:create_environment_scripts_only(cpp_nodes)
[3.278s] Level 1:colcon.colcon_core.environment:checking '/home/parallels/practica_ROS/ros2_prac2_ws/install/cpp_nodes' for CMake module files
[3.286s] Level 1:colcon.colcon_core.environment:checking '/home/parallels/practica_ROS/ros2_prac2_ws/install/cpp_nodes' for CMake config files
[3.287s] Level 1:colcon.colcon_core.shell:create_environment_hook('cpp_nodes', 'cmake_prefix_path')
[3.287s] INFO:colcon.colcon_core.shell:Creating environment hook '/home/parallels/practica_ROS/ros2_prac2_ws/install/cpp_nodes/share/cpp_nodes/hook/cmake_prefix_path.ps1'
[3.288s] INFO:colcon.colcon_core.shell:Creating environment descriptor '/home/parallels/practica_ROS/ros2_prac2_ws/install/cpp_nodes/share/cpp_nodes/hook/cmake_prefix_path.dsv'
[3.288s] INFO:colcon.colcon_core.shell:Creating environment hook '/home/parallels/practica_ROS/ros2_prac2_ws/install/cpp_nodes/share/cpp_nodes/hook/cmake_prefix_path.sh'
[3.288s] Level 1:colcon.colcon_core.environment:checking '/home/parallels/practica_ROS/ros2_prac2_ws/install/cpp_nodes/lib'
[3.288s] Level 1:colcon.colcon_core.environment:checking '/home/parallels/practica_ROS/ros2_prac2_ws/install/cpp_nodes/bin'
[3.288s] Level 1:colcon.colcon_core.environment:checking '/home/parallels/practica_ROS/ros2_prac2_ws/install/cpp_nodes/lib/pkgconfig/cpp_nodes.pc'
[3.290s] Level 1:colcon.colcon_core.environment:checking '/home/parallels/practica_ROS/ros2_prac2_ws/install/cpp_nodes/lib/python3.8/site-packages'
[3.290s] Level 1:colcon.colcon_core.environment:checking '/home/parallels/practica_ROS/ros2_prac2_ws/install/cpp_nodes/bin'
[3.290s] INFO:colcon.colcon_core.shell:Creating package script '/home/parallels/practica_ROS/ros2_prac2_ws/install/cpp_nodes/share/cpp_nodes/package.ps1'
[3.291s] INFO:colcon.colcon_core.shell:Creating package descriptor '/home/parallels/practica_ROS/ros2_prac2_ws/install/cpp_nodes/share/cpp_nodes/package.dsv'
[3.291s] INFO:colcon.colcon_core.shell:Creating package script '/home/parallels/practica_ROS/ros2_prac2_ws/install/cpp_nodes/share/cpp_nodes/package.sh'
[3.292s] INFO:colcon.colcon_core.shell:Creating package script '/home/parallels/practica_ROS/ros2_prac2_ws/install/cpp_nodes/share/cpp_nodes/package.bash'
[3.292s] INFO:colcon.colcon_core.shell:Creating package script '/home/parallels/practica_ROS/ros2_prac2_ws/install/cpp_nodes/share/cpp_nodes/package.zsh'
[3.293s] Level 1:colcon.colcon_core.environment:create_file_with_runtime_dependencies(/home/parallels/practica_ROS/ros2_prac2_ws/install/cpp_nodes/share/colcon-core/packages/cpp_nodes)
[3.294s] DEBUG:colcon.colcon_parallel_executor.executor.parallel:closing loop
[3.295s] DEBUG:colcon.colcon_parallel_executor.executor.parallel:loop closed
[3.295s] DEBUG:colcon.colcon_parallel_executor.executor.parallel:run_until_complete finished with '0'
[3.295s] DEBUG:colcon.colcon_core.event_reactor:joining thread
[3.304s] INFO:colcon.colcon_core.plugin_system:Skipping extension 'colcon_notification.desktop_notification.terminal_notifier': Not used on non-Darwin systems
[3.304s] INFO:colcon.colcon_core.plugin_system:Skipping extension 'colcon_notification.desktop_notification.win32': Not used on non-Windows systems
[3.304s] INFO:colcon.colcon_notification.desktop_notification:Sending desktop notification using 'notify2'
[3.330s] DEBUG:colcon.colcon_core.event_reactor:joined thread
[3.330s] INFO:colcon.colcon_core.shell:Creating prefix script '/home/parallels/practica_ROS/ros2_prac2_ws/install/local_setup.ps1'
[3.332s] INFO:colcon.colcon_core.shell:Creating prefix util module '/home/parallels/practica_ROS/ros2_prac2_ws/install/_local_setup_util_ps1.py'
[3.333s] INFO:colcon.colcon_core.shell:Creating prefix chain script '/home/parallels/practica_ROS/ros2_prac2_ws/install/setup.ps1'
[3.334s] INFO:colcon.colcon_core.shell:Creating prefix script '/home/parallels/practica_ROS/ros2_prac2_ws/install/local_setup.sh'
[3.335s] INFO:colcon.colcon_core.shell:Creating prefix util module '/home/parallels/practica_ROS/ros2_prac2_ws/install/_local_setup_util_sh.py'
[3.335s] INFO:colcon.colcon_core.shell:Creating prefix chain script '/home/parallels/practica_ROS/ros2_prac2_ws/install/setup.sh'
[3.337s] INFO:colcon.colcon_core.shell:Creating prefix script '/home/parallels/practica_ROS/ros2_prac2_ws/install/local_setup.bash'
[3.338s] INFO:colcon.colcon_core.shell:Creating prefix chain script '/home/parallels/practica_ROS/ros2_prac2_ws/install/setup.bash'
[3.338s] INFO:colcon.colcon_core.shell:Creating prefix script '/home/parallels/practica_ROS/ros2_prac2_ws/install/local_setup.zsh'
[3.339s] INFO:colcon.colcon_core.shell:Creating prefix chain script '/home/parallels/practica_ROS/ros2_prac2_ws/install/setup.zsh'
