[0.190s] DEBUG:colcon:Command line arguments: ['/usr/bin/colcon', 'build']
[0.190s] DEBUG:colcon:Parsed command line arguments: Namespace(allow_overriding=[], ament_cmake_args=None, base_paths=['.'], build_base='build', catkin_cmake_args=None, catkin_skip_building_tests=False, cmake_args=None, cmake_clean_cache=False, cmake_clean_first=False, cmake_force_configure=False, cmake_target=None, cmake_target_skip_unavailable=False, continue_on_error=False, event_handlers=None, executor='parallel', ignore_user_meta=False, install_base='install', log_base=None, log_level=None, main=<bound method BuildVerb.main of <colcon_core.verb.build.BuildVerb object at 0xffffba180040>>, merge_install=False, metas=['./colcon.meta'], packages_above=None, packages_above_and_dependencies=None, packages_above_depth=None, packages_end=None, packages_ignore=None, packages_ignore_regex=None, packages_select=None, packages_select_build_failed=False, packages_select_by_dep=None, packages_select_regex=None, packages_select_test_failures=False, packages_skip=None, packages_skip_build_finished=False, packages_skip_by_dep=None, packages_skip_regex=None, packages_skip_test_passed=False, packages_skip_up_to=None, packages_start=None, packages_up_to=None, packages_up_to_regex=None, parallel_workers=2, paths=None, symlink_install=False, test_result_base=None, verb_extension=<colcon_core.verb.build.BuildVerb object at 0xffffba180040>, verb_name='build', verb_parser=<colcon_defaults.argument_parser.defaults.DefaultArgumentsDecorator object at 0xffffb9fd7370>)
[0.294s] Level 1:colcon.colcon_core.package_discovery:discover_packages(colcon_meta) check parameters
[0.294s] Level 1:colcon.colcon_core.package_discovery:discover_packages(recursive) check parameters
[0.294s] Level 1:colcon.colcon_core.package_discovery:discover_packages(ignore) check parameters
[0.294s] Level 1:colcon.colcon_core.package_discovery:discover_packages(path) check parameters
[0.294s] Level 1:colcon.colcon_core.package_discovery:discover_packages(colcon_meta) discover
[0.294s] Level 1:colcon.colcon_core.package_discovery:discover_packages(recursive) discover
[0.294s] INFO:colcon.colcon_core.package_discovery:Crawling recursively for packages in '/home/parallels/practica_ROS/ros2_prac2_ws'
[0.294s] Level 1:colcon.colcon_core.package_identification:_identify(.) by extensions ['ignore', 'ignore_ament_install']
[0.294s] Level 1:colcon.colcon_core.package_identification:_identify(.) by extension 'ignore'
[0.294s] Level 1:colcon.colcon_core.package_identification:_identify(.) by extension 'ignore_ament_install'
[0.294s] Level 1:colcon.colcon_core.package_identification:_identify(.) by extensions ['colcon_pkg']
[0.294s] Level 1:colcon.colcon_core.package_identification:_identify(.) by extension 'colcon_pkg'
[0.294s] Level 1:colcon.colcon_core.package_identification:_identify(.) by extensions ['colcon_meta']
[0.294s] Level 1:colcon.colcon_core.package_identification:_identify(.) by extension 'colcon_meta'
[0.294s] Level 1:colcon.colcon_core.package_identification:_identify(.) by extensions ['ros']
[0.294s] Level 1:colcon.colcon_core.package_identification:_identify(.) by extension 'ros'
[0.305s] Level 1:colcon.colcon_core.package_identification:_identify(.) by extensions ['cmake', 'python']
[0.305s] Level 1:colcon.colcon_core.package_identification:_identify(.) by extension 'cmake'
[0.305s] Level 1:colcon.colcon_core.package_identification:_identify(.) by extension 'python'
[0.305s] Level 1:colcon.colcon_core.package_identification:_identify(.) by extensions ['python_setup_py']
[0.305s] Level 1:colcon.colcon_core.package_identification:_identify(.) by extension 'python_setup_py'
[0.305s] Level 1:colcon.colcon_core.package_identification:_identify(build) by extensions ['ignore', 'ignore_ament_install']
[0.305s] Level 1:colcon.colcon_core.package_identification:_identify(build) by extension 'ignore'
[0.305s] Level 1:colcon.colcon_core.package_identification:_identify(build) ignored
[0.305s] Level 1:colcon.colcon_core.package_identification:_identify(install) by extensions ['ignore', 'ignore_ament_install']
[0.305s] Level 1:colcon.colcon_core.package_identification:_identify(install) by extension 'ignore'
[0.305s] Level 1:colcon.colcon_core.package_identification:_identify(install) ignored
[0.306s] Level 1:colcon.colcon_core.package_identification:_identify(log) by extensions ['ignore', 'ignore_ament_install']
[0.306s] Level 1:colcon.colcon_core.package_identification:_identify(log) by extension 'ignore'
[0.306s] Level 1:colcon.colcon_core.package_identification:_identify(log) ignored
[0.306s] Level 1:colcon.colcon_core.package_identification:_identify(src) by extensions ['ignore', 'ignore_ament_install']
[0.306s] Level 1:colcon.colcon_core.package_identification:_identify(src) by extension 'ignore'
[0.306s] Level 1:colcon.colcon_core.package_identification:_identify(src) by extension 'ignore_ament_install'
[0.306s] Level 1:colcon.colcon_core.package_identification:_identify(src) by extensions ['colcon_pkg']
[0.306s] Level 1:colcon.colcon_core.package_identification:_identify(src) by extension 'colcon_pkg'
[0.306s] Level 1:colcon.colcon_core.package_identification:_identify(src) by extensions ['colcon_meta']
[0.306s] Level 1:colcon.colcon_core.package_identification:_identify(src) by extension 'colcon_meta'
[0.306s] Level 1:colcon.colcon_core.package_identification:_identify(src) by extensions ['ros']
[0.306s] Level 1:colcon.colcon_core.package_identification:_identify(src) by extension 'ros'
[0.306s] Level 1:colcon.colcon_core.package_identification:_identify(src) by extensions ['cmake', 'python']
[0.306s] Level 1:colcon.colcon_core.package_identification:_identify(src) by extension 'cmake'
[0.306s] Level 1:colcon.colcon_core.package_identification:_identify(src) by extension 'python'
[0.306s] Level 1:colcon.colcon_core.package_identification:_identify(src) by extensions ['python_setup_py']
[0.306s] Level 1:colcon.colcon_core.package_identification:_identify(src) by extension 'python_setup_py'
[0.306s] Level 1:colcon.colcon_core.package_identification:_identify(src/cpp_nodes) by extensions ['ignore', 'ignore_ament_install']
[0.306s] Level 1:colcon.colcon_core.package_identification:_identify(src/cpp_nodes) by extension 'ignore'
[0.306s] Level 1:colcon.colcon_core.package_identification:_identify(src/cpp_nodes) by extension 'ignore_ament_install'
[0.306s] Level 1:colcon.colcon_core.package_identification:_identify(src/cpp_nodes) by extensions ['colcon_pkg']
[0.306s] Level 1:colcon.colcon_core.package_identification:_identify(src/cpp_nodes) by extension 'colcon_pkg'
[0.306s] Level 1:colcon.colcon_core.package_identification:_identify(src/cpp_nodes) by extensions ['colcon_meta']
[0.306s] Level 1:colcon.colcon_core.package_identification:_identify(src/cpp_nodes) by extension 'colcon_meta'
[0.306s] Level 1:colcon.colcon_core.package_identification:_identify(src/cpp_nodes) by extensions ['ros']
[0.306s] Level 1:colcon.colcon_core.package_identification:_identify(src/cpp_nodes) by extension 'ros'
[0.308s] DEBUG:colcon.colcon_core.package_identification:Package 'src/cpp_nodes' with type 'ros.ament_cmake' and name 'cpp_nodes'
[0.308s] Level 1:colcon.colcon_core.package_identification:_identify(src/interfaces) by extensions ['ignore', 'ignore_ament_install']
[0.308s] Level 1:colcon.colcon_core.package_identification:_identify(src/interfaces) by extension 'ignore'
[0.308s] Level 1:colcon.colcon_core.package_identification:_identify(src/interfaces) by extension 'ignore_ament_install'
[0.308s] Level 1:colcon.colcon_core.package_identification:_identify(src/interfaces) by extensions ['colcon_pkg']
[0.308s] Level 1:colcon.colcon_core.package_identification:_identify(src/interfaces) by extension 'colcon_pkg'
[0.308s] Level 1:colcon.colcon_core.package_identification:_identify(src/interfaces) by extensions ['colcon_meta']
[0.308s] Level 1:colcon.colcon_core.package_identification:_identify(src/interfaces) by extension 'colcon_meta'
[0.308s] Level 1:colcon.colcon_core.package_identification:_identify(src/interfaces) by extensions ['ros']
[0.308s] Level 1:colcon.colcon_core.package_identification:_identify(src/interfaces) by extension 'ros'
[0.309s] DEBUG:colcon.colcon_core.package_identification:Package 'src/interfaces' with type 'ros.ament_cmake' and name 'interfaces'
[0.309s] Level 1:colcon.colcon_core.package_discovery:discover_packages(recursive) using defaults
[0.309s] Level 1:colcon.colcon_core.package_discovery:discover_packages(ignore) discover
[0.309s] Level 1:colcon.colcon_core.package_discovery:discover_packages(ignore) using defaults
[0.309s] Level 1:colcon.colcon_core.package_discovery:discover_packages(path) discover
[0.309s] Level 1:colcon.colcon_core.package_discovery:discover_packages(path) using defaults
[0.323s] Level 1:colcon.colcon_core.package_discovery:discover_packages(prefix_path) check parameters
[0.323s] Level 1:colcon.colcon_core.package_discovery:discover_packages(prefix_path) discover
[0.324s] DEBUG:colcon.colcon_installed_package_information.package_discovery:Found 2 installed packages in /home/parallels/practica_ROS/ros2_prac2_ws/install
[0.325s] DEBUG:colcon.colcon_installed_package_information.package_discovery:Found 256 installed packages in /opt/ros/foxy
[0.326s] Level 1:colcon.colcon_core.package_discovery:discover_packages(prefix_path) using defaults
[0.382s] Level 5:colcon.colcon_core.verb:set package 'interfaces' build argument 'cmake_args' from command line to 'None'
[0.383s] Level 5:colcon.colcon_core.verb:set package 'interfaces' build argument 'cmake_target' from command line to 'None'
[0.383s] Level 5:colcon.colcon_core.verb:set package 'interfaces' build argument 'cmake_target_skip_unavailable' from command line to 'False'
[0.383s] Level 5:colcon.colcon_core.verb:set package 'interfaces' build argument 'cmake_clean_cache' from command line to 'False'
[0.383s] Level 5:colcon.colcon_core.verb:set package 'interfaces' build argument 'cmake_clean_first' from command line to 'False'
[0.383s] Level 5:colcon.colcon_core.verb:set package 'interfaces' build argument 'cmake_force_configure' from command line to 'False'
[0.383s] Level 5:colcon.colcon_core.verb:set package 'interfaces' build argument 'ament_cmake_args' from command line to 'None'
[0.383s] Level 5:colcon.colcon_core.verb:set package 'interfaces' build argument 'catkin_cmake_args' from command line to 'None'
[0.383s] Level 5:colcon.colcon_core.verb:set package 'interfaces' build argument 'catkin_skip_building_tests' from command line to 'False'
[0.383s] DEBUG:colcon.colcon_core.verb:Building package 'interfaces' with the following arguments: {'ament_cmake_args': None, 'build_base': '/home/parallels/practica_ROS/ros2_prac2_ws/build/interfaces', 'catkin_cmake_args': None, 'catkin_skip_building_tests': False, 'cmake_args': None, 'cmake_clean_cache': False, 'cmake_clean_first': False, 'cmake_force_configure': False, 'cmake_target': None, 'cmake_target_skip_unavailable': False, 'install_base': '/home/parallels/practica_ROS/ros2_prac2_ws/install/interfaces', 'merge_install': False, 'path': '/home/parallels/practica_ROS/ros2_prac2_ws/src/interfaces', 'symlink_install': False, 'test_result_base': None}
[0.383s] Level 5:colcon.colcon_core.verb:set package 'cpp_nodes' build argument 'cmake_args' from command line to 'None'
[0.383s] Level 5:colcon.colcon_core.verb:set package 'cpp_nodes' build argument 'cmake_target' from command line to 'None'
[0.383s] Level 5:colcon.colcon_core.verb:set package 'cpp_nodes' build argument 'cmake_target_skip_unavailable' from command line to 'False'
[0.383s] Level 5:colcon.colcon_core.verb:set package 'cpp_nodes' build argument 'cmake_clean_cache' from command line to 'False'
[0.383s] Level 5:colcon.colcon_core.verb:set package 'cpp_nodes' build argument 'cmake_clean_first' from command line to 'False'
[0.383s] Level 5:colcon.colcon_core.verb:set package 'cpp_nodes' build argument 'cmake_force_configure' from command line to 'False'
[0.383s] Level 5:colcon.colcon_core.verb:set package 'cpp_nodes' build argument 'ament_cmake_args' from command line to 'None'
[0.383s] Level 5:colcon.colcon_core.verb:set package 'cpp_nodes' build argument 'catkin_cmake_args' from command line to 'None'
[0.383s] Level 5:colcon.colcon_core.verb:set package 'cpp_nodes' build argument 'catkin_skip_building_tests' from command line to 'False'
[0.383s] DEBUG:colcon.colcon_core.verb:Building package 'cpp_nodes' with the following arguments: {'ament_cmake_args': None, 'build_base': '/home/parallels/practica_ROS/ros2_prac2_ws/build/cpp_nodes', 'catkin_cmake_args': None, 'catkin_skip_building_tests': False, 'cmake_args': None, 'cmake_clean_cache': False, 'cmake_clean_first': False, 'cmake_force_configure': False, 'cmake_target': None, 'cmake_target_skip_unavailable': False, 'install_base': '/home/parallels/practica_ROS/ros2_prac2_ws/install/cpp_nodes', 'merge_install': False, 'path': '/home/parallels/practica_ROS/ros2_prac2_ws/src/cpp_nodes', 'symlink_install': False, 'test_result_base': None}
[0.383s] INFO:colcon.colcon_core.executor:Executing jobs using 'parallel' executor
[0.384s] DEBUG:colcon.colcon_parallel_executor.executor.parallel:run_until_complete
[0.384s] INFO:colcon.colcon_ros.task.ament_cmake.build:Building ROS package in '/home/parallels/practica_ROS/ros2_prac2_ws/src/interfaces' with build type 'ament_cmake'
[0.385s] INFO:colcon.colcon_cmake.task.cmake.build:Building CMake package in '/home/parallels/practica_ROS/ros2_prac2_ws/src/interfaces'
[0.387s] INFO:colcon.colcon_core.plugin_system:Skipping extension 'colcon_core.shell.bat': Not used on non-Windows systems
[0.387s] INFO:colcon.colcon_core.shell:Skip shell extension 'powershell' for command environment: Not usable outside of PowerShell
[0.387s] DEBUG:colcon.colcon_core.shell:Skip shell extension 'dsv' for command environment
[0.394s] DEBUG:colcon.colcon_core.event_handler.log_command:Invoking command in '/home/parallels/practica_ROS/ros2_prac2_ws/build/interfaces': CMAKE_PREFIX_PATH=${CMAKE_PREFIX_PATH}:/opt/ros/foxy /usr/bin/cmake --build /home/parallels/practica_ROS/ros2_prac2_ws/build/interfaces -- -j2 -l2
[0.716s] DEBUG:colcon.colcon_core.event_handler.log_command:Invoked command in '/home/parallels/practica_ROS/ros2_prac2_ws/build/interfaces' returned '0': CMAKE_PREFIX_PATH=${CMAKE_PREFIX_PATH}:/opt/ros/foxy /usr/bin/cmake --build /home/parallels/practica_ROS/ros2_prac2_ws/build/interfaces -- -j2 -l2
[0.723s] DEBUG:colcon.colcon_core.event_handler.log_command:Invoking command in '/home/parallels/practica_ROS/ros2_prac2_ws/build/interfaces': CMAKE_PREFIX_PATH=${CMAKE_PREFIX_PATH}:/opt/ros/foxy /usr/bin/cmake --install /home/parallels/practica_ROS/ros2_prac2_ws/build/interfaces
[0.773s] Level 1:colcon.colcon_core.environment:create_environment_scripts_only(interfaces)
[0.775s] DEBUG:colcon.colcon_core.event_handler.log_command:Invoked command in '/home/parallels/practica_ROS/ros2_prac2_ws/build/interfaces' returned '0': CMAKE_PREFIX_PATH=${CMAKE_PREFIX_PATH}:/opt/ros/foxy /usr/bin/cmake --install /home/parallels/practica_ROS/ros2_prac2_ws/build/interfaces
[0.779s] Level 1:colcon.colcon_core.environment:checking '/home/parallels/practica_ROS/ros2_prac2_ws/install/interfaces' for CMake module files
[0.779s] Level 1:colcon.colcon_core.environment:checking '/home/parallels/practica_ROS/ros2_prac2_ws/install/interfaces' for CMake config files
[0.779s] Level 1:colcon.colcon_core.shell:create_environment_hook('interfaces', 'cmake_prefix_path')
[0.780s] INFO:colcon.colcon_core.shell:Creating environment hook '/home/parallels/practica_ROS/ros2_prac2_ws/install/interfaces/share/interfaces/hook/cmake_prefix_path.ps1'
[0.782s] INFO:colcon.colcon_core.shell:Creating environment descriptor '/home/parallels/practica_ROS/ros2_prac2_ws/install/interfaces/share/interfaces/hook/cmake_prefix_path.dsv'
[0.782s] INFO:colcon.colcon_core.shell:Creating environment hook '/home/parallels/practica_ROS/ros2_prac2_ws/install/interfaces/share/interfaces/hook/cmake_prefix_path.sh'
[0.783s] Level 1:colcon.colcon_core.environment:checking '/home/parallels/practica_ROS/ros2_prac2_ws/install/interfaces/lib'
[0.783s] Level 1:colcon.colcon_core.shell:create_environment_hook('interfaces', 'ld_library_path_lib')
[0.784s] INFO:colcon.colcon_core.shell:Creating environment hook '/home/parallels/practica_ROS/ros2_prac2_ws/install/interfaces/share/interfaces/hook/ld_library_path_lib.ps1'
[0.784s] INFO:colcon.colcon_core.shell:Creating environment descriptor '/home/parallels/practica_ROS/ros2_prac2_ws/install/interfaces/share/interfaces/hook/ld_library_path_lib.dsv'
[0.786s] INFO:colcon.colcon_core.shell:Creating environment hook '/home/parallels/practica_ROS/ros2_prac2_ws/install/interfaces/share/interfaces/hook/ld_library_path_lib.sh'
[0.787s] Level 1:colcon.colcon_core.environment:checking '/home/parallels/practica_ROS/ros2_prac2_ws/install/interfaces/bin'
[0.787s] Level 1:colcon.colcon_core.environment:checking '/home/parallels/practica_ROS/ros2_prac2_ws/install/interfaces/lib/pkgconfig/interfaces.pc'
[0.787s] Level 1:colcon.colcon_core.environment:checking '/home/parallels/practica_ROS/ros2_prac2_ws/install/interfaces/lib/python3.8/site-packages'
[0.787s] Level 1:colcon.colcon_core.shell:create_environment_hook('interfaces', 'pythonpath')
[0.787s] INFO:colcon.colcon_core.shell:Creating environment hook '/home/parallels/practica_ROS/ros2_prac2_ws/install/interfaces/share/interfaces/hook/pythonpath.ps1'
[0.787s] INFO:colcon.colcon_core.shell:Creating environment descriptor '/home/parallels/practica_ROS/ros2_prac2_ws/install/interfaces/share/interfaces/hook/pythonpath.dsv'
[0.787s] INFO:colcon.colcon_core.shell:Creating environment hook '/home/parallels/practica_ROS/ros2_prac2_ws/install/interfaces/share/interfaces/hook/pythonpath.sh'
[0.788s] Level 1:colcon.colcon_core.environment:checking '/home/parallels/practica_ROS/ros2_prac2_ws/install/interfaces/bin'
[0.788s] INFO:colcon.colcon_core.shell:Creating package script '/home/parallels/practica_ROS/ros2_prac2_ws/install/interfaces/share/interfaces/package.ps1'
[0.788s] INFO:colcon.colcon_core.shell:Creating package descriptor '/home/parallels/practica_ROS/ros2_prac2_ws/install/interfaces/share/interfaces/package.dsv'
[0.789s] INFO:colcon.colcon_core.shell:Creating package script '/home/parallels/practica_ROS/ros2_prac2_ws/install/interfaces/share/interfaces/package.sh'
[0.789s] INFO:colcon.colcon_core.shell:Creating package script '/home/parallels/practica_ROS/ros2_prac2_ws/install/interfaces/share/interfaces/package.bash'
[0.791s] INFO:colcon.colcon_core.shell:Creating package script '/home/parallels/practica_ROS/ros2_prac2_ws/install/interfaces/share/interfaces/package.zsh'
[0.791s] Level 1:colcon.colcon_core.environment:create_file_with_runtime_dependencies(/home/parallels/practica_ROS/ros2_prac2_ws/install/interfaces/share/colcon-core/packages/interfaces)
[0.792s] Level 1:colcon.colcon_core.environment:create_environment_scripts_only(interfaces)
[0.792s] Level 1:colcon.colcon_core.environment:checking '/home/parallels/practica_ROS/ros2_prac2_ws/install/interfaces' for CMake module files
[0.795s] Level 1:colcon.colcon_core.environment:checking '/home/parallels/practica_ROS/ros2_prac2_ws/install/interfaces' for CMake config files
[0.795s] Level 1:colcon.colcon_core.shell:create_environment_hook('interfaces', 'cmake_prefix_path')
[0.795s] INFO:colcon.colcon_core.shell:Creating environment hook '/home/parallels/practica_ROS/ros2_prac2_ws/install/interfaces/share/interfaces/hook/cmake_prefix_path.ps1'
[0.796s] INFO:colcon.colcon_core.shell:Creating environment descriptor '/home/parallels/practica_ROS/ros2_prac2_ws/install/interfaces/share/interfaces/hook/cmake_prefix_path.dsv'
[0.796s] INFO:colcon.colcon_core.shell:Creating environment hook '/home/parallels/practica_ROS/ros2_prac2_ws/install/interfaces/share/interfaces/hook/cmake_prefix_path.sh'
[0.799s] Level 1:colcon.colcon_core.environment:checking '/home/parallels/practica_ROS/ros2_prac2_ws/install/interfaces/lib'
[0.799s] Level 1:colcon.colcon_core.shell:create_environment_hook('interfaces', 'ld_library_path_lib')
[0.799s] INFO:colcon.colcon_core.shell:Creating environment hook '/home/parallels/practica_ROS/ros2_prac2_ws/install/interfaces/share/interfaces/hook/ld_library_path_lib.ps1'
[0.799s] INFO:colcon.colcon_core.shell:Creating environment descriptor '/home/parallels/practica_ROS/ros2_prac2_ws/install/interfaces/share/interfaces/hook/ld_library_path_lib.dsv'
[0.799s] INFO:colcon.colcon_core.shell:Creating environment hook '/home/parallels/practica_ROS/ros2_prac2_ws/install/interfaces/share/interfaces/hook/ld_library_path_lib.sh'
[0.800s] Level 1:colcon.colcon_core.environment:checking '/home/parallels/practica_ROS/ros2_prac2_ws/install/interfaces/bin'
[0.800s] Level 1:colcon.colcon_core.environment:checking '/home/parallels/practica_ROS/ros2_prac2_ws/install/interfaces/lib/pkgconfig/interfaces.pc'
[0.802s] Level 1:colcon.colcon_core.environment:checking '/home/parallels/practica_ROS/ros2_prac2_ws/install/interfaces/lib/python3.8/site-packages'
[0.802s] Level 1:colcon.colcon_core.shell:create_environment_hook('interfaces', 'pythonpath')
[0.802s] INFO:colcon.colcon_core.shell:Creating environment hook '/home/parallels/practica_ROS/ros2_prac2_ws/install/interfaces/share/interfaces/hook/pythonpath.ps1'
[0.803s] INFO:colcon.colcon_core.shell:Creating environment descriptor '/home/parallels/practica_ROS/ros2_prac2_ws/install/interfaces/share/interfaces/hook/pythonpath.dsv'
[0.803s] INFO:colcon.colcon_core.shell:Creating environment hook '/home/parallels/practica_ROS/ros2_prac2_ws/install/interfaces/share/interfaces/hook/pythonpath.sh'
[0.803s] Level 1:colcon.colcon_core.environment:checking '/home/parallels/practica_ROS/ros2_prac2_ws/install/interfaces/bin'
[0.803s] INFO:colcon.colcon_core.shell:Creating package script '/home/parallels/practica_ROS/ros2_prac2_ws/install/interfaces/share/interfaces/package.ps1'
[0.804s] INFO:colcon.colcon_core.shell:Creating package descriptor '/home/parallels/practica_ROS/ros2_prac2_ws/install/interfaces/share/interfaces/package.dsv'
[0.804s] INFO:colcon.colcon_core.shell:Creating package script '/home/parallels/practica_ROS/ros2_prac2_ws/install/interfaces/share/interfaces/package.sh'
[0.804s] INFO:colcon.colcon_core.shell:Creating package script '/home/parallels/practica_ROS/ros2_prac2_ws/install/interfaces/share/interfaces/package.bash'
[0.804s] INFO:colcon.colcon_core.shell:Creating package script '/home/parallels/practica_ROS/ros2_prac2_ws/install/interfaces/share/interfaces/package.zsh'
[0.805s] Level 1:colcon.colcon_core.environment:create_file_with_runtime_dependencies(/home/parallels/practica_ROS/ros2_prac2_ws/install/interfaces/share/colcon-core/packages/interfaces)
[0.805s] INFO:colcon.colcon_ros.task.ament_cmake.build:Building ROS package in '/home/parallels/practica_ROS/ros2_prac2_ws/src/cpp_nodes' with build type 'ament_cmake'
[0.805s] INFO:colcon.colcon_cmake.task.cmake.build:Building CMake package in '/home/parallels/practica_ROS/ros2_prac2_ws/src/cpp_nodes'
[0.805s] INFO:colcon.colcon_core.shell:Skip shell extension 'powershell' for command environment: Not usable outside of PowerShell
[0.805s] DEBUG:colcon.colcon_core.shell:Skip shell extension 'dsv' for command environment
[0.818s] DEBUG:colcon.colcon_core.event_handler.log_command:Invoking command in '/home/parallels/practica_ROS/ros2_prac2_ws/build/cpp_nodes': CMAKE_PREFIX_PATH=/home/parallels/practica_ROS/ros2_prac2_ws/install/interfaces:/home/parallels/practica_ROS/ros2_prac2_ws/install/cpp_nodes:/opt/ros/foxy /usr/bin/cmake --build /home/parallels/practica_ROS/ros2_prac2_ws/build/cpp_nodes -- -j2 -l2
[5.562s] DEBUG:colcon.colcon_core.event_handler.log_command:Invoked command in '/home/parallels/practica_ROS/ros2_prac2_ws/build/cpp_nodes' returned '0': CMAKE_PREFIX_PATH=/home/parallels/practica_ROS/ros2_prac2_ws/install/interfaces:/home/parallels/practica_ROS/ros2_prac2_ws/install/cpp_nodes:/opt/ros/foxy /usr/bin/cmake --build /home/parallels/practica_ROS/ros2_prac2_ws/build/cpp_nodes -- -j2 -l2
[5.563s] DEBUG:colcon.colcon_core.event_handler.log_command:Invoking command in '/home/parallels/practica_ROS/ros2_prac2_ws/build/cpp_nodes': CMAKE_PREFIX_PATH=/home/parallels/practica_ROS/ros2_prac2_ws/install/interfaces:/home/parallels/practica_ROS/ros2_prac2_ws/install/cpp_nodes:/opt/ros/foxy /usr/bin/cmake --install /home/parallels/practica_ROS/ros2_prac2_ws/build/cpp_nodes
[5.585s] Level 1:colcon.colcon_core.environment:create_environment_scripts_only(cpp_nodes)
[5.586s] Level 1:colcon.colcon_core.environment:checking '/home/parallels/practica_ROS/ros2_prac2_ws/install/cpp_nodes' for CMake module files
[5.586s] Level 1:colcon.colcon_core.environment:checking '/home/parallels/practica_ROS/ros2_prac2_ws/install/cpp_nodes' for CMake config files
[5.587s] Level 1:colcon.colcon_core.shell:create_environment_hook('cpp_nodes', 'cmake_prefix_path')
[5.587s] INFO:colcon.colcon_core.shell:Creating environment hook '/home/parallels/practica_ROS/ros2_prac2_ws/install/cpp_nodes/share/cpp_nodes/hook/cmake_prefix_path.ps1'
[5.588s] INFO:colcon.colcon_core.shell:Creating environment descriptor '/home/parallels/practica_ROS/ros2_prac2_ws/install/cpp_nodes/share/cpp_nodes/hook/cmake_prefix_path.dsv'
[5.588s] INFO:colcon.colcon_core.shell:Creating environment hook '/home/parallels/practica_ROS/ros2_prac2_ws/install/cpp_nodes/share/cpp_nodes/hook/cmake_prefix_path.sh'
[5.589s] Level 1:colcon.colcon_core.environment:checking '/home/parallels/practica_ROS/ros2_prac2_ws/install/cpp_nodes/lib'
[5.589s] Level 1:colcon.colcon_core.environment:checking '/home/parallels/practica_ROS/ros2_prac2_ws/install/cpp_nodes/bin'
[5.589s] Level 1:colcon.colcon_core.environment:checking '/home/parallels/practica_ROS/ros2_prac2_ws/install/cpp_nodes/lib/pkgconfig/cpp_nodes.pc'
[5.589s] Level 1:colcon.colcon_core.environment:checking '/home/parallels/practica_ROS/ros2_prac2_ws/install/cpp_nodes/lib/python3.8/site-packages'
[5.589s] Level 1:colcon.colcon_core.environment:checking '/home/parallels/practica_ROS/ros2_prac2_ws/install/cpp_nodes/bin'
[5.589s] DEBUG:colcon.colcon_core.event_handler.log_command:Invoked command in '/home/parallels/practica_ROS/ros2_prac2_ws/build/cpp_nodes' returned '0': CMAKE_PREFIX_PATH=/home/parallels/practica_ROS/ros2_prac2_ws/install/interfaces:/home/parallels/practica_ROS/ros2_prac2_ws/install/cpp_nodes:/opt/ros/foxy /usr/bin/cmake --install /home/parallels/practica_ROS/ros2_prac2_ws/build/cpp_nodes
[5.590s] INFO:colcon.colcon_core.shell:Creating package script '/home/parallels/practica_ROS/ros2_prac2_ws/install/cpp_nodes/share/cpp_nodes/package.ps1'
[5.590s] INFO:colcon.colcon_core.shell:Creating package descriptor '/home/parallels/practica_ROS/ros2_prac2_ws/install/cpp_nodes/share/cpp_nodes/package.dsv'
[5.590s] INFO:colcon.colcon_core.shell:Creating package script '/home/parallels/practica_ROS/ros2_prac2_ws/install/cpp_nodes/share/cpp_nodes/package.sh'
[5.590s] INFO:colcon.colcon_core.shell:Creating package script '/home/parallels/practica_ROS/ros2_prac2_ws/install/cpp_nodes/share/cpp_nodes/package.bash'
[5.591s] INFO:colcon.colcon_core.shell:Creating package script '/home/parallels/practica_ROS/ros2_prac2_ws/install/cpp_nodes/share/cpp_nodes/package.zsh'
[5.591s] Level 1:colcon.colcon_core.environment:create_file_with_runtime_dependencies(/home/parallels/practica_ROS/ros2_prac2_ws/install/cpp_nodes/share/colcon-core/packages/cpp_nodes)
[5.591s] Level 1:colcon.colcon_core.environment:create_environment_scripts_only(cpp_nodes)
[5.591s] Level 1:colcon.colcon_core.environment:checking '/home/parallels/practica_ROS/ros2_prac2_ws/install/cpp_nodes' for CMake module files
[5.592s] Level 1:colcon.colcon_core.environment:checking '/home/parallels/practica_ROS/ros2_prac2_ws/install/cpp_nodes' for CMake config files
[5.592s] Level 1:colcon.colcon_core.shell:create_environment_hook('cpp_nodes', 'cmake_prefix_path')
[5.592s] INFO:colcon.colcon_core.shell:Creating environment hook '/home/parallels/practica_ROS/ros2_prac2_ws/install/cpp_nodes/share/cpp_nodes/hook/cmake_prefix_path.ps1'
[5.592s] INFO:colcon.colcon_core.shell:Creating environment descriptor '/home/parallels/practica_ROS/ros2_prac2_ws/install/cpp_nodes/share/cpp_nodes/hook/cmake_prefix_path.dsv'
[5.592s] INFO:colcon.colcon_core.shell:Creating environment hook '/home/parallels/practica_ROS/ros2_prac2_ws/install/cpp_nodes/share/cpp_nodes/hook/cmake_prefix_path.sh'
[5.592s] Level 1:colcon.colcon_core.environment:checking '/home/parallels/practica_ROS/ros2_prac2_ws/install/cpp_nodes/lib'
[5.592s] Level 1:colcon.colcon_core.environment:checking '/home/parallels/practica_ROS/ros2_prac2_ws/install/cpp_nodes/bin'
[5.592s] Level 1:colcon.colcon_core.environment:checking '/home/parallels/practica_ROS/ros2_prac2_ws/install/cpp_nodes/lib/pkgconfig/cpp_nodes.pc'
[5.593s] Level 1:colcon.colcon_core.environment:checking '/home/parallels/practica_ROS/ros2_prac2_ws/install/cpp_nodes/lib/python3.8/site-packages'
[5.593s] Level 1:colcon.colcon_core.environment:checking '/home/parallels/practica_ROS/ros2_prac2_ws/install/cpp_nodes/bin'
[5.593s] INFO:colcon.colcon_core.shell:Creating package script '/home/parallels/practica_ROS/ros2_prac2_ws/install/cpp_nodes/share/cpp_nodes/package.ps1'
[5.593s] INFO:colcon.colcon_core.shell:Creating package descriptor '/home/parallels/practica_ROS/ros2_prac2_ws/install/cpp_nodes/share/cpp_nodes/package.dsv'
[5.593s] INFO:colcon.colcon_core.shell:Creating package script '/home/parallels/practica_ROS/ros2_prac2_ws/install/cpp_nodes/share/cpp_nodes/package.sh'
[5.593s] INFO:colcon.colcon_core.shell:Creating package script '/home/parallels/practica_ROS/ros2_prac2_ws/install/cpp_nodes/share/cpp_nodes/package.bash'
[5.593s] INFO:colcon.colcon_core.shell:Creating package script '/home/parallels/practica_ROS/ros2_prac2_ws/install/cpp_nodes/share/cpp_nodes/package.zsh'
[5.594s] Level 1:colcon.colcon_core.environment:create_file_with_runtime_dependencies(/home/parallels/practica_ROS/ros2_prac2_ws/install/cpp_nodes/share/colcon-core/packages/cpp_nodes)
[5.594s] DEBUG:colcon.colcon_parallel_executor.executor.parallel:closing loop
[5.594s] DEBUG:colcon.colcon_parallel_executor.executor.parallel:loop closed
[5.594s] DEBUG:colcon.colcon_parallel_executor.executor.parallel:run_until_complete finished with '0'
[5.594s] DEBUG:colcon.colcon_core.event_reactor:joining thread
[5.605s] INFO:colcon.colcon_core.plugin_system:Skipping extension 'colcon_notification.desktop_notification.terminal_notifier': Not used on non-Darwin systems
[5.605s] INFO:colcon.colcon_core.plugin_system:Skipping extension 'colcon_notification.desktop_notification.win32': Not used on non-Windows systems
[5.605s] INFO:colcon.colcon_notification.desktop_notification:Sending desktop notification using 'notify2'
[5.647s] DEBUG:colcon.colcon_core.event_reactor:joined thread
[5.648s] INFO:colcon.colcon_core.shell:Creating prefix script '/home/parallels/practica_ROS/ros2_prac2_ws/install/local_setup.ps1'
[5.649s] INFO:colcon.colcon_core.shell:Creating prefix util module '/home/parallels/practica_ROS/ros2_prac2_ws/install/_local_setup_util_ps1.py'
[5.650s] INFO:colcon.colcon_core.shell:Creating prefix chain script '/home/parallels/practica_ROS/ros2_prac2_ws/install/setup.ps1'
[5.651s] INFO:colcon.colcon_core.shell:Creating prefix script '/home/parallels/practica_ROS/ros2_prac2_ws/install/local_setup.sh'
[5.651s] INFO:colcon.colcon_core.shell:Creating prefix util module '/home/parallels/practica_ROS/ros2_prac2_ws/install/_local_setup_util_sh.py'
[5.652s] INFO:colcon.colcon_core.shell:Creating prefix chain script '/home/parallels/practica_ROS/ros2_prac2_ws/install/setup.sh'
[5.653s] INFO:colcon.colcon_core.shell:Creating prefix script '/home/parallels/practica_ROS/ros2_prac2_ws/install/local_setup.bash'
[5.654s] INFO:colcon.colcon_core.shell:Creating prefix chain script '/home/parallels/practica_ROS/ros2_prac2_ws/install/setup.bash'
[5.655s] INFO:colcon.colcon_core.shell:Creating prefix script '/home/parallels/practica_ROS/ros2_prac2_ws/install/local_setup.zsh'
[5.655s] INFO:colcon.colcon_core.shell:Creating prefix chain script '/home/parallels/practica_ROS/ros2_prac2_ws/install/setup.zsh'
