[0.013s] Invoking command in '/home/parallels/practica_ROS/ros2_prac2_ws/build/cpp_nodes': CMAKE_PREFIX_PATH=/home/parallels/practica_ROS/ros2_prac2_ws/install/interfaces:/home/parallels/practica_ROS/ros2_prac2_ws/install/cpp_nodes:/opt/ros/foxy /usr/bin/cmake --build /home/parallels/practica_ROS/ros2_prac2_ws/build/cpp_nodes -- -j2 -l2
[0.062s] [35m[1mScanning dependencies of target empaquetado_nodo[0m
[0.069s] [35m[1mScanning dependencies of target main_node[0m
[0.108s] [ 20%] [32mBuilding CXX object CMakeFiles/main_node.dir/src/informacion_personal_nodo.cpp.o[0m
[0.121s] [ 40%] [32mBuilding CXX object CMakeFiles/empaquetado_nodo.dir/src/empaquetado_nodo.cpp.o[0m
[1.802s] [01m[K/home/parallels/practica_ROS/ros2_prac2_ws/src/cpp_nodes/src/empaquetado_nodo.cpp:[m[K In constructor ‘[01m[KEmpaquetadoNodo::EmpaquetadoNodo()[m[K’:
[1.804s] [01m[K/home/parallels/practica_ROS/ros2_prac2_ws/src/cpp_nodes/src/empaquetado_nodo.cpp:10:3:[m[K [01;31m[Kerror: [m[K‘[01m[Ksubscription_emocion_[m[K’ was not declared in this scope; did you mean ‘[01m[Krcl_subscription_get_options[m[K’?
[1.804s]    10 |   [01;31m[Ksubscription_emocion_[m[K = this->create_subscription<std_msgs::msg::String>(
[1.804s]       |   [01;31m[K^~~~~~~~~~~~~~~~~~~~~[m[K
[1.804s]       |   [32m[Krcl_subscription_get_options[m[K
[1.805s] [01m[K/home/parallels/practica_ROS/ros2_prac2_ws/src/cpp_nodes/src/empaquetado_nodo.cpp:10:53:[m[K [01;31m[Kerror: [m[K‘[01m[Kstd_msgs[m[K’ was not declared in this scope
[1.805s]    10 |   subscription_emocion_ = this->create_subscription<[01;31m[Kstd_msgs[m[K::msg::String>(
[1.805s]       |                                                     [01;31m[K^~~~~~~~[m[K
[1.805s] [01m[K/home/parallels/practica_ROS/ros2_prac2_ws/src/cpp_nodes/src/empaquetado_nodo.cpp:10:33:[m[K [01;31m[Kerror: [m[Kparse error in template argument list
[1.805s]    10 |   subscription_emocion_ = this->[01;31m[Kcreate_subscription<std_msgs::msg::String>[m[K(
[1.805s]       |                                 [01;31m[K^~~~~~~~~~~~~~~~~~~~~~~~~~~~~~~~~~~~~~~~~~[m[K
[1.806s] [01m[K/home/parallels/practica_ROS/ros2_prac2_ws/src/cpp_nodes/src/empaquetado_nodo.cpp:11:54:[m[K [01;31m[Kerror: [m[K‘[01m[Kemocion_callback[m[K’ is not a member of ‘[01m[KEmpaquetadoNodo[m[K’
[1.806s]    11 |     "topic_emocion", 10, std::bind(&EmpaquetadoNodo::[01;31m[Kemocion_callback[m[K, this, _1));
[1.806s]       |                                                      [01;31m[K^~~~~~~~~~~~~~~~[m[K
[1.806s] [01m[K/home/parallels/practica_ROS/ros2_prac2_ws/src/cpp_nodes/src/empaquetado_nodo.cpp:12:3:[m[K [01;31m[Kerror: [m[Kexpected primary-expression before ‘[01m[K)[m[K’ token
[1.806s]    12 |   [01;31m[K)[m[K
[1.806s]       |   [01;31m[K^[m[K
[1.812s] [01m[K/home/parallels/practica_ROS/ros2_prac2_ws/src/cpp_nodes/src/empaquetado_nodo.cpp:[m[K At global scope:
[1.813s] [01m[K/home/parallels/practica_ROS/ros2_prac2_ws/src/cpp_nodes/src/empaquetado_nodo.cpp:20:46:[m[K [01;31m[Kerror: [m[K‘[01m[Kstd_msgs[m[K’ does not name a type
[1.816s]    20 | void EmpaquetadoNodo::emocion_callback(const [01;31m[Kstd_msgs[m[K::msg::String::SharedPtr msg) const
[1.817s]       |                                              [01;31m[K^~~~~~~~[m[K
[1.817s] [01m[K/home/parallels/practica_ROS/ros2_prac2_ws/src/cpp_nodes/src/empaquetado_nodo.cpp:20:59:[m[K [01;31m[Kerror: [m[Kexpected unqualified-id before ‘[01m[K::[m[K’ token
[1.821s]    20 | void EmpaquetadoNodo::emocion_callback(const std_msgs::msg[01;31m[K::[m[KString::SharedPtr msg) const
[1.821s]       |                                                           [01;31m[K^~[m[K
[1.821s] [01m[K/home/parallels/practica_ROS/ros2_prac2_ws/src/cpp_nodes/src/empaquetado_nodo.cpp:20:59:[m[K [01;31m[Kerror: [m[Kexpected ‘[01m[K)[m[K’ before ‘[01m[K::[m[K’ token
[1.821s]    20 | void EmpaquetadoNodo::emocion_callback[34m[K([m[Kconst std_msgs::msg[01;31m[K:[m[K[32m[K:[m[KString::SharedPtr msg) const
[1.821s]       |                                       [34m[K~[m[K                   [01;31m[K^[m[K[32m[K~[m[K
[1.821s]       |                                                           [32m[K)[m[K
[1.821s] [01m[K/home/parallels/practica_ROS/ros2_prac2_ws/src/cpp_nodes/src/empaquetado_nodo.cpp:20:59:[m[K [01;31m[Kerror: [m[Kexpected initializer before ‘[01m[K::[m[K’ token
[1.821s]    20 | void EmpaquetadoNodo::emocion_callback(const std_msgs::msg[01;31m[K::[m[KString::SharedPtr msg) const
[1.821s]       |                                                           [01;31m[K^~[m[K
[3.244s] make[2]: *** [CMakeFiles/empaquetado_nodo.dir/build.make:63: CMakeFiles/empaquetado_nodo.dir/src/empaquetado_nodo.cpp.o] Error 1
[3.245s] make[1]: *** [CMakeFiles/Makefile2:80: CMakeFiles/empaquetado_nodo.dir/all] Error 2
[3.245s] make[1]: *** Waiting for unfinished jobs....
[3.286s] [ 60%] [32m[1mLinking CXX executable main_node[0m
[3.445s] [ 80%] Built target main_node
[3.446s] make: *** [Makefile:141: all] Error 2
[3.456s] Invoked command in '/home/parallels/practica_ROS/ros2_prac2_ws/build/cpp_nodes' returned '2': CMAKE_PREFIX_PATH=/home/parallels/practica_ROS/ros2_prac2_ws/install/interfaces:/home/parallels/practica_ROS/ros2_prac2_ws/install/cpp_nodes:/opt/ros/foxy /usr/bin/cmake --build /home/parallels/practica_ROS/ros2_prac2_ws/build/cpp_nodes -- -j2 -l2
