[0.008s] Invoking command in '/home/parallels/practica_ROS/ros2_prac2_ws/build/cpp_nodes': CMAKE_PREFIX_PATH=/opt/ros/foxy /usr/bin/cmake /home/parallels/practica_ROS/ros2_prac2_ws/src/cpp_nodes -DCMAKE_INSTALL_PREFIX=/home/parallels/practica_ROS/ros2_prac2_ws/install/cpp_nodes
[0.146s] -- The C compiler identification is GNU 9.4.0
[0.280s] -- The CXX compiler identification is GNU 9.4.0
[0.291s] -- Check for working C compiler: /usr/bin/cc
[0.357s] -- Check for working C compiler: /usr/bin/cc -- works
[0.360s] -- Detecting C compiler ABI info
[0.461s] -- Detecting C compiler ABI info - done
[0.474s] -- Detecting C compile features
[0.475s] -- Detecting C compile features - done
[0.477s] -- Check for working CXX compiler: /usr/bin/c++
[0.532s] -- Check for working CXX compiler: /usr/bin/c++ -- works
[0.533s] -- Detecting CXX compiler ABI info
[0.578s] -- Detecting CXX compiler ABI info - done
[0.585s] -- Detecting CXX compile features
[0.586s] -- Detecting CXX compile features - done
[0.594s] -- Found ament_cmake: 0.9.12 (/opt/ros/foxy/share/ament_cmake/cmake)
[0.611s] -- Found PythonInterp: /usr/bin/python3 (found suitable version "3.8.10", minimum required is "3") 
[0.611s] -- Using PYTHON_EXECUTABLE: /usr/bin/python3
[0.714s] -- Found rclcpp: 2.4.3 (/opt/ros/foxy/share/rclcpp/cmake)
[0.764s] -- Using all available rosidl_typesupport_c: rosidl_typesupport_fastrtps_c;rosidl_typesupport_introspection_c
[0.770s] -- Found rosidl_adapter: 1.3.1 (/opt/ros/foxy/share/rosidl_adapter/cmake)
[0.829s] -- Found OpenSSL: /usr/lib/aarch64-linux-gnu/libcrypto.so (found version "1.1.1f")  
[0.852s] -- Found FastRTPS: /opt/ros/foxy/include  
[0.911s] -- Using all available rosidl_typesupport_cpp: rosidl_typesupport_fastrtps_cpp;rosidl_typesupport_introspection_cpp
[0.958s] -- Found rmw_implementation_cmake: 1.0.4 (/opt/ros/foxy/share/rmw_implementation_cmake/cmake)
[0.960s] -- Using RMW implementation 'rmw_fastrtps_cpp' as default
[0.962s] -- Looking for pthread.h
[1.012s] -- Looking for pthread.h - found
[1.012s] -- Performing Test CMAKE_HAVE_LIBC_PTHREAD
[1.058s] -- Performing Test CMAKE_HAVE_LIBC_PTHREAD - Failed
[1.058s] -- Looking for pthread_create in pthreads
[1.089s] -- Looking for pthread_create in pthreads - not found
[1.089s] -- Looking for pthread_create in pthread
[1.126s] -- Looking for pthread_create in pthread - found
[1.127s] -- Found Threads: TRUE  
[1.275s] CMake Error at /opt/ros/foxy/share/ament_cmake_core/cmake/core/ament_package_xml.cmake:53 (message):
[1.275s]   ament_package_xml() package name 'cpp_nodes' in '/package.xml' does not
[1.275s]   match current PROJECT_NAME 'inheritance_example'.  You must call project()
[1.275s]   with the same package name before.
[1.275s] Call Stack (most recent call first):
[1.275s]   /opt/ros/foxy/share/ament_cmake_core/cmake/core/ament_package.cmake:63 (ament_package_xml)
[1.275s]   CMakeLists.txt:17 (ament_package)
[1.275s] 
[1.275s] 
[1.276s] -- Configuring incomplete, errors occurred!
[1.276s] See also "/home/parallels/practica_ROS/ros2_prac2_ws/build/cpp_nodes/CMakeFiles/CMakeOutput.log".
[1.276s] See also "/home/parallels/practica_ROS/ros2_prac2_ws/build/cpp_nodes/CMakeFiles/CMakeError.log".
[1.281s] Invoked command in '/home/parallels/practica_ROS/ros2_prac2_ws/build/cpp_nodes' returned '1': CMAKE_PREFIX_PATH=/opt/ros/foxy /usr/bin/cmake /home/parallels/practica_ROS/ros2_prac2_ws/src/cpp_nodes -DCMAKE_INSTALL_PREFIX=/home/parallels/practica_ROS/ros2_prac2_ws/install/cpp_nodes
