[0.005s] Invoking command in '/home/parallels/practica_ROS/ros2_prac2_ws/build/cpp_nodes': CMAKE_PREFIX_PATH=${CMAKE_PREFIX_PATH}:/opt/ros/foxy /usr/bin/cmake --build /home/parallels/practica_ROS/ros2_prac2_ws/build/cpp_nodes -- -j2 -l2
[0.028s] -- Found ament_cmake: 0.9.12 (/opt/ros/foxy/share/ament_cmake/cmake)
[0.042s] -- Using PYTHON_EXECUTABLE: /usr/bin/python3
[0.134s] -- Found rclcpp: 2.4.3 (/opt/ros/foxy/share/rclcpp/cmake)
[0.165s] -- Using all available rosidl_typesupport_c: rosidl_typesupport_fastrtps_c;rosidl_typesupport_introspection_c
[0.168s] -- Found rosidl_adapter: 1.3.1 (/opt/ros/foxy/share/rosidl_adapter/cmake)
[0.257s] -- Using all available rosidl_typesupport_cpp: rosidl_typesupport_fastrtps_cpp;rosidl_typesupport_introspection_cpp
[0.293s] -- Found rmw_implementation_cmake: 1.0.4 (/opt/ros/foxy/share/rmw_implementation_cmake/cmake)
[0.294s] -- Using RMW implementation 'rmw_fastrtps_cpp' as default
[0.433s] -- Configuring done
[0.438s] -- Generating done
[0.440s] -- Build files have been written to: /home/parallels/practica_ROS/ros2_prac2_ws/build/cpp_nodes
[0.454s] [35m[1mScanning dependencies of target main_node[0m
[0.488s] [ 33%] [32m[1mLinking CXX executable main_node[0m
[0.540s] /usr/bin/ld: CMakeFiles/main_node.dir/src/derived_input_node.cpp.o: in function `DerivedInputNode::DerivedInputNode(std::__cxx11::basic_string<char, std::char_traits<char>, std::allocator<char> > const&)':
[0.540s] derived_input_node.cpp:(.text+0x34): undefined reference to `InputNode::InputNode(std::__cxx11::basic_string<char, std::char_traits<char>, std::allocator<char> > const&)'
[0.541s] /usr/bin/ld: CMakeFiles/main_node.dir/src/derived_input_node.cpp.o: in function `InputNode::~InputNode()':
[0.541s] derived_input_node.cpp:(.text._ZN9InputNodeD2Ev[_ZN9InputNodeD5Ev]+0xc): undefined reference to `vtable for InputNode'
[0.541s] /usr/bin/ld: derived_input_node.cpp:(.text._ZN9InputNodeD2Ev[_ZN9InputNodeD5Ev]+0x10): undefined reference to `vtable for InputNode'
[0.541s] /usr/bin/ld: CMakeFiles/main_node.dir/src/derived_input_node.cpp.o:(.data.rel.ro._ZTI16DerivedInputNode[_ZTI16DerivedInputNode]+0x10): undefined reference to `typeinfo for InputNode'
[0.541s] collect2: error: ld returned 1 exit status
[0.542s] make[2]: *** [CMakeFiles/main_node.dir/build.make:146: main_node] Error 1
[0.542s] make[1]: *** [CMakeFiles/Makefile2:78: CMakeFiles/main_node.dir/all] Error 2
[0.542s] make: *** [Makefile:141: all] Error 2
[0.544s] Invoked command in '/home/parallels/practica_ROS/ros2_prac2_ws/build/cpp_nodes' returned '2': CMAKE_PREFIX_PATH=${CMAKE_PREFIX_PATH}:/opt/ros/foxy /usr/bin/cmake --build /home/parallels/practica_ROS/ros2_prac2_ws/build/cpp_nodes -- -j2 -l2
