[0.006s] Invoking command in '/home/parallels/practica_ROS/ros2_prac2_ws/build/cpp_nodes': CMAKE_PREFIX_PATH=/home/parallels/practica_ROS/ros2_prac2_ws/install/interfaces:/home/parallels/practica_ROS/ros2_prac2_ws/install/cpp_nodes:/opt/ros/foxy /usr/bin/cmake --build /home/parallels/practica_ROS/ros2_prac2_ws/build/cpp_nodes -- -j2 -l2
[0.022s] -- Found ament_cmake: 0.9.12 (/opt/ros/foxy/share/ament_cmake/cmake)
[0.035s] -- Using PYTHON_EXECUTABLE: /usr/bin/python3
[0.128s] -- Found rclcpp: 2.4.3 (/opt/ros/foxy/share/rclcpp/cmake)
[0.150s] -- Using all available rosidl_typesupport_c: rosidl_typesupport_fastrtps_c;rosidl_typesupport_introspection_c
[0.152s] -- Found rosidl_adapter: 1.3.1 (/opt/ros/foxy/share/rosidl_adapter/cmake)
[0.246s] -- Using all available rosidl_typesupport_cpp: rosidl_typesupport_fastrtps_cpp;rosidl_typesupport_introspection_cpp
[0.282s] -- Found rmw_implementation_cmake: 1.0.4 (/opt/ros/foxy/share/rmw_implementation_cmake/cmake)
[0.282s] -- Using RMW implementation 'rmw_fastrtps_cpp' as default
[0.389s] -- Found interfaces: 0.0.0 (/home/parallels/practica_ROS/ros2_prac2_ws/install/interfaces/share/interfaces/cmake)
[0.433s] -- Configuring done
[0.443s] -- Generating done
[0.448s] -- Build files have been written to: /home/parallels/practica_ROS/ros2_prac2_ws/build/cpp_nodes
[0.495s] [ 14%] [32m[1mLinking CXX executable emocion_usuario_nodo[0m
[0.497s] [ 42%] Built target empaquetado_nodo
[0.526s] [ 85%] Built target main_node
[0.594s] /usr/bin/ld: /usr/lib/gcc/aarch64-linux-gnu/9/../../../aarch64-linux-gnu/Scrt1.o: in function `_start':
[0.594s] (.text+0x18): undefined reference to `main'
[0.594s] /usr/bin/ld: (.text+0x1c): undefined reference to `main'
[0.594s] collect2: error: ld returned 1 exit status
[0.595s] make[2]: *** [CMakeFiles/emocion_usuario_nodo.dir/build.make:136: emocion_usuario_nodo] Error 1
[0.596s] make[1]: *** [CMakeFiles/Makefile2:82: CMakeFiles/emocion_usuario_nodo.dir/all] Error 2
[0.596s] make: *** [Makefile:141: all] Error 2
[0.597s] Invoked command in '/home/parallels/practica_ROS/ros2_prac2_ws/build/cpp_nodes' returned '2': CMAKE_PREFIX_PATH=/home/parallels/practica_ROS/ros2_prac2_ws/install/interfaces:/home/parallels/practica_ROS/ros2_prac2_ws/install/cpp_nodes:/opt/ros/foxy /usr/bin/cmake --build /home/parallels/practica_ROS/ros2_prac2_ws/build/cpp_nodes -- -j2 -l2
