[01m[K/home/parallels/practica_ROS/ros2_prac2_ws/src/cpp_nodes/src/informacion_personal_nodo.cpp:[m[K In member function ‘[01m[Kvirtual void InformacionPersonalNodo::get_user_input()[m[K’:
[01m[K/home/parallels/practica_ROS/ros2_prac2_ws/src/cpp_nodes/src/informacion_personal_nodo.cpp:21:39:[m[K [01;31m[Kerror: [m[Kexpected ‘[01m[K)[m[K’ before ‘[01m[K;[m[K’ token
   21 |         std::getline[34m[K([m[Kstd::cin, nombre_[01;31m[K;[m[K // Read input from the user
      |                     [34m[K~[m[K                 [01;31m[K^[m[K
      |                                       [32m[K)[m[K
[01m[K/home/parallels/practica_ROS/ros2_prac2_ws/src/cpp_nodes/src/informacion_personal_nodo.cpp:23:13:[m[K [01;31m[Kerror: [m[K‘[01m[Kuser_input_[m[K’ was not declared in this scope; did you mean ‘[01m[Kget_user_input[m[K’?
   23 |         if ([01;31m[Kuser_input_[m[K.empty())
      |             [01;31m[K^~~~~~~~~~~[m[K
      |             [32m[Kget_user_input[m[K
[01m[K/home/parallels/practica_ROS/ros2_prac2_ws/src/cpp_nodes/src/informacion_personal_nodo.cpp:[m[K In member function ‘[01m[Kvoid InformacionPersonalNodo::timer_callback()[m[K’:
[01m[K/home/parallels/practica_ROS/ros2_prac2_ws/src/cpp_nodes/src/informacion_personal_nodo.cpp:44:11:[m[K [01;31m[Kerror: [m[K‘[01m[Kstruct interfaces::msg::InfPersonalUsuario_<std::allocator<void> >[m[K’ has no member named ‘[01m[Kdata[m[K’
   44 |   message.[01;31m[Kdata[m[K = user_input_;
      |           [01;31m[K^~~~[m[K
[01m[K/home/parallels/practica_ROS/ros2_prac2_ws/src/cpp_nodes/src/informacion_personal_nodo.cpp:44:18:[m[K [01;31m[Kerror: [m[K‘[01m[Kuser_input_[m[K’ was not declared in this scope; did you mean ‘[01m[Kget_user_input[m[K’?
   44 |   message.data = [01;31m[Kuser_input_[m[K;
      |                  [01;31m[K^~~~~~~~~~~[m[K
      |                  [32m[Kget_user_input[m[K
In file included from [01m[K/opt/ros/foxy/include/rclcpp/client.hpp:40[m[K,
                 from [01m[K/opt/ros/foxy/include/rclcpp/callback_group.hpp:23[m[K,
                 from [01m[K/opt/ros/foxy/include/rclcpp/any_executable.hpp:20[m[K,
                 from [01m[K/opt/ros/foxy/include/rclcpp/memory_strategy.hpp:24[m[K,
                 from [01m[K/opt/ros/foxy/include/rclcpp/memory_strategies.hpp:18[m[K,
                 from [01m[K/opt/ros/foxy/include/rclcpp/executor_options.hpp:20[m[K,
                 from [01m[K/opt/ros/foxy/include/rclcpp/executor.hpp:33[m[K,
                 from [01m[K/opt/ros/foxy/include/rclcpp/executors/multi_threaded_executor.hpp:26[m[K,
                 from [01m[K/opt/ros/foxy/include/rclcpp/executors.hpp:21[m[K,
                 from [01m[K/opt/ros/foxy/include/rclcpp/rclcpp.hpp:146[m[K,
                 from [01m[K/home/parallels/practica_ROS/ros2_prac2_ws/src/cpp_nodes/include/informacion_personal_nodo.hpp:4[m[K,
                 from [01m[K/home/parallels/practica_ROS/ros2_prac2_ws/src/cpp_nodes/src/informacion_personal_nodo.cpp:1[m[K:
[01m[K/home/parallels/practica_ROS/ros2_prac2_ws/src/cpp_nodes/src/informacion_personal_nodo.cpp:45:63:[m[K [01;31m[Kerror: [m[K‘[01m[Kstruct interfaces::msg::InfPersonalUsuario_<std::allocator<void> >[m[K’ has no member named ‘[01m[Kdata[m[K’
   45 |   RCLCPP_INFO(this->get_logger(), "Publishing: '%s'", message.[01;31m[Kdata[m[K.c_str());
      |                                                               [01;31m[K^~~~[m[K
make[2]: *** [CMakeFiles/main_node.dir/build.make:76: CMakeFiles/main_node.dir/src/informacion_personal_nodo.cpp.o] Error 1
make[1]: *** [CMakeFiles/Makefile2:107: CMakeFiles/main_node.dir/all] Error 2
make: *** [Makefile:141: all] Error 2
