[0.163s] DEBUG:colcon:Command line arguments: ['/usr/bin/colcon', 'build']
[0.163s] DEBUG:colcon:Parsed command line arguments: Namespace(allow_overriding=[], ament_cmake_args=None, base_paths=['.'], build_base='build', catkin_cmake_args=None, catkin_skip_building_tests=False, cmake_args=None, cmake_clean_cache=False, cmake_clean_first=False, cmake_force_configure=False, cmake_target=None, cmake_target_skip_unavailable=False, continue_on_error=False, event_handlers=None, executor='parallel', ignore_user_meta=False, install_base='install', log_base=None, log_level=None, main=<bound method BuildVerb.main of <colcon_core.verb.build.BuildVerb object at 0xffff97e0b040>>, merge_install=False, metas=['./colcon.meta'], packages_above=None, packages_above_and_dependencies=None, packages_above_depth=None, packages_end=None, packages_ignore=None, packages_ignore_regex=None, packages_select=None, packages_select_build_failed=False, packages_select_by_dep=None, packages_select_regex=None, packages_select_test_failures=False, packages_skip=None, packages_skip_build_finished=False, packages_skip_by_dep=None, packages_skip_regex=None, packages_skip_test_passed=False, packages_skip_up_to=None, packages_start=None, packages_up_to=None, packages_up_to_regex=None, parallel_workers=2, paths=None, symlink_install=False, test_result_base=None, verb_extension=<colcon_core.verb.build.BuildVerb object at 0xffff97e0b040>, verb_name='build', verb_parser=<colcon_defaults.argument_parser.defaults.DefaultArgumentsDecorator object at 0xffff97c62370>)
[0.311s] Level 1:colcon.colcon_core.package_discovery:discover_packages(colcon_meta) check parameters
[0.312s] Level 1:colcon.colcon_core.package_discovery:discover_packages(recursive) check parameters
[0.312s] Level 1:colcon.colcon_core.package_discovery:discover_packages(ignore) check parameters
[0.313s] Level 1:colcon.colcon_core.package_discovery:discover_packages(path) check parameters
[0.313s] Level 1:colcon.colcon_core.package_discovery:discover_packages(colcon_meta) discover
[0.313s] Level 1:colcon.colcon_core.package_discovery:discover_packages(recursive) discover
[0.314s] INFO:colcon.colcon_core.package_discovery:Crawling recursively for packages in '/home/parallels/practica_ROS/ros2_prac2_ws'
[0.314s] Level 1:colcon.colcon_core.package_identification:_identify(.) by extensions ['ignore', 'ignore_ament_install']
[0.315s] Level 1:colcon.colcon_core.package_identification:_identify(.) by extension 'ignore'
[0.316s] Level 1:colcon.colcon_core.package_identification:_identify(.) by extension 'ignore_ament_install'
[0.324s] Level 1:colcon.colcon_core.package_identification:_identify(.) by extensions ['colcon_pkg']
[0.324s] Level 1:colcon.colcon_core.package_identification:_identify(.) by extension 'colcon_pkg'
[0.324s] Level 1:colcon.colcon_core.package_identification:_identify(.) by extensions ['colcon_meta']
[0.324s] Level 1:colcon.colcon_core.package_identification:_identify(.) by extension 'colcon_meta'
[0.324s] Level 1:colcon.colcon_core.package_identification:_identify(.) by extensions ['ros']
[0.325s] Level 1:colcon.colcon_core.package_identification:_identify(.) by extension 'ros'
[0.353s] Level 1:colcon.colcon_core.package_identification:_identify(.) by extensions ['cmake', 'python']
[0.356s] Level 1:colcon.colcon_core.package_identification:_identify(.) by extension 'cmake'
[0.357s] Level 1:colcon.colcon_core.package_identification:_identify(.) by extension 'python'
[0.357s] Level 1:colcon.colcon_core.package_identification:_identify(.) by extensions ['python_setup_py']
[0.358s] Level 1:colcon.colcon_core.package_identification:_identify(.) by extension 'python_setup_py'
[0.359s] Level 1:colcon.colcon_core.package_identification:_identify(build) by extensions ['ignore', 'ignore_ament_install']
[0.360s] Level 1:colcon.colcon_core.package_identification:_identify(build) by extension 'ignore'
[0.360s] Level 1:colcon.colcon_core.package_identification:_identify(build) ignored
[0.361s] Level 1:colcon.colcon_core.package_identification:_identify(install) by extensions ['ignore', 'ignore_ament_install']
[0.362s] Level 1:colcon.colcon_core.package_identification:_identify(install) by extension 'ignore'
[0.362s] Level 1:colcon.colcon_core.package_identification:_identify(install) ignored
[0.363s] Level 1:colcon.colcon_core.package_identification:_identify(log) by extensions ['ignore', 'ignore_ament_install']
[0.363s] Level 1:colcon.colcon_core.package_identification:_identify(log) by extension 'ignore'
[0.363s] Level 1:colcon.colcon_core.package_identification:_identify(log) ignored
[0.363s] Level 1:colcon.colcon_core.package_identification:_identify(src) by extensions ['ignore', 'ignore_ament_install']
[0.363s] Level 1:colcon.colcon_core.package_identification:_identify(src) by extension 'ignore'
[0.363s] Level 1:colcon.colcon_core.package_identification:_identify(src) by extension 'ignore_ament_install'
[0.364s] Level 1:colcon.colcon_core.package_identification:_identify(src) by extensions ['colcon_pkg']
[0.364s] Level 1:colcon.colcon_core.package_identification:_identify(src) by extension 'colcon_pkg'
[0.364s] Level 1:colcon.colcon_core.package_identification:_identify(src) by extensions ['colcon_meta']
[0.364s] Level 1:colcon.colcon_core.package_identification:_identify(src) by extension 'colcon_meta'
[0.364s] Level 1:colcon.colcon_core.package_identification:_identify(src) by extensions ['ros']
[0.365s] Level 1:colcon.colcon_core.package_identification:_identify(src) by extension 'ros'
[0.365s] Level 1:colcon.colcon_core.package_identification:_identify(src) by extensions ['cmake', 'python']
[0.365s] Level 1:colcon.colcon_core.package_identification:_identify(src) by extension 'cmake'
[0.365s] Level 1:colcon.colcon_core.package_identification:_identify(src) by extension 'python'
[0.365s] Level 1:colcon.colcon_core.package_identification:_identify(src) by extensions ['python_setup_py']
[0.365s] Level 1:colcon.colcon_core.package_identification:_identify(src) by extension 'python_setup_py'
[0.365s] Level 1:colcon.colcon_core.package_identification:_identify(src/cpp_nodes) by extensions ['ignore', 'ignore_ament_install']
[0.365s] Level 1:colcon.colcon_core.package_identification:_identify(src/cpp_nodes) by extension 'ignore'
[0.366s] Level 1:colcon.colcon_core.package_identification:_identify(src/cpp_nodes) by extension 'ignore_ament_install'
[0.366s] Level 1:colcon.colcon_core.package_identification:_identify(src/cpp_nodes) by extensions ['colcon_pkg']
[0.366s] Level 1:colcon.colcon_core.package_identification:_identify(src/cpp_nodes) by extension 'colcon_pkg'
[0.366s] Level 1:colcon.colcon_core.package_identification:_identify(src/cpp_nodes) by extensions ['colcon_meta']
[0.366s] Level 1:colcon.colcon_core.package_identification:_identify(src/cpp_nodes) by extension 'colcon_meta'
[0.366s] Level 1:colcon.colcon_core.package_identification:_identify(src/cpp_nodes) by extensions ['ros']
[0.366s] Level 1:colcon.colcon_core.package_identification:_identify(src/cpp_nodes) by extension 'ros'
[0.374s] DEBUG:colcon.colcon_core.package_identification:Package 'src/cpp_nodes' with type 'ros.ament_cmake' and name 'cpp_nodes'
[0.374s] Level 1:colcon.colcon_core.package_identification:_identify(src/interfaces) by extensions ['ignore', 'ignore_ament_install']
[0.374s] Level 1:colcon.colcon_core.package_identification:_identify(src/interfaces) by extension 'ignore'
[0.374s] Level 1:colcon.colcon_core.package_identification:_identify(src/interfaces) by extension 'ignore_ament_install'
[0.374s] Level 1:colcon.colcon_core.package_identification:_identify(src/interfaces) by extensions ['colcon_pkg']
[0.374s] Level 1:colcon.colcon_core.package_identification:_identify(src/interfaces) by extension 'colcon_pkg'
[0.374s] Level 1:colcon.colcon_core.package_identification:_identify(src/interfaces) by extensions ['colcon_meta']
[0.375s] Level 1:colcon.colcon_core.package_identification:_identify(src/interfaces) by extension 'colcon_meta'
[0.375s] Level 1:colcon.colcon_core.package_identification:_identify(src/interfaces) by extensions ['ros']
[0.375s] Level 1:colcon.colcon_core.package_identification:_identify(src/interfaces) by extension 'ros'
[0.376s] DEBUG:colcon.colcon_core.package_identification:Package 'src/interfaces' with type 'ros.ament_cmake' and name 'interfaces'
[0.376s] Level 1:colcon.colcon_core.package_discovery:discover_packages(recursive) using defaults
[0.377s] Level 1:colcon.colcon_core.package_discovery:discover_packages(ignore) discover
[0.377s] Level 1:colcon.colcon_core.package_discovery:discover_packages(ignore) using defaults
[0.378s] Level 1:colcon.colcon_core.package_discovery:discover_packages(path) discover
[0.378s] Level 1:colcon.colcon_core.package_discovery:discover_packages(path) using defaults
[0.444s] Level 1:colcon.colcon_core.package_discovery:discover_packages(prefix_path) check parameters
[0.444s] Level 1:colcon.colcon_core.package_discovery:discover_packages(prefix_path) discover
[0.448s] DEBUG:colcon.colcon_installed_package_information.package_discovery:Found 2 installed packages in /home/parallels/practica_ROS/ros2_prac2_ws/install
[0.450s] DEBUG:colcon.colcon_installed_package_information.package_discovery:Found 256 installed packages in /opt/ros/foxy
[0.451s] Level 1:colcon.colcon_core.package_discovery:discover_packages(prefix_path) using defaults
[0.537s] Level 5:colcon.colcon_core.verb:set package 'interfaces' build argument 'cmake_args' from command line to 'None'
[0.537s] Level 5:colcon.colcon_core.verb:set package 'interfaces' build argument 'cmake_target' from command line to 'None'
[0.537s] Level 5:colcon.colcon_core.verb:set package 'interfaces' build argument 'cmake_target_skip_unavailable' from command line to 'False'
[0.537s] Level 5:colcon.colcon_core.verb:set package 'interfaces' build argument 'cmake_clean_cache' from command line to 'False'
[0.537s] Level 5:colcon.colcon_core.verb:set package 'interfaces' build argument 'cmake_clean_first' from command line to 'False'
[0.537s] Level 5:colcon.colcon_core.verb:set package 'interfaces' build argument 'cmake_force_configure' from command line to 'False'
[0.537s] Level 5:colcon.colcon_core.verb:set package 'interfaces' build argument 'ament_cmake_args' from command line to 'None'
[0.537s] Level 5:colcon.colcon_core.verb:set package 'interfaces' build argument 'catkin_cmake_args' from command line to 'None'
[0.537s] Level 5:colcon.colcon_core.verb:set package 'interfaces' build argument 'catkin_skip_building_tests' from command line to 'False'
[0.537s] DEBUG:colcon.colcon_core.verb:Building package 'interfaces' with the following arguments: {'ament_cmake_args': None, 'build_base': '/home/parallels/practica_ROS/ros2_prac2_ws/build/interfaces', 'catkin_cmake_args': None, 'catkin_skip_building_tests': False, 'cmake_args': None, 'cmake_clean_cache': False, 'cmake_clean_first': False, 'cmake_force_configure': False, 'cmake_target': None, 'cmake_target_skip_unavailable': False, 'install_base': '/home/parallels/practica_ROS/ros2_prac2_ws/install/interfaces', 'merge_install': False, 'path': '/home/parallels/practica_ROS/ros2_prac2_ws/src/interfaces', 'symlink_install': False, 'test_result_base': None}
[0.537s] Level 5:colcon.colcon_core.verb:set package 'cpp_nodes' build argument 'cmake_args' from command line to 'None'
[0.537s] Level 5:colcon.colcon_core.verb:set package 'cpp_nodes' build argument 'cmake_target' from command line to 'None'
[0.537s] Level 5:colcon.colcon_core.verb:set package 'cpp_nodes' build argument 'cmake_target_skip_unavailable' from command line to 'False'
[0.537s] Level 5:colcon.colcon_core.verb:set package 'cpp_nodes' build argument 'cmake_clean_cache' from command line to 'False'
[0.537s] Level 5:colcon.colcon_core.verb:set package 'cpp_nodes' build argument 'cmake_clean_first' from command line to 'False'
[0.537s] Level 5:colcon.colcon_core.verb:set package 'cpp_nodes' build argument 'cmake_force_configure' from command line to 'False'
[0.537s] Level 5:colcon.colcon_core.verb:set package 'cpp_nodes' build argument 'ament_cmake_args' from command line to 'None'
[0.538s] Level 5:colcon.colcon_core.verb:set package 'cpp_nodes' build argument 'catkin_cmake_args' from command line to 'None'
[0.538s] Level 5:colcon.colcon_core.verb:set package 'cpp_nodes' build argument 'catkin_skip_building_tests' from command line to 'False'
[0.538s] DEBUG:colcon.colcon_core.verb:Building package 'cpp_nodes' with the following arguments: {'ament_cmake_args': None, 'build_base': '/home/parallels/practica_ROS/ros2_prac2_ws/build/cpp_nodes', 'catkin_cmake_args': None, 'catkin_skip_building_tests': False, 'cmake_args': None, 'cmake_clean_cache': False, 'cmake_clean_first': False, 'cmake_force_configure': False, 'cmake_target': None, 'cmake_target_skip_unavailable': False, 'install_base': '/home/parallels/practica_ROS/ros2_prac2_ws/install/cpp_nodes', 'merge_install': False, 'path': '/home/parallels/practica_ROS/ros2_prac2_ws/src/cpp_nodes', 'symlink_install': False, 'test_result_base': None}
[0.538s] INFO:colcon.colcon_core.executor:Executing jobs using 'parallel' executor
[0.539s] DEBUG:colcon.colcon_parallel_executor.executor.parallel:run_until_complete
[0.539s] INFO:colcon.colcon_ros.task.ament_cmake.build:Building ROS package in '/home/parallels/practica_ROS/ros2_prac2_ws/src/interfaces' with build type 'ament_cmake'
[0.540s] INFO:colcon.colcon_cmake.task.cmake.build:Building CMake package in '/home/parallels/practica_ROS/ros2_prac2_ws/src/interfaces'
[0.548s] INFO:colcon.colcon_core.plugin_system:Skipping extension 'colcon_core.shell.bat': Not used on non-Windows systems
[0.549s] INFO:colcon.colcon_core.shell:Skip shell extension 'powershell' for command environment: Not usable outside of PowerShell
[0.549s] DEBUG:colcon.colcon_core.shell:Skip shell extension 'dsv' for command environment
[0.563s] DEBUG:colcon.colcon_core.event_handler.log_command:Invoking command in '/home/parallels/practica_ROS/ros2_prac2_ws/build/interfaces': CMAKE_PREFIX_PATH=${CMAKE_PREFIX_PATH}:/opt/ros/foxy /usr/bin/cmake --build /home/parallels/practica_ROS/ros2_prac2_ws/build/interfaces -- -j2 -l2
[0.947s] DEBUG:colcon.colcon_core.event_handler.log_command:Invoked command in '/home/parallels/practica_ROS/ros2_prac2_ws/build/interfaces' returned '0': CMAKE_PREFIX_PATH=${CMAKE_PREFIX_PATH}:/opt/ros/foxy /usr/bin/cmake --build /home/parallels/practica_ROS/ros2_prac2_ws/build/interfaces -- -j2 -l2
[0.956s] DEBUG:colcon.colcon_core.event_handler.log_command:Invoking command in '/home/parallels/practica_ROS/ros2_prac2_ws/build/interfaces': CMAKE_PREFIX_PATH=${CMAKE_PREFIX_PATH}:/opt/ros/foxy /usr/bin/cmake --install /home/parallels/practica_ROS/ros2_prac2_ws/build/interfaces
[1.001s] Level 1:colcon.colcon_core.environment:create_environment_scripts_only(interfaces)
[1.001s] DEBUG:colcon.colcon_core.event_handler.log_command:Invoked command in '/home/parallels/practica_ROS/ros2_prac2_ws/build/interfaces' returned '0': CMAKE_PREFIX_PATH=${CMAKE_PREFIX_PATH}:/opt/ros/foxy /usr/bin/cmake --install /home/parallels/practica_ROS/ros2_prac2_ws/build/interfaces
[1.004s] Level 1:colcon.colcon_core.environment:checking '/home/parallels/practica_ROS/ros2_prac2_ws/install/interfaces' for CMake module files
[1.005s] Level 1:colcon.colcon_core.environment:checking '/home/parallels/practica_ROS/ros2_prac2_ws/install/interfaces' for CMake config files
[1.005s] Level 1:colcon.colcon_core.shell:create_environment_hook('interfaces', 'cmake_prefix_path')
[1.005s] INFO:colcon.colcon_core.shell:Creating environment hook '/home/parallels/practica_ROS/ros2_prac2_ws/install/interfaces/share/interfaces/hook/cmake_prefix_path.ps1'
[1.006s] INFO:colcon.colcon_core.shell:Creating environment descriptor '/home/parallels/practica_ROS/ros2_prac2_ws/install/interfaces/share/interfaces/hook/cmake_prefix_path.dsv'
[1.008s] INFO:colcon.colcon_core.shell:Creating environment hook '/home/parallels/practica_ROS/ros2_prac2_ws/install/interfaces/share/interfaces/hook/cmake_prefix_path.sh'
[1.009s] Level 1:colcon.colcon_core.environment:checking '/home/parallels/practica_ROS/ros2_prac2_ws/install/interfaces/lib'
[1.009s] Level 1:colcon.colcon_core.shell:create_environment_hook('interfaces', 'ld_library_path_lib')
[1.010s] INFO:colcon.colcon_core.shell:Creating environment hook '/home/parallels/practica_ROS/ros2_prac2_ws/install/interfaces/share/interfaces/hook/ld_library_path_lib.ps1'
[1.010s] INFO:colcon.colcon_core.shell:Creating environment descriptor '/home/parallels/practica_ROS/ros2_prac2_ws/install/interfaces/share/interfaces/hook/ld_library_path_lib.dsv'
[1.010s] INFO:colcon.colcon_core.shell:Creating environment hook '/home/parallels/practica_ROS/ros2_prac2_ws/install/interfaces/share/interfaces/hook/ld_library_path_lib.sh'
[1.010s] Level 1:colcon.colcon_core.environment:checking '/home/parallels/practica_ROS/ros2_prac2_ws/install/interfaces/bin'
[1.010s] Level 1:colcon.colcon_core.environment:checking '/home/parallels/practica_ROS/ros2_prac2_ws/install/interfaces/lib/pkgconfig/interfaces.pc'
[1.010s] Level 1:colcon.colcon_core.environment:checking '/home/parallels/practica_ROS/ros2_prac2_ws/install/interfaces/lib/python3.8/site-packages'
[1.010s] Level 1:colcon.colcon_core.shell:create_environment_hook('interfaces', 'pythonpath')
[1.010s] INFO:colcon.colcon_core.shell:Creating environment hook '/home/parallels/practica_ROS/ros2_prac2_ws/install/interfaces/share/interfaces/hook/pythonpath.ps1'
[1.011s] INFO:colcon.colcon_core.shell:Creating environment descriptor '/home/parallels/practica_ROS/ros2_prac2_ws/install/interfaces/share/interfaces/hook/pythonpath.dsv'
[1.011s] INFO:colcon.colcon_core.shell:Creating environment hook '/home/parallels/practica_ROS/ros2_prac2_ws/install/interfaces/share/interfaces/hook/pythonpath.sh'
[1.011s] Level 1:colcon.colcon_core.environment:checking '/home/parallels/practica_ROS/ros2_prac2_ws/install/interfaces/bin'
[1.011s] INFO:colcon.colcon_core.shell:Creating package script '/home/parallels/practica_ROS/ros2_prac2_ws/install/interfaces/share/interfaces/package.ps1'
[1.012s] INFO:colcon.colcon_core.shell:Creating package descriptor '/home/parallels/practica_ROS/ros2_prac2_ws/install/interfaces/share/interfaces/package.dsv'
[1.012s] INFO:colcon.colcon_core.shell:Creating package script '/home/parallels/practica_ROS/ros2_prac2_ws/install/interfaces/share/interfaces/package.sh'
[1.013s] INFO:colcon.colcon_core.shell:Creating package script '/home/parallels/practica_ROS/ros2_prac2_ws/install/interfaces/share/interfaces/package.bash'
[1.014s] INFO:colcon.colcon_core.shell:Creating package script '/home/parallels/practica_ROS/ros2_prac2_ws/install/interfaces/share/interfaces/package.zsh'
[1.014s] Level 1:colcon.colcon_core.environment:create_file_with_runtime_dependencies(/home/parallels/practica_ROS/ros2_prac2_ws/install/interfaces/share/colcon-core/packages/interfaces)
[1.015s] Level 1:colcon.colcon_core.environment:create_environment_scripts_only(interfaces)
[1.015s] Level 1:colcon.colcon_core.environment:checking '/home/parallels/practica_ROS/ros2_prac2_ws/install/interfaces' for CMake module files
[1.015s] Level 1:colcon.colcon_core.environment:checking '/home/parallels/practica_ROS/ros2_prac2_ws/install/interfaces' for CMake config files
[1.016s] Level 1:colcon.colcon_core.shell:create_environment_hook('interfaces', 'cmake_prefix_path')
[1.016s] INFO:colcon.colcon_core.shell:Creating environment hook '/home/parallels/practica_ROS/ros2_prac2_ws/install/interfaces/share/interfaces/hook/cmake_prefix_path.ps1'
[1.016s] INFO:colcon.colcon_core.shell:Creating environment descriptor '/home/parallels/practica_ROS/ros2_prac2_ws/install/interfaces/share/interfaces/hook/cmake_prefix_path.dsv'
[1.016s] INFO:colcon.colcon_core.shell:Creating environment hook '/home/parallels/practica_ROS/ros2_prac2_ws/install/interfaces/share/interfaces/hook/cmake_prefix_path.sh'
[1.016s] Level 1:colcon.colcon_core.environment:checking '/home/parallels/practica_ROS/ros2_prac2_ws/install/interfaces/lib'
[1.016s] Level 1:colcon.colcon_core.shell:create_environment_hook('interfaces', 'ld_library_path_lib')
[1.016s] INFO:colcon.colcon_core.shell:Creating environment hook '/home/parallels/practica_ROS/ros2_prac2_ws/install/interfaces/share/interfaces/hook/ld_library_path_lib.ps1'
[1.017s] INFO:colcon.colcon_core.shell:Creating environment descriptor '/home/parallels/practica_ROS/ros2_prac2_ws/install/interfaces/share/interfaces/hook/ld_library_path_lib.dsv'
[1.017s] INFO:colcon.colcon_core.shell:Creating environment hook '/home/parallels/practica_ROS/ros2_prac2_ws/install/interfaces/share/interfaces/hook/ld_library_path_lib.sh'
[1.017s] Level 1:colcon.colcon_core.environment:checking '/home/parallels/practica_ROS/ros2_prac2_ws/install/interfaces/bin'
[1.017s] Level 1:colcon.colcon_core.environment:checking '/home/parallels/practica_ROS/ros2_prac2_ws/install/interfaces/lib/pkgconfig/interfaces.pc'
[1.017s] Level 1:colcon.colcon_core.environment:checking '/home/parallels/practica_ROS/ros2_prac2_ws/install/interfaces/lib/python3.8/site-packages'
[1.017s] Level 1:colcon.colcon_core.shell:create_environment_hook('interfaces', 'pythonpath')
[1.017s] INFO:colcon.colcon_core.shell:Creating environment hook '/home/parallels/practica_ROS/ros2_prac2_ws/install/interfaces/share/interfaces/hook/pythonpath.ps1'
[1.017s] INFO:colcon.colcon_core.shell:Creating environment descriptor '/home/parallels/practica_ROS/ros2_prac2_ws/install/interfaces/share/interfaces/hook/pythonpath.dsv'
[1.017s] INFO:colcon.colcon_core.shell:Creating environment hook '/home/parallels/practica_ROS/ros2_prac2_ws/install/interfaces/share/interfaces/hook/pythonpath.sh'
[1.018s] Level 1:colcon.colcon_core.environment:checking '/home/parallels/practica_ROS/ros2_prac2_ws/install/interfaces/bin'
[1.018s] INFO:colcon.colcon_core.shell:Creating package script '/home/parallels/practica_ROS/ros2_prac2_ws/install/interfaces/share/interfaces/package.ps1'
[1.018s] INFO:colcon.colcon_core.shell:Creating package descriptor '/home/parallels/practica_ROS/ros2_prac2_ws/install/interfaces/share/interfaces/package.dsv'
[1.018s] INFO:colcon.colcon_core.shell:Creating package script '/home/parallels/practica_ROS/ros2_prac2_ws/install/interfaces/share/interfaces/package.sh'
[1.018s] INFO:colcon.colcon_core.shell:Creating package script '/home/parallels/practica_ROS/ros2_prac2_ws/install/interfaces/share/interfaces/package.bash'
[1.018s] INFO:colcon.colcon_core.shell:Creating package script '/home/parallels/practica_ROS/ros2_prac2_ws/install/interfaces/share/interfaces/package.zsh'
[1.019s] Level 1:colcon.colcon_core.environment:create_file_with_runtime_dependencies(/home/parallels/practica_ROS/ros2_prac2_ws/install/interfaces/share/colcon-core/packages/interfaces)
[1.020s] INFO:colcon.colcon_ros.task.ament_cmake.build:Building ROS package in '/home/parallels/practica_ROS/ros2_prac2_ws/src/cpp_nodes' with build type 'ament_cmake'
[1.020s] INFO:colcon.colcon_cmake.task.cmake.build:Building CMake package in '/home/parallels/practica_ROS/ros2_prac2_ws/src/cpp_nodes'
[1.020s] INFO:colcon.colcon_core.shell:Skip shell extension 'powershell' for command environment: Not usable outside of PowerShell
[1.020s] DEBUG:colcon.colcon_core.shell:Skip shell extension 'dsv' for command environment
[1.030s] DEBUG:colcon.colcon_core.event_handler.log_command:Invoking command in '/home/parallels/practica_ROS/ros2_prac2_ws/build/cpp_nodes': CMAKE_PREFIX_PATH=/home/parallels/practica_ROS/ros2_prac2_ws/install/interfaces:/home/parallels/practica_ROS/ros2_prac2_ws/install/cpp_nodes:/opt/ros/foxy /usr/bin/cmake --build /home/parallels/practica_ROS/ros2_prac2_ws/build/cpp_nodes -- -j2 -l2
[2.778s] DEBUG:colcon.colcon_core.event_handler.log_command:Invoked command in '/home/parallels/practica_ROS/ros2_prac2_ws/build/cpp_nodes' returned '2': CMAKE_PREFIX_PATH=/home/parallels/practica_ROS/ros2_prac2_ws/install/interfaces:/home/parallels/practica_ROS/ros2_prac2_ws/install/cpp_nodes:/opt/ros/foxy /usr/bin/cmake --build /home/parallels/practica_ROS/ros2_prac2_ws/build/cpp_nodes -- -j2 -l2
[2.786s] Level 1:colcon.colcon_core.environment:create_environment_scripts_only(cpp_nodes)
[2.787s] Level 1:colcon.colcon_core.environment:checking '/home/parallels/practica_ROS/ros2_prac2_ws/install/cpp_nodes' for CMake module files
[2.788s] Level 1:colcon.colcon_core.environment:checking '/home/parallels/practica_ROS/ros2_prac2_ws/install/cpp_nodes' for CMake config files
[2.788s] Level 1:colcon.colcon_core.shell:create_environment_hook('cpp_nodes', 'cmake_prefix_path')
[2.789s] INFO:colcon.colcon_core.shell:Creating environment hook '/home/parallels/practica_ROS/ros2_prac2_ws/install/cpp_nodes/share/cpp_nodes/hook/cmake_prefix_path.ps1'
[2.792s] INFO:colcon.colcon_core.shell:Creating environment descriptor '/home/parallels/practica_ROS/ros2_prac2_ws/install/cpp_nodes/share/cpp_nodes/hook/cmake_prefix_path.dsv'
[2.793s] INFO:colcon.colcon_core.shell:Creating environment hook '/home/parallels/practica_ROS/ros2_prac2_ws/install/cpp_nodes/share/cpp_nodes/hook/cmake_prefix_path.sh'
[2.794s] Level 1:colcon.colcon_core.environment:checking '/home/parallels/practica_ROS/ros2_prac2_ws/install/cpp_nodes/lib'
[2.794s] Level 1:colcon.colcon_core.environment:checking '/home/parallels/practica_ROS/ros2_prac2_ws/install/cpp_nodes/bin'
[2.795s] Level 1:colcon.colcon_core.environment:checking '/home/parallels/practica_ROS/ros2_prac2_ws/install/cpp_nodes/lib/pkgconfig/cpp_nodes.pc'
[2.795s] Level 1:colcon.colcon_core.environment:checking '/home/parallels/practica_ROS/ros2_prac2_ws/install/cpp_nodes/lib/python3.8/site-packages'
[2.795s] Level 1:colcon.colcon_core.environment:checking '/home/parallels/practica_ROS/ros2_prac2_ws/install/cpp_nodes/bin'
[2.795s] INFO:colcon.colcon_core.shell:Creating package script '/home/parallels/practica_ROS/ros2_prac2_ws/install/cpp_nodes/share/cpp_nodes/package.ps1'
[2.796s] INFO:colcon.colcon_core.shell:Creating package descriptor '/home/parallels/practica_ROS/ros2_prac2_ws/install/cpp_nodes/share/cpp_nodes/package.dsv'
[2.796s] INFO:colcon.colcon_core.shell:Creating package script '/home/parallels/practica_ROS/ros2_prac2_ws/install/cpp_nodes/share/cpp_nodes/package.sh'
[2.797s] INFO:colcon.colcon_core.shell:Creating package script '/home/parallels/practica_ROS/ros2_prac2_ws/install/cpp_nodes/share/cpp_nodes/package.bash'
[2.797s] INFO:colcon.colcon_core.shell:Creating package script '/home/parallels/practica_ROS/ros2_prac2_ws/install/cpp_nodes/share/cpp_nodes/package.zsh'
[2.797s] Level 1:colcon.colcon_core.environment:create_file_with_runtime_dependencies(/home/parallels/practica_ROS/ros2_prac2_ws/install/cpp_nodes/share/colcon-core/packages/cpp_nodes)
[2.799s] DEBUG:colcon.colcon_parallel_executor.executor.parallel:closing loop
[2.799s] DEBUG:colcon.colcon_parallel_executor.executor.parallel:loop closed
[2.799s] DEBUG:colcon.colcon_parallel_executor.executor.parallel:run_until_complete finished with '2'
[2.799s] DEBUG:colcon.colcon_core.event_reactor:joining thread
[2.832s] INFO:colcon.colcon_core.plugin_system:Skipping extension 'colcon_notification.desktop_notification.terminal_notifier': Not used on non-Darwin systems
[2.833s] INFO:colcon.colcon_core.plugin_system:Skipping extension 'colcon_notification.desktop_notification.win32': Not used on non-Windows systems
[2.833s] INFO:colcon.colcon_notification.desktop_notification:Sending desktop notification using 'notify2'
[2.884s] DEBUG:colcon.colcon_core.event_reactor:joined thread
[2.885s] INFO:colcon.colcon_core.shell:Creating prefix script '/home/parallels/practica_ROS/ros2_prac2_ws/install/local_setup.ps1'
[2.886s] INFO:colcon.colcon_core.shell:Creating prefix util module '/home/parallels/practica_ROS/ros2_prac2_ws/install/_local_setup_util_ps1.py'
[2.887s] INFO:colcon.colcon_core.shell:Creating prefix chain script '/home/parallels/practica_ROS/ros2_prac2_ws/install/setup.ps1'
[2.888s] INFO:colcon.colcon_core.shell:Creating prefix script '/home/parallels/practica_ROS/ros2_prac2_ws/install/local_setup.sh'
[2.889s] INFO:colcon.colcon_core.shell:Creating prefix util module '/home/parallels/practica_ROS/ros2_prac2_ws/install/_local_setup_util_sh.py'
[2.889s] INFO:colcon.colcon_core.shell:Creating prefix chain script '/home/parallels/practica_ROS/ros2_prac2_ws/install/setup.sh'
[2.892s] INFO:colcon.colcon_core.shell:Creating prefix script '/home/parallels/practica_ROS/ros2_prac2_ws/install/local_setup.bash'
[2.892s] INFO:colcon.colcon_core.shell:Creating prefix chain script '/home/parallels/practica_ROS/ros2_prac2_ws/install/setup.bash'
[2.893s] INFO:colcon.colcon_core.shell:Creating prefix script '/home/parallels/practica_ROS/ros2_prac2_ws/install/local_setup.zsh'
[2.894s] INFO:colcon.colcon_core.shell:Creating prefix chain script '/home/parallels/practica_ROS/ros2_prac2_ws/install/setup.zsh'
