[0.007s] Invoking command in '/home/parallels/practica_ROS/ros2_prac2_ws/build/interfaces': CMAKE_PREFIX_PATH=${CMAKE_PREFIX_PATH}:/opt/ros/foxy /usr/bin/cmake /home/parallels/practica_ROS/ros2_prac2_ws/src/interfaces -DCMAKE_INSTALL_PREFIX=/home/parallels/practica_ROS/ros2_prac2_ws/install/interfaces
[0.018s] -- Found ament_cmake: 0.9.12 (/opt/ros/foxy/share/ament_cmake/cmake)
[0.031s] -- Found PythonInterp: /usr/bin/python3 (found suitable version "3.8.10", minimum required is "3") 
[0.031s] -- Using PYTHON_EXECUTABLE: /usr/bin/python3
[0.126s] -- Found rosidl_default_generators: 1.0.1 (/opt/ros/foxy/share/rosidl_default_generators/cmake)
[0.127s] -- Using all available rosidl_typesupport_c: rosidl_typesupport_fastrtps_c;rosidl_typesupport_introspection_c
[0.129s] -- Found rosidl_adapter: 1.3.1 (/opt/ros/foxy/share/rosidl_adapter/cmake)
[0.216s] -- Using all available rosidl_typesupport_cpp: rosidl_typesupport_fastrtps_cpp;rosidl_typesupport_introspection_cpp
[0.241s] -- Found PythonInterp: /usr/bin/python3 (found version "3.8.10") 
[0.334s] CMake Error at /opt/ros/foxy/share/rosidl_adapter/cmake/rosidl_adapt_interfaces.cmake:60 (message):
[0.335s]   execute_process(/usr/bin/python3 -m rosidl_adapter --package-name
[0.335s]   interfaces --arguments-file
[0.335s]   /home/parallels/practica_ROS/ros2_prac2_ws/build/interfaces/rosidl_adapter__arguments__interfaces.json
[0.335s]   --output-dir
[0.335s]   /home/parallels/practica_ROS/ros2_prac2_ws/build/interfaces/rosidl_adapter/interfaces
[0.335s]   --output-file
[0.335s]   /home/parallels/practica_ROS/ros2_prac2_ws/build/interfaces/rosidl_adapter/interfaces.idls)
[0.335s]   returned error code 1:
[0.335s] 
[0.335s]   Traceback (most recent call last):
[0.335s] 
[0.335s]     File "/usr/lib/python3.8/runpy.py", line 194, in _run_module_as_main
[0.335s]       return _run_code(code, main_globals, None,
[0.335s]     File "/usr/lib/python3.8/runpy.py", line 87, in _run_code
[0.335s]       exec(code, run_globals)
[0.335s]     File "/opt/ros/foxy/lib/python3.8/site-packages/rosidl_adapter/__main__.py", line 19, in <module>
[0.335s]       sys.exit(main())
[0.335s]     File "/opt/ros/foxy/lib/python3.8/site-packages/rosidl_adapter/main.py", line 53, in main
[0.335s]       abs_idl_file = convert_to_idl(
[0.338s]     File "/opt/ros/foxy/lib/python3.8/site-packages/rosidl_adapter/__init__.py", line 19, in convert_to_idl
[0.338s]       return convert_msg_to_idl(
[0.338s]     File "/opt/ros/foxy/lib/python3.8/site-packages/rosidl_adapter/msg/__init__.py", line 28, in convert_msg_to_idl
[0.338s]       msg = parse_message_string(package_name, input_file.stem, content)
[0.338s]     File "/opt/ros/foxy/lib/python3.8/site-packages/rosidl_adapter/parser.py", line 540, in parse_message_string
[0.339s]       msg = MessageSpecification(pkg_name, msg_name, fields, constants)
[0.339s]     File "/opt/ros/foxy/lib/python3.8/site-packages/rosidl_adapter/parser.py", line 387, in __init__
[0.339s]       self.base_type = BaseType(
[0.339s]     File "/opt/ros/foxy/lib/python3.8/site-packages/rosidl_adapter/parser.py", line 204, in __init__
[0.339s]       raise InvalidResourceName(
[0.339s] 
[0.339s]   rosidl_adapter.parser.InvalidResourceName: 'customString' is an invalid
[0.339s]   message name.  It should have the pattern '^[A-Z][A-Za-z0-9]*$'
[0.339s] 
[0.339s] Call Stack (most recent call first):
[0.339s]   /opt/ros/foxy/share/rosidl_cmake/cmake/rosidl_generate_interfaces.cmake:130 (rosidl_adapt_interfaces)
[0.339s]   CMakeLists.txt:26 (rosidl_generate_interfaces)
[0.339s] 
[0.339s] 
[0.339s] -- Configuring incomplete, errors occurred!
[0.339s] See also "/home/parallels/practica_ROS/ros2_prac2_ws/build/interfaces/CMakeFiles/CMakeOutput.log".
[0.339s] Invoked command in '/home/parallels/practica_ROS/ros2_prac2_ws/build/interfaces' returned '1': CMAKE_PREFIX_PATH=${CMAKE_PREFIX_PATH}:/opt/ros/foxy /usr/bin/cmake /home/parallels/practica_ROS/ros2_prac2_ws/src/interfaces -DCMAKE_INSTALL_PREFIX=/home/parallels/practica_ROS/ros2_prac2_ws/install/interfaces
