[0.011s] Invoking command in '/home/parallels/practica_ROS/ros2_prac2_ws/build/cpp_nodes': CMAKE_PREFIX_PATH=/home/parallels/practica_ROS/ros2_prac2_ws/install/interfaces:/home/parallels/practica_ROS/ros2_prac2_ws/install/cpp_nodes:/opt/ros/foxy /usr/bin/cmake --build /home/parallels/practica_ROS/ros2_prac2_ws/build/cpp_nodes -- -j2 -l2
[0.047s] [35m[1mScanning dependencies of target main_node[0m
[0.054s] [ 40%] Built target empaquetado_nodo
[0.078s] [ 60%] [32mBuilding CXX object CMakeFiles/main_node.dir/src/informacion_personal_nodo.cpp.o[0m
[2.242s] [ 80%] [32m[1mLinking CXX executable main_node[0m
[2.395s] [100%] Built target main_node
[2.407s] Invoked command in '/home/parallels/practica_ROS/ros2_prac2_ws/build/cpp_nodes' returned '0': CMAKE_PREFIX_PATH=/home/parallels/practica_ROS/ros2_prac2_ws/install/interfaces:/home/parallels/practica_ROS/ros2_prac2_ws/install/cpp_nodes:/opt/ros/foxy /usr/bin/cmake --build /home/parallels/practica_ROS/ros2_prac2_ws/build/cpp_nodes -- -j2 -l2
[2.412s] Invoking command in '/home/parallels/practica_ROS/ros2_prac2_ws/build/cpp_nodes': CMAKE_PREFIX_PATH=/home/parallels/practica_ROS/ros2_prac2_ws/install/interfaces:/home/parallels/practica_ROS/ros2_prac2_ws/install/cpp_nodes:/opt/ros/foxy /usr/bin/cmake --install /home/parallels/practica_ROS/ros2_prac2_ws/build/cpp_nodes
[2.419s] -- Install configuration: ""
[2.420s] -- Up-to-date: /home/parallels/practica_ROS/ros2_prac2_ws/install/cpp_nodes/include
[2.420s] -- Installing: /home/parallels/practica_ROS/ros2_prac2_ws/install/cpp_nodes/include/empaquetado_nodo.hpp
[2.420s] -- Installing: /home/parallels/practica_ROS/ros2_prac2_ws/install/cpp_nodes/include/base_node.hpp
[2.420s] -- Installing: /home/parallels/practica_ROS/ros2_prac2_ws/install/cpp_nodes/include/informacion_personal_nodo.hpp
[2.421s] -- Installing: /home/parallels/practica_ROS/ros2_prac2_ws/install/cpp_nodes/include/input_node.hpp
[2.421s] -- Up-to-date: /home/parallels/practica_ROS/ros2_prac2_ws/install/cpp_nodes/include/derived_input_node.hpp
[2.421s] -- Installing: /home/parallels/practica_ROS/ros2_prac2_ws/install/cpp_nodes/include/derived_node.hpp
[2.421s] -- Up-to-date: /home/parallels/practica_ROS/ros2_prac2_ws/install/cpp_nodes/include/cpp_nodes
[2.423s] -- Installing: /home/parallels/practica_ROS/ros2_prac2_ws/install/cpp_nodes/lib/cpp_nodes/main_node
[2.423s] -- Set runtime path of "/home/parallels/practica_ROS/ros2_prac2_ws/install/cpp_nodes/lib/cpp_nodes/main_node" to ""
[2.423s] -- Installing: /home/parallels/practica_ROS/ros2_prac2_ws/install/cpp_nodes/lib/cpp_nodes/empaquetado_nodo
[2.425s] -- Set runtime path of "/home/parallels/practica_ROS/ros2_prac2_ws/install/cpp_nodes/lib/cpp_nodes/empaquetado_nodo" to ""
[2.425s] -- Up-to-date: /home/parallels/practica_ROS/ros2_prac2_ws/install/cpp_nodes/share/ament_index/resource_index/package_run_dependencies/cpp_nodes
[2.425s] -- Up-to-date: /home/parallels/practica_ROS/ros2_prac2_ws/install/cpp_nodes/share/ament_index/resource_index/parent_prefix_path/cpp_nodes
[2.425s] -- Up-to-date: /home/parallels/practica_ROS/ros2_prac2_ws/install/cpp_nodes/share/cpp_nodes/environment/ament_prefix_path.sh
[2.425s] -- Installing: /home/parallels/practica_ROS/ros2_prac2_ws/install/cpp_nodes/share/cpp_nodes/environment/ament_prefix_path.dsv
[2.426s] -- Up-to-date: /home/parallels/practica_ROS/ros2_prac2_ws/install/cpp_nodes/share/cpp_nodes/environment/path.sh
[2.426s] -- Installing: /home/parallels/practica_ROS/ros2_prac2_ws/install/cpp_nodes/share/cpp_nodes/environment/path.dsv
[2.426s] -- Up-to-date: /home/parallels/practica_ROS/ros2_prac2_ws/install/cpp_nodes/share/cpp_nodes/local_setup.bash
[2.426s] -- Up-to-date: /home/parallels/practica_ROS/ros2_prac2_ws/install/cpp_nodes/share/cpp_nodes/local_setup.sh
[2.426s] -- Up-to-date: /home/parallels/practica_ROS/ros2_prac2_ws/install/cpp_nodes/share/cpp_nodes/local_setup.zsh
[2.426s] -- Installing: /home/parallels/practica_ROS/ros2_prac2_ws/install/cpp_nodes/share/cpp_nodes/local_setup.dsv
[2.426s] -- Installing: /home/parallels/practica_ROS/ros2_prac2_ws/install/cpp_nodes/share/cpp_nodes/package.dsv
[2.427s] -- Up-to-date: /home/parallels/practica_ROS/ros2_prac2_ws/install/cpp_nodes/share/ament_index/resource_index/packages/cpp_nodes
[2.427s] -- Up-to-date: /home/parallels/practica_ROS/ros2_prac2_ws/install/cpp_nodes/share/cpp_nodes/cmake/ament_cmake_export_include_directories-extras.cmake
[2.427s] -- Up-to-date: /home/parallels/practica_ROS/ros2_prac2_ws/install/cpp_nodes/share/cpp_nodes/cmake/cpp_nodesConfig.cmake
[2.427s] -- Up-to-date: /home/parallels/practica_ROS/ros2_prac2_ws/install/cpp_nodes/share/cpp_nodes/cmake/cpp_nodesConfig-version.cmake
[2.427s] -- Up-to-date: /home/parallels/practica_ROS/ros2_prac2_ws/install/cpp_nodes/share/cpp_nodes/package.xml
[2.440s] Invoked command in '/home/parallels/practica_ROS/ros2_prac2_ws/build/cpp_nodes' returned '0': CMAKE_PREFIX_PATH=/home/parallels/practica_ROS/ros2_prac2_ws/install/interfaces:/home/parallels/practica_ROS/ros2_prac2_ws/install/cpp_nodes:/opt/ros/foxy /usr/bin/cmake --install /home/parallels/practica_ROS/ros2_prac2_ws/build/cpp_nodes
