[0.007s] Invoking command in '/home/parallels/practica_ROS/ros2_prac2_ws/build/interfaces': CMAKE_PREFIX_PATH=${CMAKE_PREFIX_PATH}:/opt/ros/foxy /usr/bin/cmake --build /home/parallels/practica_ROS/ros2_prac2_ws/build/interfaces -- -j2 -l2
[0.040s] [  3%] Built target interfaces__cpp
[0.048s] [ 12%] Built target interfaces__rosidl_generator_c
[0.062s] [ 22%] Built target interfaces__rosidl_typesupport_introspection_cpp
[0.065s] [ 32%] Built target interfaces__rosidl_typesupport_fastrtps_cpp
[0.078s] [ 41%] Built target interfaces__rosidl_typesupport_introspection_c
[0.079s] [ 51%] Built target interfaces__rosidl_typesupport_cpp
[0.089s] [ 61%] Built target interfaces__rosidl_typesupport_c
[0.092s] [ 70%] Built target interfaces__rosidl_typesupport_fastrtps_c
[0.103s] [ 70%] Built target interfaces
[0.124s] [ 74%] Built target interfaces__py
[0.140s] [ 80%] Built target interfaces__python
[0.154s] [ 90%] Built target interfaces__rosidl_typesupport_c__pyext
[0.155s] [ 93%] Built target interfaces__rosidl_typesupport_introspection_c__pyext
[0.168s] [100%] Built target interfaces__rosidl_typesupport_fastrtps_c__pyext
[0.174s] Invoked command in '/home/parallels/practica_ROS/ros2_prac2_ws/build/interfaces' returned '0': CMAKE_PREFIX_PATH=${CMAKE_PREFIX_PATH}:/opt/ros/foxy /usr/bin/cmake --build /home/parallels/practica_ROS/ros2_prac2_ws/build/interfaces -- -j2 -l2
[0.180s] Invoking command in '/home/parallels/practica_ROS/ros2_prac2_ws/build/interfaces': CMAKE_PREFIX_PATH=${CMAKE_PREFIX_PATH}:/opt/ros/foxy /usr/bin/cmake --install /home/parallels/practica_ROS/ros2_prac2_ws/build/interfaces
[0.184s] -- Install configuration: ""
[0.184s] -- Up-to-date: /home/parallels/practica_ROS/ros2_prac2_ws/install/interfaces/share/ament_index/resource_index/rosidl_interfaces/interfaces
[0.184s] -- Up-to-date: /home/parallels/practica_ROS/ros2_prac2_ws/install/interfaces/include/interfaces
[0.185s] -- Up-to-date: /home/parallels/practica_ROS/ros2_prac2_ws/install/interfaces/include/interfaces/msg
[0.185s] -- Up-to-date: /home/parallels/practica_ROS/ros2_prac2_ws/install/interfaces/include/interfaces/msg/rosidl_generator_c__visibility_control.h
[0.185s] -- Up-to-date: /home/parallels/practica_ROS/ros2_prac2_ws/install/interfaces/include/interfaces/msg/custom_string.h
[0.185s] -- Up-to-date: /home/parallels/practica_ROS/ros2_prac2_ws/install/interfaces/include/interfaces/msg/detail
[0.185s] -- Up-to-date: /home/parallels/practica_ROS/ros2_prac2_ws/install/interfaces/include/interfaces/msg/detail/custom_string__struct.h
[0.185s] -- Up-to-date: /home/parallels/practica_ROS/ros2_prac2_ws/install/interfaces/include/interfaces/msg/detail/custom_string__type_support.h
[0.185s] -- Up-to-date: /home/parallels/practica_ROS/ros2_prac2_ws/install/interfaces/include/interfaces/msg/detail/custom_string__functions.c
[0.185s] -- Up-to-date: /home/parallels/practica_ROS/ros2_prac2_ws/install/interfaces/include/interfaces/msg/detail/custom_string__functions.h
[0.186s] -- Up-to-date: /home/parallels/practica_ROS/ros2_prac2_ws/install/interfaces/share/interfaces/environment/library_path.sh
[0.187s] -- Up-to-date: /home/parallels/practica_ROS/ros2_prac2_ws/install/interfaces/share/interfaces/environment/library_path.dsv
[0.187s] -- Up-to-date: /home/parallels/practica_ROS/ros2_prac2_ws/install/interfaces/lib/libinterfaces__rosidl_generator_c.so
[0.187s] -- Up-to-date: /home/parallels/practica_ROS/ros2_prac2_ws/install/interfaces/include/interfaces
[0.187s] -- Up-to-date: /home/parallels/practica_ROS/ros2_prac2_ws/install/interfaces/include/interfaces/msg
[0.187s] -- Up-to-date: /home/parallels/practica_ROS/ros2_prac2_ws/install/interfaces/include/interfaces/msg/rosidl_typesupport_fastrtps_c__visibility_control.h
[0.187s] -- Up-to-date: /home/parallels/practica_ROS/ros2_prac2_ws/install/interfaces/include/interfaces/msg/detail
[0.187s] -- Up-to-date: /home/parallels/practica_ROS/ros2_prac2_ws/install/interfaces/include/interfaces/msg/detail/custom_string__rosidl_typesupport_fastrtps_c.h
[0.187s] -- Up-to-date: /home/parallels/practica_ROS/ros2_prac2_ws/install/interfaces/lib/libinterfaces__rosidl_typesupport_fastrtps_c.so
[0.187s] -- Up-to-date: /home/parallels/practica_ROS/ros2_prac2_ws/install/interfaces/include/interfaces
[0.187s] -- Up-to-date: /home/parallels/practica_ROS/ros2_prac2_ws/install/interfaces/include/interfaces/msg
[0.187s] -- Up-to-date: /home/parallels/practica_ROS/ros2_prac2_ws/install/interfaces/include/interfaces/msg/detail
[0.187s] -- Up-to-date: /home/parallels/practica_ROS/ros2_prac2_ws/install/interfaces/include/interfaces/msg/detail/dds_fastrtps
[0.187s] -- Up-to-date: /home/parallels/practica_ROS/ros2_prac2_ws/install/interfaces/include/interfaces/msg/detail/custom_string__rosidl_typesupport_fastrtps_cpp.hpp
[0.187s] -- Up-to-date: /home/parallels/practica_ROS/ros2_prac2_ws/install/interfaces/include/interfaces/msg/rosidl_typesupport_fastrtps_cpp__visibility_control.h
[0.187s] -- Up-to-date: /home/parallels/practica_ROS/ros2_prac2_ws/install/interfaces/lib/libinterfaces__rosidl_typesupport_fastrtps_cpp.so
[0.187s] -- Up-to-date: /home/parallels/practica_ROS/ros2_prac2_ws/install/interfaces/include/interfaces
[0.187s] -- Up-to-date: /home/parallels/practica_ROS/ros2_prac2_ws/install/interfaces/include/interfaces/msg
[0.187s] -- Up-to-date: /home/parallels/practica_ROS/ros2_prac2_ws/install/interfaces/include/interfaces/msg/rosidl_typesupport_introspection_c__visibility_control.h
[0.187s] -- Up-to-date: /home/parallels/practica_ROS/ros2_prac2_ws/install/interfaces/include/interfaces/msg/detail
[0.187s] -- Up-to-date: /home/parallels/practica_ROS/ros2_prac2_ws/install/interfaces/include/interfaces/msg/detail/custom_string__rosidl_typesupport_introspection_c.h
[0.187s] -- Up-to-date: /home/parallels/practica_ROS/ros2_prac2_ws/install/interfaces/include/interfaces/msg/detail/custom_string__type_support.c
[0.187s] -- Up-to-date: /home/parallels/practica_ROS/ros2_prac2_ws/install/interfaces/lib/libinterfaces__rosidl_typesupport_introspection_c.so
[0.187s] -- Up-to-date: /home/parallels/practica_ROS/ros2_prac2_ws/install/interfaces/lib/libinterfaces__rosidl_typesupport_c.so
[0.187s] -- Up-to-date: /home/parallels/practica_ROS/ros2_prac2_ws/install/interfaces/include/interfaces
[0.187s] -- Up-to-date: /home/parallels/practica_ROS/ros2_prac2_ws/install/interfaces/include/interfaces/msg
[0.187s] -- Up-to-date: /home/parallels/practica_ROS/ros2_prac2_ws/install/interfaces/include/interfaces/msg/custom_string.hpp
[0.187s] -- Up-to-date: /home/parallels/practica_ROS/ros2_prac2_ws/install/interfaces/include/interfaces/msg/rosidl_generator_cpp__visibility_control.hpp
[0.187s] -- Up-to-date: /home/parallels/practica_ROS/ros2_prac2_ws/install/interfaces/include/interfaces/msg/detail
[0.187s] -- Up-to-date: /home/parallels/practica_ROS/ros2_prac2_ws/install/interfaces/include/interfaces/msg/detail/custom_string__traits.hpp
[0.187s] -- Up-to-date: /home/parallels/practica_ROS/ros2_prac2_ws/install/interfaces/include/interfaces/msg/detail/custom_string__type_support.hpp
[0.187s] -- Up-to-date: /home/parallels/practica_ROS/ros2_prac2_ws/install/interfaces/include/interfaces/msg/detail/custom_string__builder.hpp
[0.187s] -- Up-to-date: /home/parallels/practica_ROS/ros2_prac2_ws/install/interfaces/include/interfaces/msg/detail/custom_string__struct.hpp
[0.188s] -- Up-to-date: /home/parallels/practica_ROS/ros2_prac2_ws/install/interfaces/include/interfaces
[0.188s] -- Up-to-date: /home/parallels/practica_ROS/ros2_prac2_ws/install/interfaces/include/interfaces/msg
[0.188s] -- Up-to-date: /home/parallels/practica_ROS/ros2_prac2_ws/install/interfaces/include/interfaces/msg/detail
[0.188s] -- Up-to-date: /home/parallels/practica_ROS/ros2_prac2_ws/install/interfaces/include/interfaces/msg/detail/custom_string__rosidl_typesupport_introspection_cpp.hpp
[0.188s] -- Up-to-date: /home/parallels/practica_ROS/ros2_prac2_ws/install/interfaces/include/interfaces/msg/detail/custom_string__type_support.cpp
[0.188s] -- Up-to-date: /home/parallels/practica_ROS/ros2_prac2_ws/install/interfaces/lib/libinterfaces__rosidl_typesupport_introspection_cpp.so
[0.188s] -- Up-to-date: /home/parallels/practica_ROS/ros2_prac2_ws/install/interfaces/lib/libinterfaces__rosidl_typesupport_cpp.so
[0.188s] -- Up-to-date: /home/parallels/practica_ROS/ros2_prac2_ws/install/interfaces/share/interfaces/environment/pythonpath.sh
[0.188s] -- Up-to-date: /home/parallels/practica_ROS/ros2_prac2_ws/install/interfaces/share/interfaces/environment/pythonpath.dsv
[0.188s] -- Up-to-date: /home/parallels/practica_ROS/ros2_prac2_ws/install/interfaces/lib/python3.8/site-packages/interfaces/__init__.py
[0.212s] -- Up-to-date: /home/parallels/practica_ROS/ros2_prac2_ws/install/interfaces/lib/python3.8/site-packages/interfaces/msg
[0.212s] -- Up-to-date: /home/parallels/practica_ROS/ros2_prac2_ws/install/interfaces/lib/python3.8/site-packages/interfaces/msg/_custom_string_s.c
[0.213s] -- Up-to-date: /home/parallels/practica_ROS/ros2_prac2_ws/install/interfaces/lib/python3.8/site-packages/interfaces/msg/__init__.py
[0.213s] -- Up-to-date: /home/parallels/practica_ROS/ros2_prac2_ws/install/interfaces/lib/python3.8/site-packages/interfaces/msg/_custom_string.py
[0.213s] -- Up-to-date: /home/parallels/practica_ROS/ros2_prac2_ws/install/interfaces/lib/python3.8/site-packages/interfaces/interfaces_s__rosidl_typesupport_fastrtps_c.cpython-38-aarch64-linux-gnu.so
[0.213s] -- Up-to-date: /home/parallels/practica_ROS/ros2_prac2_ws/install/interfaces/lib/python3.8/site-packages/interfaces/interfaces_s__rosidl_typesupport_introspection_c.cpython-38-aarch64-linux-gnu.so
[0.214s] -- Up-to-date: /home/parallels/practica_ROS/ros2_prac2_ws/install/interfaces/lib/python3.8/site-packages/interfaces/interfaces_s__rosidl_typesupport_c.cpython-38-aarch64-linux-gnu.so
[0.214s] -- Up-to-date: /home/parallels/practica_ROS/ros2_prac2_ws/install/interfaces/lib/libinterfaces__python.so
[0.214s] -- Up-to-date: /home/parallels/practica_ROS/ros2_prac2_ws/install/interfaces/share/interfaces/msg/CustomString.idl
[0.214s] -- Up-to-date: /home/parallels/practica_ROS/ros2_prac2_ws/install/interfaces/share/interfaces/msg/CustomString.msg
[0.214s] -- Up-to-date: /home/parallels/practica_ROS/ros2_prac2_ws/install/interfaces/share/ament_index/resource_index/package_run_dependencies/interfaces
[0.214s] -- Up-to-date: /home/parallels/practica_ROS/ros2_prac2_ws/install/interfaces/share/ament_index/resource_index/parent_prefix_path/interfaces
[0.214s] -- Up-to-date: /home/parallels/practica_ROS/ros2_prac2_ws/install/interfaces/share/interfaces/environment/ament_prefix_path.sh
[0.214s] -- Up-to-date: /home/parallels/practica_ROS/ros2_prac2_ws/install/interfaces/share/interfaces/environment/ament_prefix_path.dsv
[0.214s] -- Up-to-date: /home/parallels/practica_ROS/ros2_prac2_ws/install/interfaces/share/interfaces/environment/path.sh
[0.214s] -- Up-to-date: /home/parallels/practica_ROS/ros2_prac2_ws/install/interfaces/share/interfaces/environment/path.dsv
[0.214s] -- Up-to-date: /home/parallels/practica_ROS/ros2_prac2_ws/install/interfaces/share/interfaces/local_setup.bash
[0.214s] -- Up-to-date: /home/parallels/practica_ROS/ros2_prac2_ws/install/interfaces/share/interfaces/local_setup.sh
[0.214s] -- Up-to-date: /home/parallels/practica_ROS/ros2_prac2_ws/install/interfaces/share/interfaces/local_setup.zsh
[0.214s] -- Up-to-date: /home/parallels/practica_ROS/ros2_prac2_ws/install/interfaces/share/interfaces/local_setup.dsv
[0.214s] -- Installing: /home/parallels/practica_ROS/ros2_prac2_ws/install/interfaces/share/interfaces/package.dsv
[0.215s] -- Up-to-date: /home/parallels/practica_ROS/ros2_prac2_ws/install/interfaces/share/ament_index/resource_index/packages/interfaces
[0.215s] -- Up-to-date: /home/parallels/practica_ROS/ros2_prac2_ws/install/interfaces/share/interfaces/cmake/interfaces__rosidl_generator_cExport.cmake
[0.215s] -- Up-to-date: /home/parallels/practica_ROS/ros2_prac2_ws/install/interfaces/share/interfaces/cmake/interfaces__rosidl_generator_cExport-noconfig.cmake
[0.215s] -- Up-to-date: /home/parallels/practica_ROS/ros2_prac2_ws/install/interfaces/share/interfaces/cmake/interfaces__rosidl_typesupport_introspection_cExport.cmake
[0.215s] -- Up-to-date: /home/parallels/practica_ROS/ros2_prac2_ws/install/interfaces/share/interfaces/cmake/interfaces__rosidl_typesupport_introspection_cExport-noconfig.cmake
[0.215s] -- Up-to-date: /home/parallels/practica_ROS/ros2_prac2_ws/install/interfaces/share/interfaces/cmake/interfaces__rosidl_typesupport_cExport.cmake
[0.215s] -- Up-to-date: /home/parallels/practica_ROS/ros2_prac2_ws/install/interfaces/share/interfaces/cmake/interfaces__rosidl_typesupport_cExport-noconfig.cmake
[0.215s] -- Up-to-date: /home/parallels/practica_ROS/ros2_prac2_ws/install/interfaces/share/interfaces/cmake/interfaces__rosidl_generator_cppExport.cmake
[0.215s] -- Up-to-date: /home/parallels/practica_ROS/ros2_prac2_ws/install/interfaces/share/interfaces/cmake/interfaces__rosidl_typesupport_introspection_cppExport.cmake
[0.215s] -- Up-to-date: /home/parallels/practica_ROS/ros2_prac2_ws/install/interfaces/share/interfaces/cmake/interfaces__rosidl_typesupport_introspection_cppExport-noconfig.cmake
[0.215s] -- Up-to-date: /home/parallels/practica_ROS/ros2_prac2_ws/install/interfaces/share/interfaces/cmake/interfaces__rosidl_typesupport_cppExport.cmake
[0.215s] -- Up-to-date: /home/parallels/practica_ROS/ros2_prac2_ws/install/interfaces/share/interfaces/cmake/interfaces__rosidl_typesupport_cppExport-noconfig.cmake
[0.215s] -- Up-to-date: /home/parallels/practica_ROS/ros2_prac2_ws/install/interfaces/share/interfaces/cmake/rosidl_cmake-extras.cmake
[0.215s] -- Up-to-date: /home/parallels/practica_ROS/ros2_prac2_ws/install/interfaces/share/interfaces/cmake/ament_cmake_export_dependencies-extras.cmake
[0.215s] -- Up-to-date: /home/parallels/practica_ROS/ros2_prac2_ws/install/interfaces/share/interfaces/cmake/ament_cmake_export_libraries-extras.cmake
[0.215s] -- Up-to-date: /home/parallels/practica_ROS/ros2_prac2_ws/install/interfaces/share/interfaces/cmake/ament_cmake_export_targets-extras.cmake
[0.215s] -- Up-to-date: /home/parallels/practica_ROS/ros2_prac2_ws/install/interfaces/share/interfaces/cmake/ament_cmake_export_include_directories-extras.cmake
[0.215s] -- Up-to-date: /home/parallels/practica_ROS/ros2_prac2_ws/install/interfaces/share/interfaces/cmake/rosidl_cmake_export_typesupport_libraries-extras.cmake
[0.215s] -- Up-to-date: /home/parallels/practica_ROS/ros2_prac2_ws/install/interfaces/share/interfaces/cmake/rosidl_cmake_export_typesupport_targets-extras.cmake
[0.216s] -- Up-to-date: /home/parallels/practica_ROS/ros2_prac2_ws/install/interfaces/share/interfaces/cmake/interfacesConfig.cmake
[0.216s] -- Up-to-date: /home/parallels/practica_ROS/ros2_prac2_ws/install/interfaces/share/interfaces/cmake/interfacesConfig-version.cmake
[0.216s] -- Up-to-date: /home/parallels/practica_ROS/ros2_prac2_ws/install/interfaces/share/interfaces/package.xml
[0.222s] Invoked command in '/home/parallels/practica_ROS/ros2_prac2_ws/build/interfaces' returned '0': CMAKE_PREFIX_PATH=${CMAKE_PREFIX_PATH}:/opt/ros/foxy /usr/bin/cmake --install /home/parallels/practica_ROS/ros2_prac2_ws/build/interfaces
