In file included from [01m[K/usr/include/aarch64-linux-gnu/c++/9/bits/c++allocator.h:33[m[K,
                 from [01m[K/usr/include/c++/9/bits/allocator.h:46[m[K,
                 from [01m[K/usr/include/c++/9/memory:63[m[K,
                 from [01m[K/opt/ros/foxy/include/rclcpp/rclcpp.hpp:144[m[K,
                 from [01m[K/home/parallels/practica_ROS/ros2_prac2_ws/src/cpp_nodes/include/informacion_personal_nodo.hpp:4[m[K,
                 from [01m[K/home/parallels/practica_ROS/ros2_prac2_ws/src/cpp_nodes/src/informacion_personal_nodo.cpp:1[m[K:
/usr/include/c++/9/ext/new_allocator.h: In instantiation of ‘[01m[Kvoid __gnu_cxx::new_allocator<_Tp>::construct(_Up*, _Args&& ...) [with _Up = InformacionPersonalNodo; _Args = {}; _Tp = InformacionPersonalNodo][m[K’:
[01m[K/usr/include/c++/9/bits/alloc_traits.h:483:4:[m[K   required from ‘[01m[Kstatic void std::allocator_traits<std::allocator<_Tp1> >::construct(std::allocator_traits<std::allocator<_Tp1> >::allocator_type&, _Up*, _Args&& ...) [with _Up = InformacionPersonalNodo; _Args = {}; _Tp = InformacionPersonalNodo; std::allocator_traits<std::allocator<_Tp1> >::allocator_type = std::allocator<InformacionPersonalNodo>][m[K’
[01m[K/usr/include/c++/9/bits/shared_ptr_base.h:548:39:[m[K   required from ‘[01m[Kstd::_Sp_counted_ptr_inplace<_Tp, _Alloc, _Lp>::_Sp_counted_ptr_inplace(_Alloc, _Args&& ...) [with _Args = {}; _Tp = InformacionPersonalNodo; _Alloc = std::allocator<InformacionPersonalNodo>; __gnu_cxx::_Lock_policy _Lp = __gnu_cxx::_S_atomic][m[K’
[01m[K/usr/include/c++/9/bits/shared_ptr_base.h:679:16:[m[K   required from ‘[01m[Kstd::__shared_count<_Lp>::__shared_count(_Tp*&, std::_Sp_alloc_shared_tag<_Alloc>, _Args&& ...) [with _Tp = InformacionPersonalNodo; _Alloc = std::allocator<InformacionPersonalNodo>; _Args = {}; __gnu_cxx::_Lock_policy _Lp = __gnu_cxx::_S_atomic][m[K’
[01m[K/usr/include/c++/9/bits/shared_ptr_base.h:1344:71:[m[K   required from ‘[01m[Kstd::__shared_ptr<_Tp, _Lp>::__shared_ptr(std::_Sp_alloc_shared_tag<_Tp>, _Args&& ...) [with _Alloc = std::allocator<InformacionPersonalNodo>; _Args = {}; _Tp = InformacionPersonalNodo; __gnu_cxx::_Lock_policy _Lp = __gnu_cxx::_S_atomic][m[K’
[01m[K/usr/include/c++/9/bits/shared_ptr.h:359:59:[m[K   required from ‘[01m[Kstd::shared_ptr<_Tp>::shared_ptr(std::_Sp_alloc_shared_tag<_Tp>, _Args&& ...) [with _Alloc = std::allocator<InformacionPersonalNodo>; _Args = {}; _Tp = InformacionPersonalNodo][m[K’
[01m[K/usr/include/c++/9/bits/shared_ptr.h:701:14:[m[K   required from ‘[01m[Kstd::shared_ptr<_Tp> std::allocate_shared(const _Alloc&, _Args&& ...) [with _Tp = InformacionPersonalNodo; _Alloc = std::allocator<InformacionPersonalNodo>; _Args = {}][m[K’
[01m[K/usr/include/c++/9/bits/shared_ptr.h:717:39:[m[K   required from ‘[01m[Kstd::shared_ptr<_Tp> std::make_shared(_Args&& ...) [with _Tp = InformacionPersonalNodo; _Args = {}][m[K’
[01m[K/home/parallels/practica_ROS/ros2_prac2_ws/src/cpp_nodes/src/informacion_personal_nodo.cpp:72:58:[m[K   required from here
[01m[K/usr/include/c++/9/ext/new_allocator.h:146:4:[m[K [01;31m[Kerror: [m[Kno matching function for call to ‘[01m[KInformacionPersonalNodo::InformacionPersonalNodo()[m[K’
  146 |  { [01;31m[K::new((void *)__p) _Up(std::forward<_Args>(__args)...)[m[K; }
      |    [01;31m[K^~~~~~~~~~~~~~~~~~~~~~~~~~~~~~~~~~~~~~~~~~~~~~~~~~~~~~[m[K
[01m[K/home/parallels/practica_ROS/ros2_prac2_ws/src/cpp_nodes/src/informacion_personal_nodo.cpp:6:1:[m[K [01;36m[Knote: [m[Kcandidate: ‘[01m[KInformacionPersonalNodo::InformacionPersonalNodo(const string&)[m[K’
    6 | [01;36m[KInformacionPersonalNodo[m[K::InformacionPersonalNodo(const std::string &node_name)
      | [01;36m[K^~~~~~~~~~~~~~~~~~~~~~~[m[K
[01m[K/home/parallels/practica_ROS/ros2_prac2_ws/src/cpp_nodes/src/informacion_personal_nodo.cpp:6:1:[m[K [01;36m[Knote: [m[K  candidate expects 1 argument, 0 provided
make[2]: *** [CMakeFiles/informacion_personal_nodo.dir/build.make:63: CMakeFiles/informacion_personal_nodo.dir/src/informacion_personal_nodo.cpp.o] Error 1
make[1]: *** [CMakeFiles/Makefile2:136: CMakeFiles/informacion_personal_nodo.dir/all] Error 2
make[1]: *** Waiting for unfinished jobs....
/usr/bin/ld: /usr/lib/gcc/aarch64-linux-gnu/9/../../../aarch64-linux-gnu/Scrt1.o: in function `_start':
(.text+0x18): undefined reference to `main'
/usr/bin/ld: (.text+0x1c): undefined reference to `main'
collect2: error: ld returned 1 exit status
make[2]: *** [CMakeFiles/emocion_usuario_nodo.dir/build.make:131: emocion_usuario_nodo] Error 1
make[1]: *** [CMakeFiles/Makefile2:82: CMakeFiles/emocion_usuario_nodo.dir/all] Error 2
make: *** [Makefile:141: all] Error 2
