[0.006s] Invoking command in '/home/parallels/practica_ROS/ros2_prac2_ws/build/cpp_nodes': CMAKE_PREFIX_PATH=/home/parallels/practica_ROS/ros2_prac2_ws/install/interfaces:/home/parallels/practica_ROS/ros2_prac2_ws/install/cpp_nodes:/opt/ros/foxy /usr/bin/cmake --build /home/parallels/practica_ROS/ros2_prac2_ws/build/cpp_nodes -- -j2 -l2
[0.022s] -- Found ament_cmake: 0.9.12 (/opt/ros/foxy/share/ament_cmake/cmake)
[0.034s] -- Using PYTHON_EXECUTABLE: /usr/bin/python3
[0.117s] -- Found rclcpp: 2.4.3 (/opt/ros/foxy/share/rclcpp/cmake)
[0.139s] -- Using all available rosidl_typesupport_c: rosidl_typesupport_fastrtps_c;rosidl_typesupport_introspection_c
[0.140s] -- Found rosidl_adapter: 1.3.1 (/opt/ros/foxy/share/rosidl_adapter/cmake)
[0.220s] -- Using all available rosidl_typesupport_cpp: rosidl_typesupport_fastrtps_cpp;rosidl_typesupport_introspection_cpp
[0.252s] -- Found rmw_implementation_cmake: 1.0.4 (/opt/ros/foxy/share/rmw_implementation_cmake/cmake)
[0.253s] -- Using RMW implementation 'rmw_fastrtps_cpp' as default
[0.415s] -- Found interfaces: 0.0.0 (/home/parallels/practica_ROS/ros2_prac2_ws/install/interfaces/share/interfaces/cmake)
[0.455s] -- Configuring done
[0.461s] -- Generating done
[0.464s] -- Build files have been written to: /home/parallels/practica_ROS/ros2_prac2_ws/build/cpp_nodes
[0.487s] [35m[1mScanning dependencies of target main_node[0m
[0.506s] [ 40%] [32mBuilding CXX object CMakeFiles/main_node.dir/src/main_2.cpp.o[0m
[0.506s] [ 40%] [32m[1mLinking CXX executable empaquetado_nodo[0m
[0.719s] [ 60%] Built target empaquetado_nodo
[0.732s] [ 80%] [32mBuilding CXX object CMakeFiles/main_node.dir/src/informacion_personal_nodo.cpp.o[0m
[1.639s] [01m[K/home/parallels/practica_ROS/ros2_prac2_ws/src/cpp_nodes/src/informacion_personal_nodo.cpp:[m[K In member function ‘[01m[Kvoid InformacionPersonalNodo::timer_callback()[m[K’:
[1.639s] [01m[K/home/parallels/practica_ROS/ros2_prac2_ws/src/cpp_nodes/src/informacion_personal_nodo.cpp:38:11:[m[K [01;31m[Kerror: [m[K‘[01m[Kstruct interfaces::msg::InfPersonalUsuario_<std::allocator<void> >[m[K’ has no member named ‘[01m[Kdata[m[K’
[1.640s]    38 |   message.[01;31m[Kdata[m[K = user_input_;
[1.640s]       |           [01;31m[K^~~~[m[K
[1.640s] In file included from [01m[K/opt/ros/foxy/include/rclcpp/client.hpp:40[m[K,
[1.640s]                  from [01m[K/opt/ros/foxy/include/rclcpp/callback_group.hpp:23[m[K,
[1.640s]                  from [01m[K/opt/ros/foxy/include/rclcpp/any_executable.hpp:20[m[K,
[1.640s]                  from [01m[K/opt/ros/foxy/include/rclcpp/memory_strategy.hpp:24[m[K,
[1.640s]                  from [01m[K/opt/ros/foxy/include/rclcpp/memory_strategies.hpp:18[m[K,
[1.640s]                  from [01m[K/opt/ros/foxy/include/rclcpp/executor_options.hpp:20[m[K,
[1.640s]                  from [01m[K/opt/ros/foxy/include/rclcpp/executor.hpp:33[m[K,
[1.640s]                  from [01m[K/opt/ros/foxy/include/rclcpp/executors/multi_threaded_executor.hpp:26[m[K,
[1.640s]                  from [01m[K/opt/ros/foxy/include/rclcpp/executors.hpp:21[m[K,
[1.640s]                  from [01m[K/opt/ros/foxy/include/rclcpp/rclcpp.hpp:146[m[K,
[1.640s]                  from [01m[K/home/parallels/practica_ROS/ros2_prac2_ws/src/cpp_nodes/include/informacion_personal_nodo.hpp:4[m[K,
[1.640s]                  from [01m[K/home/parallels/practica_ROS/ros2_prac2_ws/src/cpp_nodes/src/informacion_personal_nodo.cpp:1[m[K:
[1.640s] [01m[K/home/parallels/practica_ROS/ros2_prac2_ws/src/cpp_nodes/src/informacion_personal_nodo.cpp:39:63:[m[K [01;31m[Kerror: [m[K‘[01m[Kstruct interfaces::msg::InfPersonalUsuario_<std::allocator<void> >[m[K’ has no member named ‘[01m[Kdata[m[K’
[1.640s]    39 |   RCLCPP_INFO(this->get_logger(), "Publishing: '%s'", message.[01;31m[Kdata[m[K.c_str());
[1.640s]       |                                                               [01;31m[K^~~~[m[K
[2.019s] make[2]: *** [CMakeFiles/main_node.dir/build.make:76: CMakeFiles/main_node.dir/src/informacion_personal_nodo.cpp.o] Error 1
[2.019s] make[1]: *** [CMakeFiles/Makefile2:107: CMakeFiles/main_node.dir/all] Error 2
[2.019s] make: *** [Makefile:141: all] Error 2
[2.030s] Invoked command in '/home/parallels/practica_ROS/ros2_prac2_ws/build/cpp_nodes' returned '2': CMAKE_PREFIX_PATH=/home/parallels/practica_ROS/ros2_prac2_ws/install/interfaces:/home/parallels/practica_ROS/ros2_prac2_ws/install/cpp_nodes:/opt/ros/foxy /usr/bin/cmake --build /home/parallels/practica_ROS/ros2_prac2_ws/build/cpp_nodes -- -j2 -l2
