[ 25%] Built target emocion_usuario_nodo
[ 50%] Built target posicion_usuario_nodo
[35m[1mScanning dependencies of target empaquetado_nodo[0m
[ 75%] Built target informacion_personal_nodo
[ 87%] [32mBuilding CXX object CMakeFiles/empaquetado_nodo.dir/src/empaquetado_nodo.cpp.o[0m
[01m[K/home/parallels/practica_ROS/ros2_prac2_ws/src/cpp_nodes/src/empaquetado_nodo.cpp:[m[K In constructor ‘[01m[KEmpaquetadoNodo::EmpaquetadoNodo()[m[K’:
[01m[K/home/parallels/practica_ROS/ros2_prac2_ws/src/cpp_nodes/src/empaquetado_nodo.cpp:13:55:[m[K [01;31m[Kerror: [m[K‘[01m[Kposicion_callback[m[K’ is not a member of ‘[01m[KEmpaquetadoNodo[m[K’
   13 |     "topic_Posicion", 10, std::bind(&EmpaquetadoNodo::[01;31m[Kposicion_callback[m[K, this, _1));
      |                                                       [01;31m[K^~~~~~~~~~~~~~~~~[m[K
[01m[K/home/parallels/practica_ROS/ros2_prac2_ws/src/cpp_nodes/src/empaquetado_nodo.cpp:[m[K At global scope:
[01m[K/home/parallels/practica_ROS/ros2_prac2_ws/src/cpp_nodes/src/empaquetado_nodo.cpp:27:6:[m[K [01;31m[Kerror: [m[Kno declaration matches ‘[01m[Kvoid EmpaquetadoNodo::posicion_callback(interfaces::msg::Posicion_<std::allocator<void> >::SharedPtr) const[m[K’
   27 | void [01;31m[KEmpaquetadoNodo[m[K::posicion_callback(const interfaces::msg::Posicion::SharedPtr msg) const
      |      [01;31m[K^~~~~~~~~~~~~~~[m[K
[01m[K/home/parallels/practica_ROS/ros2_prac2_ws/src/cpp_nodes/src/empaquetado_nodo.cpp:27:6:[m[K [01;36m[Knote: [m[Kno functions named ‘[01m[Kvoid EmpaquetadoNodo::posicion_callback(interfaces::msg::Posicion_<std::allocator<void> >::SharedPtr) const[m[K’
In file included from [01m[K/home/parallels/practica_ROS/ros2_prac2_ws/src/cpp_nodes/src/empaquetado_nodo.cpp:1[m[K:
[01m[K/home/parallels/practica_ROS/ros2_prac2_ws/src/cpp_nodes/include/empaquetado_nodo.hpp:10:7:[m[K [01;36m[Knote: [m[K‘[01m[Kclass EmpaquetadoNodo[m[K’ defined here
   10 | class [01;36m[KEmpaquetadoNodo[m[K : public rclcpp::Node
      |       [01;36m[K^~~~~~~~~~~~~~~[m[K
make[2]: *** [CMakeFiles/empaquetado_nodo.dir/build.make:63: CMakeFiles/empaquetado_nodo.dir/src/empaquetado_nodo.cpp.o] Error 1
make[1]: *** [CMakeFiles/Makefile2:138: CMakeFiles/empaquetado_nodo.dir/all] Error 2
make: *** [Makefile:141: all] Error 2
