[0.099s] Invoking command in '/home/parallels/practica_ROS/ros2_prac2_ws/build/cpp_nodes': CMAKE_PREFIX_PATH=/home/parallels/practica_ROS/ros2_prac2_ws/install/interfaces:/home/parallels/practica_ROS/ros2_prac2_ws/install/cpp_nodes:/opt/ros/foxy /usr/bin/cmake --build /home/parallels/practica_ROS/ros2_prac2_ws/build/cpp_nodes -- -j2 -l2
[0.269s] [ 25%] Built target emocion_usuario_nodo
[0.273s] [ 50%] Built target posicion_usuario_nodo
[0.282s] [35m[1mScanning dependencies of target empaquetado_nodo[0m
[0.299s] [ 75%] Built target informacion_personal_nodo
[0.315s] [ 87%] [32mBuilding CXX object CMakeFiles/empaquetado_nodo.dir/src/empaquetado_nodo.cpp.o[0m
[1.236s] [01m[K/home/parallels/practica_ROS/ros2_prac2_ws/src/cpp_nodes/src/empaquetado_nodo.cpp:[m[K In constructor ‘[01m[KEmpaquetadoNodo::EmpaquetadoNodo()[m[K’:
[1.237s] [01m[K/home/parallels/practica_ROS/ros2_prac2_ws/src/cpp_nodes/src/empaquetado_nodo.cpp:13:55:[m[K [01;31m[Kerror: [m[K‘[01m[Kposicion_callback[m[K’ is not a member of ‘[01m[KEmpaquetadoNodo[m[K’
[1.237s]    13 |     "topic_Posicion", 10, std::bind(&EmpaquetadoNodo::[01;31m[Kposicion_callback[m[K, this, _1));
[1.237s]       |                                                       [01;31m[K^~~~~~~~~~~~~~~~~[m[K
[1.240s] [01m[K/home/parallels/practica_ROS/ros2_prac2_ws/src/cpp_nodes/src/empaquetado_nodo.cpp:[m[K At global scope:
[1.240s] [01m[K/home/parallels/practica_ROS/ros2_prac2_ws/src/cpp_nodes/src/empaquetado_nodo.cpp:27:6:[m[K [01;31m[Kerror: [m[Kno declaration matches ‘[01m[Kvoid EmpaquetadoNodo::posicion_callback(interfaces::msg::Posicion_<std::allocator<void> >::SharedPtr) const[m[K’
[1.240s]    27 | void [01;31m[KEmpaquetadoNodo[m[K::posicion_callback(const interfaces::msg::Posicion::SharedPtr msg) const
[1.240s]       |      [01;31m[K^~~~~~~~~~~~~~~[m[K
[1.240s] [01m[K/home/parallels/practica_ROS/ros2_prac2_ws/src/cpp_nodes/src/empaquetado_nodo.cpp:27:6:[m[K [01;36m[Knote: [m[Kno functions named ‘[01m[Kvoid EmpaquetadoNodo::posicion_callback(interfaces::msg::Posicion_<std::allocator<void> >::SharedPtr) const[m[K’
[1.240s] In file included from [01m[K/home/parallels/practica_ROS/ros2_prac2_ws/src/cpp_nodes/src/empaquetado_nodo.cpp:1[m[K:
[1.240s] [01m[K/home/parallels/practica_ROS/ros2_prac2_ws/src/cpp_nodes/include/empaquetado_nodo.hpp:10:7:[m[K [01;36m[Knote: [m[K‘[01m[Kclass EmpaquetadoNodo[m[K’ defined here
[1.240s]    10 | class [01;36m[KEmpaquetadoNodo[m[K : public rclcpp::Node
[1.240s]       |       [01;36m[K^~~~~~~~~~~~~~~[m[K
[2.471s] make[2]: *** [CMakeFiles/empaquetado_nodo.dir/build.make:63: CMakeFiles/empaquetado_nodo.dir/src/empaquetado_nodo.cpp.o] Error 1
[2.471s] make[1]: *** [CMakeFiles/Makefile2:138: CMakeFiles/empaquetado_nodo.dir/all] Error 2
[2.471s] make: *** [Makefile:141: all] Error 2
[2.477s] Invoked command in '/home/parallels/practica_ROS/ros2_prac2_ws/build/cpp_nodes' returned '2': CMAKE_PREFIX_PATH=/home/parallels/practica_ROS/ros2_prac2_ws/install/interfaces:/home/parallels/practica_ROS/ros2_prac2_ws/install/cpp_nodes:/opt/ros/foxy /usr/bin/cmake --build /home/parallels/practica_ROS/ros2_prac2_ws/build/cpp_nodes -- -j2 -l2
