[0.108s] DEBUG:colcon:Command line arguments: ['/usr/bin/colcon', 'build']
[0.108s] DEBUG:colcon:Parsed command line arguments: Namespace(allow_overriding=[], ament_cmake_args=None, base_paths=['.'], build_base='build', catkin_cmake_args=None, catkin_skip_building_tests=False, cmake_args=None, cmake_clean_cache=False, cmake_clean_first=False, cmake_force_configure=False, cmake_target=None, cmake_target_skip_unavailable=False, continue_on_error=False, event_handlers=None, executor='parallel', ignore_user_meta=False, install_base='install', log_base=None, log_level=None, main=<bound method BuildVerb.main of <colcon_core.verb.build.BuildVerb object at 0xffff81d8b040>>, merge_install=False, metas=['./colcon.meta'], packages_above=None, packages_above_and_dependencies=None, packages_above_depth=None, packages_end=None, packages_ignore=None, packages_ignore_regex=None, packages_select=None, packages_select_build_failed=False, packages_select_by_dep=None, packages_select_regex=None, packages_select_test_failures=False, packages_skip=None, packages_skip_build_finished=False, packages_skip_by_dep=None, packages_skip_regex=None, packages_skip_test_passed=False, packages_skip_up_to=None, packages_start=None, packages_up_to=None, packages_up_to_regex=None, parallel_workers=2, paths=None, symlink_install=False, test_result_base=None, verb_extension=<colcon_core.verb.build.BuildVerb object at 0xffff81d8b040>, verb_name='build', verb_parser=<colcon_defaults.argument_parser.defaults.DefaultArgumentsDecorator object at 0xffff81be2370>)
[0.189s] Level 1:colcon.colcon_core.package_discovery:discover_packages(colcon_meta) check parameters
[0.189s] Level 1:colcon.colcon_core.package_discovery:discover_packages(recursive) check parameters
[0.189s] Level 1:colcon.colcon_core.package_discovery:discover_packages(ignore) check parameters
[0.189s] Level 1:colcon.colcon_core.package_discovery:discover_packages(path) check parameters
[0.189s] Level 1:colcon.colcon_core.package_discovery:discover_packages(colcon_meta) discover
[0.190s] Level 1:colcon.colcon_core.package_discovery:discover_packages(recursive) discover
[0.190s] INFO:colcon.colcon_core.package_discovery:Crawling recursively for packages in '/home/parallels/practica_ROS/ros2_prac2_ws'
[0.190s] Level 1:colcon.colcon_core.package_identification:_identify(.) by extensions ['ignore', 'ignore_ament_install']
[0.190s] Level 1:colcon.colcon_core.package_identification:_identify(.) by extension 'ignore'
[0.190s] Level 1:colcon.colcon_core.package_identification:_identify(.) by extension 'ignore_ament_install'
[0.190s] Level 1:colcon.colcon_core.package_identification:_identify(.) by extensions ['colcon_pkg']
[0.190s] Level 1:colcon.colcon_core.package_identification:_identify(.) by extension 'colcon_pkg'
[0.190s] Level 1:colcon.colcon_core.package_identification:_identify(.) by extensions ['colcon_meta']
[0.190s] Level 1:colcon.colcon_core.package_identification:_identify(.) by extension 'colcon_meta'
[0.190s] Level 1:colcon.colcon_core.package_identification:_identify(.) by extensions ['ros']
[0.190s] Level 1:colcon.colcon_core.package_identification:_identify(.) by extension 'ros'
[0.201s] Level 1:colcon.colcon_core.package_identification:_identify(.) by extensions ['cmake', 'python']
[0.201s] Level 1:colcon.colcon_core.package_identification:_identify(.) by extension 'cmake'
[0.201s] Level 1:colcon.colcon_core.package_identification:_identify(.) by extension 'python'
[0.201s] Level 1:colcon.colcon_core.package_identification:_identify(.) by extensions ['python_setup_py']
[0.201s] Level 1:colcon.colcon_core.package_identification:_identify(.) by extension 'python_setup_py'
[0.201s] Level 1:colcon.colcon_core.package_identification:_identify(build) by extensions ['ignore', 'ignore_ament_install']
[0.201s] Level 1:colcon.colcon_core.package_identification:_identify(build) by extension 'ignore'
[0.201s] Level 1:colcon.colcon_core.package_identification:_identify(build) ignored
[0.201s] Level 1:colcon.colcon_core.package_identification:_identify(install) by extensions ['ignore', 'ignore_ament_install']
[0.201s] Level 1:colcon.colcon_core.package_identification:_identify(install) by extension 'ignore'
[0.201s] Level 1:colcon.colcon_core.package_identification:_identify(install) ignored
[0.202s] Level 1:colcon.colcon_core.package_identification:_identify(log) by extensions ['ignore', 'ignore_ament_install']
[0.202s] Level 1:colcon.colcon_core.package_identification:_identify(log) by extension 'ignore'
[0.202s] Level 1:colcon.colcon_core.package_identification:_identify(log) ignored
[0.202s] Level 1:colcon.colcon_core.package_identification:_identify(src) by extensions ['ignore', 'ignore_ament_install']
[0.202s] Level 1:colcon.colcon_core.package_identification:_identify(src) by extension 'ignore'
[0.202s] Level 1:colcon.colcon_core.package_identification:_identify(src) by extension 'ignore_ament_install'
[0.202s] Level 1:colcon.colcon_core.package_identification:_identify(src) by extensions ['colcon_pkg']
[0.202s] Level 1:colcon.colcon_core.package_identification:_identify(src) by extension 'colcon_pkg'
[0.202s] Level 1:colcon.colcon_core.package_identification:_identify(src) by extensions ['colcon_meta']
[0.202s] Level 1:colcon.colcon_core.package_identification:_identify(src) by extension 'colcon_meta'
[0.202s] Level 1:colcon.colcon_core.package_identification:_identify(src) by extensions ['ros']
[0.202s] Level 1:colcon.colcon_core.package_identification:_identify(src) by extension 'ros'
[0.202s] Level 1:colcon.colcon_core.package_identification:_identify(src) by extensions ['cmake', 'python']
[0.202s] Level 1:colcon.colcon_core.package_identification:_identify(src) by extension 'cmake'
[0.202s] Level 1:colcon.colcon_core.package_identification:_identify(src) by extension 'python'
[0.202s] Level 1:colcon.colcon_core.package_identification:_identify(src) by extensions ['python_setup_py']
[0.202s] Level 1:colcon.colcon_core.package_identification:_identify(src) by extension 'python_setup_py'
[0.202s] Level 1:colcon.colcon_core.package_identification:_identify(src/cpp_nodes) by extensions ['ignore', 'ignore_ament_install']
[0.202s] Level 1:colcon.colcon_core.package_identification:_identify(src/cpp_nodes) by extension 'ignore'
[0.202s] Level 1:colcon.colcon_core.package_identification:_identify(src/cpp_nodes) by extension 'ignore_ament_install'
[0.202s] Level 1:colcon.colcon_core.package_identification:_identify(src/cpp_nodes) by extensions ['colcon_pkg']
[0.202s] Level 1:colcon.colcon_core.package_identification:_identify(src/cpp_nodes) by extension 'colcon_pkg'
[0.202s] Level 1:colcon.colcon_core.package_identification:_identify(src/cpp_nodes) by extensions ['colcon_meta']
[0.202s] Level 1:colcon.colcon_core.package_identification:_identify(src/cpp_nodes) by extension 'colcon_meta'
[0.202s] Level 1:colcon.colcon_core.package_identification:_identify(src/cpp_nodes) by extensions ['ros']
[0.202s] Level 1:colcon.colcon_core.package_identification:_identify(src/cpp_nodes) by extension 'ros'
[0.204s] DEBUG:colcon.colcon_core.package_identification:Package 'src/cpp_nodes' with type 'ros.ament_cmake' and name 'cpp_nodes'
[0.204s] Level 1:colcon.colcon_core.package_identification:_identify(src/interfaces) by extensions ['ignore', 'ignore_ament_install']
[0.204s] Level 1:colcon.colcon_core.package_identification:_identify(src/interfaces) by extension 'ignore'
[0.204s] Level 1:colcon.colcon_core.package_identification:_identify(src/interfaces) by extension 'ignore_ament_install'
[0.204s] Level 1:colcon.colcon_core.package_identification:_identify(src/interfaces) by extensions ['colcon_pkg']
[0.204s] Level 1:colcon.colcon_core.package_identification:_identify(src/interfaces) by extension 'colcon_pkg'
[0.204s] Level 1:colcon.colcon_core.package_identification:_identify(src/interfaces) by extensions ['colcon_meta']
[0.204s] Level 1:colcon.colcon_core.package_identification:_identify(src/interfaces) by extension 'colcon_meta'
[0.204s] Level 1:colcon.colcon_core.package_identification:_identify(src/interfaces) by extensions ['ros']
[0.204s] Level 1:colcon.colcon_core.package_identification:_identify(src/interfaces) by extension 'ros'
[0.205s] DEBUG:colcon.colcon_core.package_identification:Package 'src/interfaces' with type 'ros.ament_cmake' and name 'interfaces'
[0.205s] Level 1:colcon.colcon_core.package_discovery:discover_packages(recursive) using defaults
[0.205s] Level 1:colcon.colcon_core.package_discovery:discover_packages(ignore) discover
[0.205s] Level 1:colcon.colcon_core.package_discovery:discover_packages(ignore) using defaults
[0.205s] Level 1:colcon.colcon_core.package_discovery:discover_packages(path) discover
[0.205s] Level 1:colcon.colcon_core.package_discovery:discover_packages(path) using defaults
[0.217s] Level 1:colcon.colcon_core.package_discovery:discover_packages(prefix_path) check parameters
[0.217s] Level 1:colcon.colcon_core.package_discovery:discover_packages(prefix_path) discover
[0.218s] DEBUG:colcon.colcon_installed_package_information.package_discovery:Found 2 installed packages in /home/parallels/practica_ROS/ros2_prac2_ws/install
[0.219s] DEBUG:colcon.colcon_installed_package_information.package_discovery:Found 256 installed packages in /opt/ros/foxy
[0.220s] Level 1:colcon.colcon_core.package_discovery:discover_packages(prefix_path) using defaults
[0.254s] Level 5:colcon.colcon_core.verb:set package 'interfaces' build argument 'cmake_args' from command line to 'None'
[0.255s] Level 5:colcon.colcon_core.verb:set package 'interfaces' build argument 'cmake_target' from command line to 'None'
[0.255s] Level 5:colcon.colcon_core.verb:set package 'interfaces' build argument 'cmake_target_skip_unavailable' from command line to 'False'
[0.255s] Level 5:colcon.colcon_core.verb:set package 'interfaces' build argument 'cmake_clean_cache' from command line to 'False'
[0.255s] Level 5:colcon.colcon_core.verb:set package 'interfaces' build argument 'cmake_clean_first' from command line to 'False'
[0.255s] Level 5:colcon.colcon_core.verb:set package 'interfaces' build argument 'cmake_force_configure' from command line to 'False'
[0.255s] Level 5:colcon.colcon_core.verb:set package 'interfaces' build argument 'ament_cmake_args' from command line to 'None'
[0.255s] Level 5:colcon.colcon_core.verb:set package 'interfaces' build argument 'catkin_cmake_args' from command line to 'None'
[0.255s] Level 5:colcon.colcon_core.verb:set package 'interfaces' build argument 'catkin_skip_building_tests' from command line to 'False'
[0.255s] DEBUG:colcon.colcon_core.verb:Building package 'interfaces' with the following arguments: {'ament_cmake_args': None, 'build_base': '/home/parallels/practica_ROS/ros2_prac2_ws/build/interfaces', 'catkin_cmake_args': None, 'catkin_skip_building_tests': False, 'cmake_args': None, 'cmake_clean_cache': False, 'cmake_clean_first': False, 'cmake_force_configure': False, 'cmake_target': None, 'cmake_target_skip_unavailable': False, 'install_base': '/home/parallels/practica_ROS/ros2_prac2_ws/install/interfaces', 'merge_install': False, 'path': '/home/parallels/practica_ROS/ros2_prac2_ws/src/interfaces', 'symlink_install': False, 'test_result_base': None}
[0.255s] Level 5:colcon.colcon_core.verb:set package 'cpp_nodes' build argument 'cmake_args' from command line to 'None'
[0.255s] Level 5:colcon.colcon_core.verb:set package 'cpp_nodes' build argument 'cmake_target' from command line to 'None'
[0.255s] Level 5:colcon.colcon_core.verb:set package 'cpp_nodes' build argument 'cmake_target_skip_unavailable' from command line to 'False'
[0.255s] Level 5:colcon.colcon_core.verb:set package 'cpp_nodes' build argument 'cmake_clean_cache' from command line to 'False'
[0.255s] Level 5:colcon.colcon_core.verb:set package 'cpp_nodes' build argument 'cmake_clean_first' from command line to 'False'
[0.255s] Level 5:colcon.colcon_core.verb:set package 'cpp_nodes' build argument 'cmake_force_configure' from command line to 'False'
[0.255s] Level 5:colcon.colcon_core.verb:set package 'cpp_nodes' build argument 'ament_cmake_args' from command line to 'None'
[0.255s] Level 5:colcon.colcon_core.verb:set package 'cpp_nodes' build argument 'catkin_cmake_args' from command line to 'None'
[0.255s] Level 5:colcon.colcon_core.verb:set package 'cpp_nodes' build argument 'catkin_skip_building_tests' from command line to 'False'
[0.255s] DEBUG:colcon.colcon_core.verb:Building package 'cpp_nodes' with the following arguments: {'ament_cmake_args': None, 'build_base': '/home/parallels/practica_ROS/ros2_prac2_ws/build/cpp_nodes', 'catkin_cmake_args': None, 'catkin_skip_building_tests': False, 'cmake_args': None, 'cmake_clean_cache': False, 'cmake_clean_first': False, 'cmake_force_configure': False, 'cmake_target': None, 'cmake_target_skip_unavailable': False, 'install_base': '/home/parallels/practica_ROS/ros2_prac2_ws/install/cpp_nodes', 'merge_install': False, 'path': '/home/parallels/practica_ROS/ros2_prac2_ws/src/cpp_nodes', 'symlink_install': False, 'test_result_base': None}
[0.255s] INFO:colcon.colcon_core.executor:Executing jobs using 'parallel' executor
[0.256s] DEBUG:colcon.colcon_parallel_executor.executor.parallel:run_until_complete
[0.256s] INFO:colcon.colcon_ros.task.ament_cmake.build:Building ROS package in '/home/parallels/practica_ROS/ros2_prac2_ws/src/interfaces' with build type 'ament_cmake'
[0.256s] INFO:colcon.colcon_cmake.task.cmake.build:Building CMake package in '/home/parallels/practica_ROS/ros2_prac2_ws/src/interfaces'
[0.257s] INFO:colcon.colcon_core.plugin_system:Skipping extension 'colcon_core.shell.bat': Not used on non-Windows systems
[0.257s] INFO:colcon.colcon_core.shell:Skip shell extension 'powershell' for command environment: Not usable outside of PowerShell
[0.257s] DEBUG:colcon.colcon_core.shell:Skip shell extension 'dsv' for command environment
[0.264s] DEBUG:colcon.colcon_core.event_handler.log_command:Invoking command in '/home/parallels/practica_ROS/ros2_prac2_ws/build/interfaces': CMAKE_PREFIX_PATH=${CMAKE_PREFIX_PATH}:/opt/ros/foxy /usr/bin/cmake --build /home/parallels/practica_ROS/ros2_prac2_ws/build/interfaces -- -j2 -l2
[0.428s] DEBUG:colcon.colcon_core.event_handler.log_command:Invoked command in '/home/parallels/practica_ROS/ros2_prac2_ws/build/interfaces' returned '0': CMAKE_PREFIX_PATH=${CMAKE_PREFIX_PATH}:/opt/ros/foxy /usr/bin/cmake --build /home/parallels/practica_ROS/ros2_prac2_ws/build/interfaces -- -j2 -l2
[0.434s] DEBUG:colcon.colcon_core.event_handler.log_command:Invoking command in '/home/parallels/practica_ROS/ros2_prac2_ws/build/interfaces': CMAKE_PREFIX_PATH=${CMAKE_PREFIX_PATH}:/opt/ros/foxy /usr/bin/cmake --install /home/parallels/practica_ROS/ros2_prac2_ws/build/interfaces
[0.469s] Level 1:colcon.colcon_core.environment:create_environment_scripts_only(interfaces)
[0.470s] Level 1:colcon.colcon_core.environment:checking '/home/parallels/practica_ROS/ros2_prac2_ws/install/interfaces' for CMake module files
[0.471s] Level 1:colcon.colcon_core.environment:checking '/home/parallels/practica_ROS/ros2_prac2_ws/install/interfaces' for CMake config files
[0.471s] Level 1:colcon.colcon_core.shell:create_environment_hook('interfaces', 'cmake_prefix_path')
[0.471s] INFO:colcon.colcon_core.shell:Creating environment hook '/home/parallels/practica_ROS/ros2_prac2_ws/install/interfaces/share/interfaces/hook/cmake_prefix_path.ps1'
[0.472s] INFO:colcon.colcon_core.shell:Creating environment descriptor '/home/parallels/practica_ROS/ros2_prac2_ws/install/interfaces/share/interfaces/hook/cmake_prefix_path.dsv'
[0.472s] INFO:colcon.colcon_core.shell:Creating environment hook '/home/parallels/practica_ROS/ros2_prac2_ws/install/interfaces/share/interfaces/hook/cmake_prefix_path.sh'
[0.472s] Level 1:colcon.colcon_core.environment:checking '/home/parallels/practica_ROS/ros2_prac2_ws/install/interfaces/lib'
[0.472s] Level 1:colcon.colcon_core.shell:create_environment_hook('interfaces', 'ld_library_path_lib')
[0.472s] INFO:colcon.colcon_core.shell:Creating environment hook '/home/parallels/practica_ROS/ros2_prac2_ws/install/interfaces/share/interfaces/hook/ld_library_path_lib.ps1'
[0.473s] INFO:colcon.colcon_core.shell:Creating environment descriptor '/home/parallels/practica_ROS/ros2_prac2_ws/install/interfaces/share/interfaces/hook/ld_library_path_lib.dsv'
[0.473s] INFO:colcon.colcon_core.shell:Creating environment hook '/home/parallels/practica_ROS/ros2_prac2_ws/install/interfaces/share/interfaces/hook/ld_library_path_lib.sh'
[0.473s] Level 1:colcon.colcon_core.environment:checking '/home/parallels/practica_ROS/ros2_prac2_ws/install/interfaces/bin'
[0.473s] DEBUG:colcon.colcon_core.event_handler.log_command:Invoked command in '/home/parallels/practica_ROS/ros2_prac2_ws/build/interfaces' returned '0': CMAKE_PREFIX_PATH=${CMAKE_PREFIX_PATH}:/opt/ros/foxy /usr/bin/cmake --install /home/parallels/practica_ROS/ros2_prac2_ws/build/interfaces
[0.473s] Level 1:colcon.colcon_core.environment:checking '/home/parallels/practica_ROS/ros2_prac2_ws/install/interfaces/lib/pkgconfig/interfaces.pc'
[0.473s] Level 1:colcon.colcon_core.environment:checking '/home/parallels/practica_ROS/ros2_prac2_ws/install/interfaces/lib/python3.8/site-packages'
[0.473s] Level 1:colcon.colcon_core.shell:create_environment_hook('interfaces', 'pythonpath')
[0.473s] INFO:colcon.colcon_core.shell:Creating environment hook '/home/parallels/practica_ROS/ros2_prac2_ws/install/interfaces/share/interfaces/hook/pythonpath.ps1'
[0.474s] INFO:colcon.colcon_core.shell:Creating environment descriptor '/home/parallels/practica_ROS/ros2_prac2_ws/install/interfaces/share/interfaces/hook/pythonpath.dsv'
[0.474s] INFO:colcon.colcon_core.shell:Creating environment hook '/home/parallels/practica_ROS/ros2_prac2_ws/install/interfaces/share/interfaces/hook/pythonpath.sh'
[0.474s] Level 1:colcon.colcon_core.environment:checking '/home/parallels/practica_ROS/ros2_prac2_ws/install/interfaces/bin'
[0.474s] INFO:colcon.colcon_core.shell:Creating package script '/home/parallels/practica_ROS/ros2_prac2_ws/install/interfaces/share/interfaces/package.ps1'
[0.475s] INFO:colcon.colcon_core.shell:Creating package descriptor '/home/parallels/practica_ROS/ros2_prac2_ws/install/interfaces/share/interfaces/package.dsv'
[0.475s] INFO:colcon.colcon_core.shell:Creating package script '/home/parallels/practica_ROS/ros2_prac2_ws/install/interfaces/share/interfaces/package.sh'
[0.475s] INFO:colcon.colcon_core.shell:Creating package script '/home/parallels/practica_ROS/ros2_prac2_ws/install/interfaces/share/interfaces/package.bash'
[0.476s] INFO:colcon.colcon_core.shell:Creating package script '/home/parallels/practica_ROS/ros2_prac2_ws/install/interfaces/share/interfaces/package.zsh'
[0.476s] Level 1:colcon.colcon_core.environment:create_file_with_runtime_dependencies(/home/parallels/practica_ROS/ros2_prac2_ws/install/interfaces/share/colcon-core/packages/interfaces)
[0.476s] Level 1:colcon.colcon_core.environment:create_environment_scripts_only(interfaces)
[0.476s] Level 1:colcon.colcon_core.environment:checking '/home/parallels/practica_ROS/ros2_prac2_ws/install/interfaces' for CMake module files
[0.477s] Level 1:colcon.colcon_core.environment:checking '/home/parallels/practica_ROS/ros2_prac2_ws/install/interfaces' for CMake config files
[0.477s] Level 1:colcon.colcon_core.shell:create_environment_hook('interfaces', 'cmake_prefix_path')
[0.477s] INFO:colcon.colcon_core.shell:Creating environment hook '/home/parallels/practica_ROS/ros2_prac2_ws/install/interfaces/share/interfaces/hook/cmake_prefix_path.ps1'
[0.477s] INFO:colcon.colcon_core.shell:Creating environment descriptor '/home/parallels/practica_ROS/ros2_prac2_ws/install/interfaces/share/interfaces/hook/cmake_prefix_path.dsv'
[0.477s] INFO:colcon.colcon_core.shell:Creating environment hook '/home/parallels/practica_ROS/ros2_prac2_ws/install/interfaces/share/interfaces/hook/cmake_prefix_path.sh'
[0.477s] Level 1:colcon.colcon_core.environment:checking '/home/parallels/practica_ROS/ros2_prac2_ws/install/interfaces/lib'
[0.477s] Level 1:colcon.colcon_core.shell:create_environment_hook('interfaces', 'ld_library_path_lib')
[0.478s] INFO:colcon.colcon_core.shell:Creating environment hook '/home/parallels/practica_ROS/ros2_prac2_ws/install/interfaces/share/interfaces/hook/ld_library_path_lib.ps1'
[0.478s] INFO:colcon.colcon_core.shell:Creating environment descriptor '/home/parallels/practica_ROS/ros2_prac2_ws/install/interfaces/share/interfaces/hook/ld_library_path_lib.dsv'
[0.478s] INFO:colcon.colcon_core.shell:Creating environment hook '/home/parallels/practica_ROS/ros2_prac2_ws/install/interfaces/share/interfaces/hook/ld_library_path_lib.sh'
[0.478s] Level 1:colcon.colcon_core.environment:checking '/home/parallels/practica_ROS/ros2_prac2_ws/install/interfaces/bin'
[0.478s] Level 1:colcon.colcon_core.environment:checking '/home/parallels/practica_ROS/ros2_prac2_ws/install/interfaces/lib/pkgconfig/interfaces.pc'
[0.478s] Level 1:colcon.colcon_core.environment:checking '/home/parallels/practica_ROS/ros2_prac2_ws/install/interfaces/lib/python3.8/site-packages'
[0.478s] Level 1:colcon.colcon_core.shell:create_environment_hook('interfaces', 'pythonpath')
[0.478s] INFO:colcon.colcon_core.shell:Creating environment hook '/home/parallels/practica_ROS/ros2_prac2_ws/install/interfaces/share/interfaces/hook/pythonpath.ps1'
[0.478s] INFO:colcon.colcon_core.shell:Creating environment descriptor '/home/parallels/practica_ROS/ros2_prac2_ws/install/interfaces/share/interfaces/hook/pythonpath.dsv'
[0.478s] INFO:colcon.colcon_core.shell:Creating environment hook '/home/parallels/practica_ROS/ros2_prac2_ws/install/interfaces/share/interfaces/hook/pythonpath.sh'
[0.479s] Level 1:colcon.colcon_core.environment:checking '/home/parallels/practica_ROS/ros2_prac2_ws/install/interfaces/bin'
[0.479s] INFO:colcon.colcon_core.shell:Creating package script '/home/parallels/practica_ROS/ros2_prac2_ws/install/interfaces/share/interfaces/package.ps1'
[0.479s] INFO:colcon.colcon_core.shell:Creating package descriptor '/home/parallels/practica_ROS/ros2_prac2_ws/install/interfaces/share/interfaces/package.dsv'
[0.479s] INFO:colcon.colcon_core.shell:Creating package script '/home/parallels/practica_ROS/ros2_prac2_ws/install/interfaces/share/interfaces/package.sh'
[0.479s] INFO:colcon.colcon_core.shell:Creating package script '/home/parallels/practica_ROS/ros2_prac2_ws/install/interfaces/share/interfaces/package.bash'
[0.480s] INFO:colcon.colcon_core.shell:Creating package script '/home/parallels/practica_ROS/ros2_prac2_ws/install/interfaces/share/interfaces/package.zsh'
[0.480s] Level 1:colcon.colcon_core.environment:create_file_with_runtime_dependencies(/home/parallels/practica_ROS/ros2_prac2_ws/install/interfaces/share/colcon-core/packages/interfaces)
[0.480s] INFO:colcon.colcon_ros.task.ament_cmake.build:Building ROS package in '/home/parallels/practica_ROS/ros2_prac2_ws/src/cpp_nodes' with build type 'ament_cmake'
[0.480s] INFO:colcon.colcon_cmake.task.cmake.build:Building CMake package in '/home/parallels/practica_ROS/ros2_prac2_ws/src/cpp_nodes'
[0.480s] INFO:colcon.colcon_core.shell:Skip shell extension 'powershell' for command environment: Not usable outside of PowerShell
[0.480s] DEBUG:colcon.colcon_core.shell:Skip shell extension 'dsv' for command environment
[0.488s] DEBUG:colcon.colcon_core.event_handler.log_command:Invoking command in '/home/parallels/practica_ROS/ros2_prac2_ws/build/cpp_nodes': CMAKE_PREFIX_PATH=/home/parallels/practica_ROS/ros2_prac2_ws/install/interfaces:/home/parallels/practica_ROS/ros2_prac2_ws/install/cpp_nodes:/opt/ros/foxy /usr/bin/cmake --build /home/parallels/practica_ROS/ros2_prac2_ws/build/cpp_nodes -- -j2 -l2
[1.068s] Level 1:colcon.colcon_core.environment:create_environment_scripts_only(cpp_nodes)
[1.068s] Level 1:colcon.colcon_core.environment:checking '/home/parallels/practica_ROS/ros2_prac2_ws/install/cpp_nodes' for CMake module files
[1.069s] DEBUG:colcon.colcon_core.event_handler.log_command:Invoked command in '/home/parallels/practica_ROS/ros2_prac2_ws/build/cpp_nodes' returned '2': CMAKE_PREFIX_PATH=/home/parallels/practica_ROS/ros2_prac2_ws/install/interfaces:/home/parallels/practica_ROS/ros2_prac2_ws/install/cpp_nodes:/opt/ros/foxy /usr/bin/cmake --build /home/parallels/practica_ROS/ros2_prac2_ws/build/cpp_nodes -- -j2 -l2
[1.069s] Level 1:colcon.colcon_core.environment:checking '/home/parallels/practica_ROS/ros2_prac2_ws/install/cpp_nodes' for CMake config files
[1.069s] Level 1:colcon.colcon_core.shell:create_environment_hook('cpp_nodes', 'cmake_prefix_path')
[1.069s] INFO:colcon.colcon_core.shell:Creating environment hook '/home/parallels/practica_ROS/ros2_prac2_ws/install/cpp_nodes/share/cpp_nodes/hook/cmake_prefix_path.ps1'
[1.070s] INFO:colcon.colcon_core.shell:Creating environment descriptor '/home/parallels/practica_ROS/ros2_prac2_ws/install/cpp_nodes/share/cpp_nodes/hook/cmake_prefix_path.dsv'
[1.070s] INFO:colcon.colcon_core.shell:Creating environment hook '/home/parallels/practica_ROS/ros2_prac2_ws/install/cpp_nodes/share/cpp_nodes/hook/cmake_prefix_path.sh'
[1.070s] Level 1:colcon.colcon_core.environment:checking '/home/parallels/practica_ROS/ros2_prac2_ws/install/cpp_nodes/lib'
[1.070s] Level 1:colcon.colcon_core.environment:checking '/home/parallels/practica_ROS/ros2_prac2_ws/install/cpp_nodes/bin'
[1.070s] Level 1:colcon.colcon_core.environment:checking '/home/parallels/practica_ROS/ros2_prac2_ws/install/cpp_nodes/lib/pkgconfig/cpp_nodes.pc'
[1.070s] Level 1:colcon.colcon_core.environment:checking '/home/parallels/practica_ROS/ros2_prac2_ws/install/cpp_nodes/lib/python3.8/site-packages'
[1.070s] Level 1:colcon.colcon_core.environment:checking '/home/parallels/practica_ROS/ros2_prac2_ws/install/cpp_nodes/bin'
[1.071s] INFO:colcon.colcon_core.shell:Creating package script '/home/parallels/practica_ROS/ros2_prac2_ws/install/cpp_nodes/share/cpp_nodes/package.ps1'
[1.071s] INFO:colcon.colcon_core.shell:Creating package descriptor '/home/parallels/practica_ROS/ros2_prac2_ws/install/cpp_nodes/share/cpp_nodes/package.dsv'
[1.071s] INFO:colcon.colcon_core.shell:Creating package script '/home/parallels/practica_ROS/ros2_prac2_ws/install/cpp_nodes/share/cpp_nodes/package.sh'
[1.071s] INFO:colcon.colcon_core.shell:Creating package script '/home/parallels/practica_ROS/ros2_prac2_ws/install/cpp_nodes/share/cpp_nodes/package.bash'
[1.071s] INFO:colcon.colcon_core.shell:Creating package script '/home/parallels/practica_ROS/ros2_prac2_ws/install/cpp_nodes/share/cpp_nodes/package.zsh'
[1.072s] Level 1:colcon.colcon_core.environment:create_file_with_runtime_dependencies(/home/parallels/practica_ROS/ros2_prac2_ws/install/cpp_nodes/share/colcon-core/packages/cpp_nodes)
[1.072s] DEBUG:colcon.colcon_parallel_executor.executor.parallel:closing loop
[1.072s] DEBUG:colcon.colcon_parallel_executor.executor.parallel:loop closed
[1.072s] DEBUG:colcon.colcon_parallel_executor.executor.parallel:run_until_complete finished with '2'
[1.072s] DEBUG:colcon.colcon_core.event_reactor:joining thread
[1.075s] INFO:colcon.colcon_core.plugin_system:Skipping extension 'colcon_notification.desktop_notification.terminal_notifier': Not used on non-Darwin systems
[1.075s] INFO:colcon.colcon_core.plugin_system:Skipping extension 'colcon_notification.desktop_notification.win32': Not used on non-Windows systems
[1.075s] INFO:colcon.colcon_notification.desktop_notification:Sending desktop notification using 'notify2'
[1.088s] DEBUG:colcon.colcon_core.event_reactor:joined thread
[1.088s] INFO:colcon.colcon_core.shell:Creating prefix script '/home/parallels/practica_ROS/ros2_prac2_ws/install/local_setup.ps1'
[1.089s] INFO:colcon.colcon_core.shell:Creating prefix util module '/home/parallels/practica_ROS/ros2_prac2_ws/install/_local_setup_util_ps1.py'
[1.091s] INFO:colcon.colcon_core.shell:Creating prefix chain script '/home/parallels/practica_ROS/ros2_prac2_ws/install/setup.ps1'
[1.091s] INFO:colcon.colcon_core.shell:Creating prefix script '/home/parallels/practica_ROS/ros2_prac2_ws/install/local_setup.sh'
[1.092s] INFO:colcon.colcon_core.shell:Creating prefix util module '/home/parallels/practica_ROS/ros2_prac2_ws/install/_local_setup_util_sh.py'
[1.092s] INFO:colcon.colcon_core.shell:Creating prefix chain script '/home/parallels/practica_ROS/ros2_prac2_ws/install/setup.sh'
[1.093s] INFO:colcon.colcon_core.shell:Creating prefix script '/home/parallels/practica_ROS/ros2_prac2_ws/install/local_setup.bash'
[1.093s] INFO:colcon.colcon_core.shell:Creating prefix chain script '/home/parallels/practica_ROS/ros2_prac2_ws/install/setup.bash'
[1.094s] INFO:colcon.colcon_core.shell:Creating prefix script '/home/parallels/practica_ROS/ros2_prac2_ws/install/local_setup.zsh'
[1.094s] INFO:colcon.colcon_core.shell:Creating prefix chain script '/home/parallels/practica_ROS/ros2_prac2_ws/install/setup.zsh'
