[ 25%] Built target emocion_usuario_nodo
[ 50%] Built target posicion_usuario_nodo
[35m[1mScanning dependencies of target empaquetado_nodo[0m
[ 62%] [32mBuilding CXX object CMakeFiles/empaquetado_nodo.dir/src/empaquetado_nodo.cpp.o[0m
[ 87%] Built target informacion_personal_nodo
In file included from [01m[K/home/parallels/practica_ROS/ros2_prac2_ws/src/cpp_nodes/src/empaquetado_nodo.cpp:1[m[K:
[01m[K/home/parallels/practica_ROS/ros2_prac2_ws/src/cpp_nodes/include/empaquetado_nodo.hpp:19:41:[m[K [01;31m[Kerror: [m[K‘[01m[KPosicion[m[K’ is not a member of ‘[01m[Kinterfaces::msg[m[K’
   19 |   rclcpp::Subscription<interfaces::msg::[01;31m[KPosicion[m[K>::SharedPtr subscription_posicion_;
      |                                         [01;31m[K^~~~~~~~[m[K
[01m[K/home/parallels/practica_ROS/ros2_prac2_ws/src/cpp_nodes/include/empaquetado_nodo.hpp:19:41:[m[K [01;31m[Kerror: [m[K‘[01m[KPosicion[m[K’ is not a member of ‘[01m[Kinterfaces::msg[m[K’
[01m[K/home/parallels/practica_ROS/ros2_prac2_ws/src/cpp_nodes/include/empaquetado_nodo.hpp:19:49:[m[K [01;31m[Kerror: [m[Ktemplate argument 1 is invalid
   19 |   rclcpp::Subscription<interfaces::msg::Posicion[01;31m[K>[m[K::SharedPtr subscription_posicion_;
      |                                                 [01;31m[K^[m[K
[01m[K/home/parallels/practica_ROS/ros2_prac2_ws/src/cpp_nodes/include/empaquetado_nodo.hpp:19:49:[m[K [01;31m[Kerror: [m[Ktemplate argument 3 is invalid
[01m[K/home/parallels/practica_ROS/ros2_prac2_ws/src/cpp_nodes/include/empaquetado_nodo.hpp:19:52:[m[K [01;31m[Kerror: [m[Kexpected ‘[01m[K;[m[K’ at end of member declaration
   19 |   rclcpp::Subscription<interfaces::msg::Posicion>::[01;31m[KSharedPtr[m[K subscription_posicion_;
      |                                                    [01;31m[K^~~~~~~~~[m[K
      |                                                             [32m[K;[m[K
[01m[K/home/parallels/practica_ROS/ros2_prac2_ws/src/cpp_nodes/include/empaquetado_nodo.hpp:19:62:[m[K [01;31m[Kerror: [m[K‘[01m[Ksubscription_posicion_[m[K’ does not name a type
   19 |   rclcpp::Subscription<interfaces::msg::Posicion>::SharedPtr [01;31m[Ksubscription_posicion_[m[K;
      |                                                              [01;31m[K^~~~~~~~~~~~~~~~~~~~~~[m[K
[01m[K/home/parallels/practica_ROS/ros2_prac2_ws/src/cpp_nodes/src/empaquetado_nodo.cpp:[m[K In constructor ‘[01m[KEmpaquetadoNodo::EmpaquetadoNodo()[m[K’:
[01m[K/home/parallels/practica_ROS/ros2_prac2_ws/src/cpp_nodes/src/empaquetado_nodo.cpp:12:3:[m[K [01;31m[Kerror: [m[K‘[01m[Ksubscription_posicion_[m[K’ was not declared in this scope; did you mean ‘[01m[Ksubscription_emocion_[m[K’?
   12 |   [01;31m[Ksubscription_posicion_[m[K = this->create_subscription<interfaces::msg::Posicion>(
      |   [01;31m[K^~~~~~~~~~~~~~~~~~~~~~[m[K
      |   [32m[Ksubscription_emocion_[m[K
[01m[K/home/parallels/practica_ROS/ros2_prac2_ws/src/cpp_nodes/src/empaquetado_nodo.cpp:12:71:[m[K [01;31m[Kerror: [m[K‘[01m[KPosicion[m[K’ is not a member of ‘[01m[Kinterfaces::msg[m[K’
   12 |   subscription_posicion_ = this->create_subscription<interfaces::msg::[01;31m[KPosicion[m[K>(
      |                                                                       [01;31m[K^~~~~~~~[m[K
[01m[K/home/parallels/practica_ROS/ros2_prac2_ws/src/cpp_nodes/src/empaquetado_nodo.cpp:12:71:[m[K [01;31m[Kerror: [m[K‘[01m[KPosicion[m[K’ is not a member of ‘[01m[Kinterfaces::msg[m[K’
[01m[K/home/parallels/practica_ROS/ros2_prac2_ws/src/cpp_nodes/src/empaquetado_nodo.cpp:13:55:[m[K [01;31m[Kerror: [m[K‘[01m[Kposicion_callback[m[K’ is not a member of ‘[01m[KEmpaquetadoNodo[m[K’
   13 |     "topic_Posicion", 10, std::bind(&EmpaquetadoNodo::[01;31m[Kposicion_callback[m[K, this, _1));
      |                                                       [01;31m[K^~~~~~~~~~~~~~~~~[m[K
[01m[K/home/parallels/practica_ROS/ros2_prac2_ws/src/cpp_nodes/src/empaquetado_nodo.cpp:[m[K At global scope:
[01m[K/home/parallels/practica_ROS/ros2_prac2_ws/src/cpp_nodes/src/empaquetado_nodo.cpp:27:64:[m[K [01;31m[Kerror: [m[K‘[01m[KPosicion[m[K’ in namespace ‘[01m[Kinterfaces::msg[m[K’ does not name a type
   27 | void EmpaquetadoNodo::posicion_callback(const interfaces::msg::[01;31m[KPosicion[m[K::SharedPtr msg) const
      |                                                                [01;31m[K^~~~~~~~[m[K
[01m[K/home/parallels/practica_ROS/ros2_prac2_ws/src/cpp_nodes/src/empaquetado_nodo.cpp:27:84:[m[K [01;31m[Kerror: [m[Kexpected unqualified-id before ‘[01m[Kmsg[m[K’
   27 | void EmpaquetadoNodo::posicion_callback(const interfaces::msg::Posicion::SharedPtr [01;31m[Kmsg[m[K) const
      |                                                                                    [01;31m[K^~~[m[K
[01m[K/home/parallels/practica_ROS/ros2_prac2_ws/src/cpp_nodes/src/empaquetado_nodo.cpp:27:83:[m[K [01;31m[Kerror: [m[Kexpected ‘[01m[K)[m[K’ before ‘[01m[Kmsg[m[K’
   27 | void EmpaquetadoNodo::posicion_callback[34m[K([m[Kconst interfaces::msg::Posicion::SharedPtr[01;31m[K [m[K[32m[Kmsg[m[K) const
      |                                        [34m[K~[m[K                                          [01;31m[K^[m[K[32m[K~~~[m[K
      |                                                                                   [32m[K)[m[K
[01m[K/home/parallels/practica_ROS/ros2_prac2_ws/src/cpp_nodes/src/empaquetado_nodo.cpp:27:84:[m[K [01;31m[Kerror: [m[Kexpected initializer before ‘[01m[Kmsg[m[K’
   27 | void EmpaquetadoNodo::posicion_callback(const interfaces::msg::Posicion::SharedPtr [01;31m[Kmsg[m[K) const
      |                                                                                    [01;31m[K^~~[m[K
make[2]: *** [CMakeFiles/empaquetado_nodo.dir/build.make:63: CMakeFiles/empaquetado_nodo.dir/src/empaquetado_nodo.cpp.o] Error 1
make[1]: *** [CMakeFiles/Makefile2:138: CMakeFiles/empaquetado_nodo.dir/all] Error 2
make: *** [Makefile:141: all] Error 2
