[0.009s] Invoking command in '/home/parallels/practica_ROS/ros2_prac2_ws/build/cpp_nodes': CMAKE_PREFIX_PATH=/home/parallels/practica_ROS/ros2_prac2_ws/install/interfaces:/home/parallels/practica_ROS/ros2_prac2_ws/install/cpp_nodes:/opt/ros/foxy /usr/bin/cmake --build /home/parallels/practica_ROS/ros2_prac2_ws/build/cpp_nodes -- -j2 -l2
[0.059s] [ 25%] Built target emocion_usuario_nodo
[0.062s] [ 50%] Built target posicion_usuario_nodo
[0.067s] [35m[1mScanning dependencies of target empaquetado_nodo[0m
[0.090s] [ 62%] [32mBuilding CXX object CMakeFiles/empaquetado_nodo.dir/src/empaquetado_nodo.cpp.o[0m
[0.129s] [ 87%] Built target informacion_personal_nodo
[0.892s] In file included from [01m[K/home/parallels/practica_ROS/ros2_prac2_ws/src/cpp_nodes/src/empaquetado_nodo.cpp:1[m[K:
[0.892s] [01m[K/home/parallels/practica_ROS/ros2_prac2_ws/src/cpp_nodes/include/empaquetado_nodo.hpp:19:41:[m[K [01;31m[Kerror: [m[K‘[01m[KPosicion[m[K’ is not a member of ‘[01m[Kinterfaces::msg[m[K’
[0.892s]    19 |   rclcpp::Subscription<interfaces::msg::[01;31m[KPosicion[m[K>::SharedPtr subscription_posicion_;
[0.892s]       |                                         [01;31m[K^~~~~~~~[m[K
[0.892s] [01m[K/home/parallels/practica_ROS/ros2_prac2_ws/src/cpp_nodes/include/empaquetado_nodo.hpp:19:41:[m[K [01;31m[Kerror: [m[K‘[01m[KPosicion[m[K’ is not a member of ‘[01m[Kinterfaces::msg[m[K’
[0.892s] [01m[K/home/parallels/practica_ROS/ros2_prac2_ws/src/cpp_nodes/include/empaquetado_nodo.hpp:19:49:[m[K [01;31m[Kerror: [m[Ktemplate argument 1 is invalid
[0.892s]    19 |   rclcpp::Subscription<interfaces::msg::Posicion[01;31m[K>[m[K::SharedPtr subscription_posicion_;
[0.892s]       |                                                 [01;31m[K^[m[K
[0.892s] [01m[K/home/parallels/practica_ROS/ros2_prac2_ws/src/cpp_nodes/include/empaquetado_nodo.hpp:19:49:[m[K [01;31m[Kerror: [m[Ktemplate argument 3 is invalid
[0.893s] [01m[K/home/parallels/practica_ROS/ros2_prac2_ws/src/cpp_nodes/include/empaquetado_nodo.hpp:19:52:[m[K [01;31m[Kerror: [m[Kexpected ‘[01m[K;[m[K’ at end of member declaration
[0.893s]    19 |   rclcpp::Subscription<interfaces::msg::Posicion>::[01;31m[KSharedPtr[m[K subscription_posicion_;
[0.893s]       |                                                    [01;31m[K^~~~~~~~~[m[K
[0.893s]       |                                                             [32m[K;[m[K
[0.896s] [01m[K/home/parallels/practica_ROS/ros2_prac2_ws/src/cpp_nodes/include/empaquetado_nodo.hpp:19:62:[m[K [01;31m[Kerror: [m[K‘[01m[Ksubscription_posicion_[m[K’ does not name a type
[0.896s]    19 |   rclcpp::Subscription<interfaces::msg::Posicion>::SharedPtr [01;31m[Ksubscription_posicion_[m[K;
[0.896s]       |                                                              [01;31m[K^~~~~~~~~~~~~~~~~~~~~~[m[K
[0.916s] [01m[K/home/parallels/practica_ROS/ros2_prac2_ws/src/cpp_nodes/src/empaquetado_nodo.cpp:[m[K In constructor ‘[01m[KEmpaquetadoNodo::EmpaquetadoNodo()[m[K’:
[0.916s] [01m[K/home/parallels/practica_ROS/ros2_prac2_ws/src/cpp_nodes/src/empaquetado_nodo.cpp:12:3:[m[K [01;31m[Kerror: [m[K‘[01m[Ksubscription_posicion_[m[K’ was not declared in this scope; did you mean ‘[01m[Ksubscription_emocion_[m[K’?
[0.916s]    12 |   [01;31m[Ksubscription_posicion_[m[K = this->create_subscription<interfaces::msg::Posicion>(
[0.916s]       |   [01;31m[K^~~~~~~~~~~~~~~~~~~~~~[m[K
[0.916s]       |   [32m[Ksubscription_emocion_[m[K
[0.916s] [01m[K/home/parallels/practica_ROS/ros2_prac2_ws/src/cpp_nodes/src/empaquetado_nodo.cpp:12:71:[m[K [01;31m[Kerror: [m[K‘[01m[KPosicion[m[K’ is not a member of ‘[01m[Kinterfaces::msg[m[K’
[0.916s]    12 |   subscription_posicion_ = this->create_subscription<interfaces::msg::[01;31m[KPosicion[m[K>(
[0.916s]       |                                                                       [01;31m[K^~~~~~~~[m[K
[0.916s] [01m[K/home/parallels/practica_ROS/ros2_prac2_ws/src/cpp_nodes/src/empaquetado_nodo.cpp:12:71:[m[K [01;31m[Kerror: [m[K‘[01m[KPosicion[m[K’ is not a member of ‘[01m[Kinterfaces::msg[m[K’
[0.916s] [01m[K/home/parallels/practica_ROS/ros2_prac2_ws/src/cpp_nodes/src/empaquetado_nodo.cpp:13:55:[m[K [01;31m[Kerror: [m[K‘[01m[Kposicion_callback[m[K’ is not a member of ‘[01m[KEmpaquetadoNodo[m[K’
[0.916s]    13 |     "topic_Posicion", 10, std::bind(&EmpaquetadoNodo::[01;31m[Kposicion_callback[m[K, this, _1));
[0.917s]       |                                                       [01;31m[K^~~~~~~~~~~~~~~~~[m[K
[0.920s] [01m[K/home/parallels/practica_ROS/ros2_prac2_ws/src/cpp_nodes/src/empaquetado_nodo.cpp:[m[K At global scope:
[0.921s] [01m[K/home/parallels/practica_ROS/ros2_prac2_ws/src/cpp_nodes/src/empaquetado_nodo.cpp:27:64:[m[K [01;31m[Kerror: [m[K‘[01m[KPosicion[m[K’ in namespace ‘[01m[Kinterfaces::msg[m[K’ does not name a type
[0.921s]    27 | void EmpaquetadoNodo::posicion_callback(const interfaces::msg::[01;31m[KPosicion[m[K::SharedPtr msg) const
[0.921s]       |                                                                [01;31m[K^~~~~~~~[m[K
[0.921s] [01m[K/home/parallels/practica_ROS/ros2_prac2_ws/src/cpp_nodes/src/empaquetado_nodo.cpp:27:84:[m[K [01;31m[Kerror: [m[Kexpected unqualified-id before ‘[01m[Kmsg[m[K’
[0.921s]    27 | void EmpaquetadoNodo::posicion_callback(const interfaces::msg::Posicion::SharedPtr [01;31m[Kmsg[m[K) const
[0.921s]       |                                                                                    [01;31m[K^~~[m[K
[0.921s] [01m[K/home/parallels/practica_ROS/ros2_prac2_ws/src/cpp_nodes/src/empaquetado_nodo.cpp:27:83:[m[K [01;31m[Kerror: [m[Kexpected ‘[01m[K)[m[K’ before ‘[01m[Kmsg[m[K’
[0.921s]    27 | void EmpaquetadoNodo::posicion_callback[34m[K([m[Kconst interfaces::msg::Posicion::SharedPtr[01;31m[K [m[K[32m[Kmsg[m[K) const
[0.921s]       |                                        [34m[K~[m[K                                          [01;31m[K^[m[K[32m[K~~~[m[K
[0.921s]       |                                                                                   [32m[K)[m[K
[0.921s] [01m[K/home/parallels/practica_ROS/ros2_prac2_ws/src/cpp_nodes/src/empaquetado_nodo.cpp:27:84:[m[K [01;31m[Kerror: [m[Kexpected initializer before ‘[01m[Kmsg[m[K’
[0.921s]    27 | void EmpaquetadoNodo::posicion_callback(const interfaces::msg::Posicion::SharedPtr [01;31m[Kmsg[m[K) const
[0.921s]       |                                                                                    [01;31m[K^~~[m[K
[2.075s] make[2]: *** [CMakeFiles/empaquetado_nodo.dir/build.make:63: CMakeFiles/empaquetado_nodo.dir/src/empaquetado_nodo.cpp.o] Error 1
[2.076s] make[1]: *** [CMakeFiles/Makefile2:138: CMakeFiles/empaquetado_nodo.dir/all] Error 2
[2.076s] make: *** [Makefile:141: all] Error 2
[2.079s] Invoked command in '/home/parallels/practica_ROS/ros2_prac2_ws/build/cpp_nodes' returned '2': CMAKE_PREFIX_PATH=/home/parallels/practica_ROS/ros2_prac2_ws/install/interfaces:/home/parallels/practica_ROS/ros2_prac2_ws/install/cpp_nodes:/opt/ros/foxy /usr/bin/cmake --build /home/parallels/practica_ROS/ros2_prac2_ws/build/cpp_nodes -- -j2 -l2
