-- Found ament_cmake: 0.9.12 (/opt/ros/foxy/share/ament_cmake/cmake)
-- Found PythonInterp: /usr/bin/python3 (found suitable version "3.8.10", minimum required is "3") 
-- Using PYTHON_EXECUTABLE: /usr/bin/python3
-- Found rosidl_default_generators: 1.0.1 (/opt/ros/foxy/share/rosidl_default_generators/cmake)
-- Using all available rosidl_typesupport_c: rosidl_typesupport_fastrtps_c;rosidl_typesupport_introspection_c
-- Found rosidl_adapter: 1.3.1 (/opt/ros/foxy/share/rosidl_adapter/cmake)
-- Using all available rosidl_typesupport_cpp: rosidl_typesupport_fastrtps_cpp;rosidl_typesupport_introspection_cpp
-- Found PythonInterp: /usr/bin/python3 (found version "3.8.10") 
-- Found ament_cmake_ros: 0.9.2 (/opt/ros/foxy/share/ament_cmake_ros/cmake)
-- Using all available rosidl_typesupport_c: rosidl_typesupport_fastrtps_c;rosidl_typesupport_introspection_c
-- Using all available rosidl_typesupport_cpp: rosidl_typesupport_fastrtps_cpp;rosidl_typesupport_introspection_cpp
-- Found PythonInterp: /usr/bin/python3 (found suitable version "3.8.10", minimum required is "3.5") 
-- Found python_cmake_module: 0.8.1 (/opt/ros/foxy/share/python_cmake_module/cmake)
-- Using PYTHON_EXECUTABLE: /usr/bin/python3
-- Using PYTHON_INCLUDE_DIRS: /usr/include/python3.8
-- Using PYTHON_LIBRARIES: /usr/lib/aarch64-linux-gnu/libpython3.8.so
-- Found ament_lint_auto: 0.9.8 (/opt/ros/foxy/share/ament_lint_auto/cmake)
-- Added test 'copyright' to check source files copyright and LICENSE
-- Added test 'lint_cmake' to check CMake code style
-- Added test 'xmllint' to check XML markup files
-- Configuring done
-- Generating done
-- Build files have been written to: /home/parallels/practica_ROS/ros2_prac2_ws/build/interfaces
[  2%] [34m[1mGenerating C code for ROS interfaces[0m
[35m[1mScanning dependencies of target interfaces__cpp[0m
[  4%] [34m[1mGenerating C++ code for ROS interfaces[0m
[  4%] Built target interfaces__cpp
[  6%] [34m[1mGenerating C++ introspection for ROS interfaces[0m
[35m[1mScanning dependencies of target interfaces__rosidl_generator_c[0m
[  8%] [32mBuilding C object CMakeFiles/interfaces__rosidl_generator_c.dir/rosidl_generator_c/interfaces/msg/detail/custom_string__functions.c.o[0m
[ 10%] [32mBuilding C object CMakeFiles/interfaces__rosidl_generator_c.dir/rosidl_generator_c/interfaces/msg/detail/inf_personal_usuario__functions.c.o[0m
[35m[1mScanning dependencies of target interfaces__rosidl_typesupport_introspection_cpp[0m
[ 12%] [32mBuilding C object CMakeFiles/interfaces__rosidl_generator_c.dir/rosidl_generator_c/interfaces/msg/detail/posicion__functions.c.o[0m
[ 14%] [32mBuilding CXX object CMakeFiles/interfaces__rosidl_typesupport_introspection_cpp.dir/rosidl_typesupport_introspection_cpp/interfaces/msg/detail/custom_string__type_support.cpp.o[0m
[ 17%] [32m[1mLinking C shared library libinterfaces__rosidl_generator_c.so[0m
[ 17%] Built target interfaces__rosidl_generator_c
[ 19%] [34m[1mGenerating C++ type support for eProsima Fast-RTPS[0m
[ 21%] [32mBuilding CXX object CMakeFiles/interfaces__rosidl_typesupport_introspection_cpp.dir/rosidl_typesupport_introspection_cpp/interfaces/msg/detail/inf_personal_usuario__type_support.cpp.o[0m
[35m[1mScanning dependencies of target interfaces__rosidl_typesupport_fastrtps_cpp[0m
[ 23%] [32mBuilding CXX object CMakeFiles/interfaces__rosidl_typesupport_introspection_cpp.dir/rosidl_typesupport_introspection_cpp/interfaces/msg/detail/posicion__type_support.cpp.o[0m
[ 25%] [32mBuilding CXX object CMakeFiles/interfaces__rosidl_typesupport_fastrtps_cpp.dir/rosidl_typesupport_fastrtps_cpp/interfaces/msg/detail/dds_fastrtps/custom_string__type_support.cpp.o[0m
[ 27%] [32m[1mLinking CXX shared library libinterfaces__rosidl_typesupport_introspection_cpp.so[0m
[ 27%] Built target interfaces__rosidl_typesupport_introspection_cpp
[ 29%] [32mBuilding CXX object CMakeFiles/interfaces__rosidl_typesupport_fastrtps_cpp.dir/rosidl_typesupport_fastrtps_cpp/interfaces/msg/detail/dds_fastrtps/inf_personal_usuario__type_support.cpp.o[0m
[ 31%] [34m[1mGenerating C introspection for ROS interfaces[0m
[ 34%] [32mBuilding CXX object CMakeFiles/interfaces__rosidl_typesupport_fastrtps_cpp.dir/rosidl_typesupport_fastrtps_cpp/interfaces/msg/detail/dds_fastrtps/posicion__type_support.cpp.o[0m
[35m[1mScanning dependencies of target interfaces__rosidl_typesupport_introspection_c[0m
[ 36%] [32mBuilding C object CMakeFiles/interfaces__rosidl_typesupport_introspection_c.dir/rosidl_typesupport_introspection_c/interfaces/msg/detail/custom_string__type_support.c.o[0m
[ 38%] [32mBuilding C object CMakeFiles/interfaces__rosidl_typesupport_introspection_c.dir/rosidl_typesupport_introspection_c/interfaces/msg/detail/inf_personal_usuario__type_support.c.o[0m
[ 40%] [32m[1mLinking CXX shared library libinterfaces__rosidl_typesupport_fastrtps_cpp.so[0m
[ 42%] [32mBuilding C object CMakeFiles/interfaces__rosidl_typesupport_introspection_c.dir/rosidl_typesupport_introspection_c/interfaces/msg/detail/posicion__type_support.c.o[0m
[ 44%] [32m[1mLinking C shared library libinterfaces__rosidl_typesupport_introspection_c.so[0m
[ 44%] Built target interfaces__rosidl_typesupport_fastrtps_cpp
[ 46%] [34m[1mGenerating C++ type support dispatch for ROS interfaces[0m
[ 46%] Built target interfaces__rosidl_typesupport_introspection_c
[ 48%] [34m[1mGenerating C type support dispatch for ROS interfaces[0m
[35m[1mScanning dependencies of target interfaces__rosidl_typesupport_cpp[0m
[ 51%] [32mBuilding CXX object CMakeFiles/interfaces__rosidl_typesupport_cpp.dir/rosidl_typesupport_cpp/interfaces/msg/custom_string__type_support.cpp.o[0m
[35m[1mScanning dependencies of target interfaces__rosidl_typesupport_c[0m
[ 53%] [32mBuilding CXX object CMakeFiles/interfaces__rosidl_typesupport_c.dir/rosidl_typesupport_c/interfaces/msg/custom_string__type_support.cpp.o[0m
[ 55%] [32mBuilding CXX object CMakeFiles/interfaces__rosidl_typesupport_c.dir/rosidl_typesupport_c/interfaces/msg/inf_personal_usuario__type_support.cpp.o[0m
[ 57%] [32mBuilding CXX object CMakeFiles/interfaces__rosidl_typesupport_cpp.dir/rosidl_typesupport_cpp/interfaces/msg/inf_personal_usuario__type_support.cpp.o[0m
[ 59%] [32mBuilding CXX object CMakeFiles/interfaces__rosidl_typesupport_c.dir/rosidl_typesupport_c/interfaces/msg/posicion__type_support.cpp.o[0m
[ 61%] [32m[1mLinking CXX shared library libinterfaces__rosidl_typesupport_c.so[0m
[ 63%] Built target interfaces__rosidl_typesupport_c
[ 63%] [32mBuilding CXX object CMakeFiles/interfaces__rosidl_typesupport_cpp.dir/rosidl_typesupport_cpp/interfaces/msg/posicion__type_support.cpp.o[0m
[ 65%] [34m[1mGenerating C type support for eProsima Fast-RTPS[0m
[ 68%] [32m[1mLinking CXX shared library libinterfaces__rosidl_typesupport_cpp.so[0m
[35m[1mScanning dependencies of target interfaces__rosidl_typesupport_fastrtps_c[0m
[ 70%] [32mBuilding CXX object CMakeFiles/interfaces__rosidl_typesupport_fastrtps_c.dir/rosidl_typesupport_fastrtps_c/interfaces/msg/detail/custom_string__type_support_c.cpp.o[0m
[ 70%] Built target interfaces__rosidl_typesupport_cpp
[ 72%] [32mBuilding CXX object CMakeFiles/interfaces__rosidl_typesupport_fastrtps_c.dir/rosidl_typesupport_fastrtps_c/interfaces/msg/detail/inf_personal_usuario__type_support_c.cpp.o[0m
[ 74%] [32mBuilding CXX object CMakeFiles/interfaces__rosidl_typesupport_fastrtps_c.dir/rosidl_typesupport_fastrtps_c/interfaces/msg/detail/posicion__type_support_c.cpp.o[0m
[ 76%] [32m[1mLinking CXX shared library libinterfaces__rosidl_typesupport_fastrtps_c.so[0m
[ 76%] Built target interfaces__rosidl_typesupport_fastrtps_c
[ 76%] Built target interfaces
[35m[1mScanning dependencies of target interfaces__py[0m
[ 78%] [34m[1mGenerating Python code for ROS interfaces[0m
[ 78%] Built target interfaces__py
[35m[1mScanning dependencies of target interfaces__python[0m
[ 80%] [32mBuilding C object CMakeFiles/interfaces__python.dir/rosidl_generator_py/interfaces/msg/_custom_string_s.c.o[0m
[ 82%] [32mBuilding C object CMakeFiles/interfaces__python.dir/rosidl_generator_py/interfaces/msg/_inf_personal_usuario_s.c.o[0m
[ 85%] [32mBuilding C object CMakeFiles/interfaces__python.dir/rosidl_generator_py/interfaces/msg/_posicion_s.c.o[0m
[ 87%] [32m[1mLinking C shared library rosidl_generator_py/interfaces/libinterfaces__python.so[0m
[ 87%] Built target interfaces__python
[35m[1mScanning dependencies of target interfaces__rosidl_typesupport_introspection_c__pyext[0m
[35m[1mScanning dependencies of target interfaces__rosidl_typesupport_c__pyext[0m
[ 89%] [32mBuilding C object CMakeFiles/interfaces__rosidl_typesupport_introspection_c__pyext.dir/rosidl_generator_py/interfaces/_interfaces_s.ep.rosidl_typesupport_introspection_c.c.o[0m
[ 91%] [32mBuilding C object CMakeFiles/interfaces__rosidl_typesupport_c__pyext.dir/rosidl_generator_py/interfaces/_interfaces_s.ep.rosidl_typesupport_c.c.o[0m
[ 93%] [32m[1mLinking C shared library rosidl_generator_py/interfaces/interfaces_s__rosidl_typesupport_introspection_c.cpython-38-aarch64-linux-gnu.so[0m
[ 95%] [32m[1mLinking C shared library rosidl_generator_py/interfaces/interfaces_s__rosidl_typesupport_c.cpython-38-aarch64-linux-gnu.so[0m
[ 95%] Built target interfaces__rosidl_typesupport_introspection_c__pyext
[35m[1mScanning dependencies of target interfaces__rosidl_typesupport_fastrtps_c__pyext[0m
[ 97%] [32mBuilding C object CMakeFiles/interfaces__rosidl_typesupport_fastrtps_c__pyext.dir/rosidl_generator_py/interfaces/_interfaces_s.ep.rosidl_typesupport_fastrtps_c.c.o[0m
[ 97%] Built target interfaces__rosidl_typesupport_c__pyext
[100%] [32m[1mLinking CXX shared library rosidl_generator_py/interfaces/interfaces_s__rosidl_typesupport_fastrtps_c.cpython-38-aarch64-linux-gnu.so[0m
[100%] Built target interfaces__rosidl_typesupport_fastrtps_c__pyext
-- Install configuration: ""
-- Installing: /home/parallels/practica_ROS/ros2_prac2_ws/install/interfaces/share/ament_index/resource_index/rosidl_interfaces/interfaces
-- Up-to-date: /home/parallels/practica_ROS/ros2_prac2_ws/install/interfaces/include/interfaces
-- Up-to-date: /home/parallels/practica_ROS/ros2_prac2_ws/install/interfaces/include/interfaces/msg
-- Up-to-date: /home/parallels/practica_ROS/ros2_prac2_ws/install/interfaces/include/interfaces/msg/rosidl_generator_c__visibility_control.h
-- Installing: /home/parallels/practica_ROS/ros2_prac2_ws/install/interfaces/include/interfaces/msg/custom_string.h
-- Installing: /home/parallels/practica_ROS/ros2_prac2_ws/install/interfaces/include/interfaces/msg/inf_personal_usuario.h
-- Installing: /home/parallels/practica_ROS/ros2_prac2_ws/install/interfaces/include/interfaces/msg/posicion.h
-- Up-to-date: /home/parallels/practica_ROS/ros2_prac2_ws/install/interfaces/include/interfaces/msg/detail
-- Installing: /home/parallels/practica_ROS/ros2_prac2_ws/install/interfaces/include/interfaces/msg/detail/posicion__type_support.h
-- Installing: /home/parallels/practica_ROS/ros2_prac2_ws/install/interfaces/include/interfaces/msg/detail/custom_string__struct.h
-- Installing: /home/parallels/practica_ROS/ros2_prac2_ws/install/interfaces/include/interfaces/msg/detail/custom_string__type_support.h
-- Installing: /home/parallels/practica_ROS/ros2_prac2_ws/install/interfaces/include/interfaces/msg/detail/inf_personal_usuario__type_support.h
-- Installing: /home/parallels/practica_ROS/ros2_prac2_ws/install/interfaces/include/interfaces/msg/detail/inf_personal_usuario__struct.h
-- Installing: /home/parallels/practica_ROS/ros2_prac2_ws/install/interfaces/include/interfaces/msg/detail/inf_personal_usuario__functions.c
-- Installing: /home/parallels/practica_ROS/ros2_prac2_ws/install/interfaces/include/interfaces/msg/detail/posicion__functions.h
-- Installing: /home/parallels/practica_ROS/ros2_prac2_ws/install/interfaces/include/interfaces/msg/detail/custom_string__functions.c
-- Installing: /home/parallels/practica_ROS/ros2_prac2_ws/install/interfaces/include/interfaces/msg/detail/inf_personal_usuario__functions.h
-- Installing: /home/parallels/practica_ROS/ros2_prac2_ws/install/interfaces/include/interfaces/msg/detail/posicion__struct.h
-- Installing: /home/parallels/practica_ROS/ros2_prac2_ws/install/interfaces/include/interfaces/msg/detail/custom_string__functions.h
-- Installing: /home/parallels/practica_ROS/ros2_prac2_ws/install/interfaces/include/interfaces/msg/detail/posicion__functions.c
-- Up-to-date: /home/parallels/practica_ROS/ros2_prac2_ws/install/interfaces/share/interfaces/environment/library_path.sh
-- Installing: /home/parallels/practica_ROS/ros2_prac2_ws/install/interfaces/share/interfaces/environment/library_path.dsv
-- Installing: /home/parallels/practica_ROS/ros2_prac2_ws/install/interfaces/lib/libinterfaces__rosidl_generator_c.so
-- Set runtime path of "/home/parallels/practica_ROS/ros2_prac2_ws/install/interfaces/lib/libinterfaces__rosidl_generator_c.so" to ""
-- Up-to-date: /home/parallels/practica_ROS/ros2_prac2_ws/install/interfaces/include/interfaces
-- Up-to-date: /home/parallels/practica_ROS/ros2_prac2_ws/install/interfaces/include/interfaces/msg
-- Up-to-date: /home/parallels/practica_ROS/ros2_prac2_ws/install/interfaces/include/interfaces/msg/rosidl_typesupport_fastrtps_c__visibility_control.h
-- Up-to-date: /home/parallels/practica_ROS/ros2_prac2_ws/install/interfaces/include/interfaces/msg/detail
-- Installing: /home/parallels/practica_ROS/ros2_prac2_ws/install/interfaces/include/interfaces/msg/detail/custom_string__rosidl_typesupport_fastrtps_c.h
-- Installing: /home/parallels/practica_ROS/ros2_prac2_ws/install/interfaces/include/interfaces/msg/detail/posicion__rosidl_typesupport_fastrtps_c.h
-- Installing: /home/parallels/practica_ROS/ros2_prac2_ws/install/interfaces/include/interfaces/msg/detail/inf_personal_usuario__rosidl_typesupport_fastrtps_c.h
-- Installing: /home/parallels/practica_ROS/ros2_prac2_ws/install/interfaces/lib/libinterfaces__rosidl_typesupport_fastrtps_c.so
-- Set runtime path of "/home/parallels/practica_ROS/ros2_prac2_ws/install/interfaces/lib/libinterfaces__rosidl_typesupport_fastrtps_c.so" to ""
-- Up-to-date: /home/parallels/practica_ROS/ros2_prac2_ws/install/interfaces/include/interfaces
-- Up-to-date: /home/parallels/practica_ROS/ros2_prac2_ws/install/interfaces/include/interfaces/msg
-- Up-to-date: /home/parallels/practica_ROS/ros2_prac2_ws/install/interfaces/include/interfaces/msg/detail
-- Installing: /home/parallels/practica_ROS/ros2_prac2_ws/install/interfaces/include/interfaces/msg/detail/inf_personal_usuario__rosidl_typesupport_fastrtps_cpp.hpp
-- Up-to-date: /home/parallels/practica_ROS/ros2_prac2_ws/install/interfaces/include/interfaces/msg/detail/dds_fastrtps
-- Installing: /home/parallels/practica_ROS/ros2_prac2_ws/install/interfaces/include/interfaces/msg/detail/custom_string__rosidl_typesupport_fastrtps_cpp.hpp
-- Installing: /home/parallels/practica_ROS/ros2_prac2_ws/install/interfaces/include/interfaces/msg/detail/posicion__rosidl_typesupport_fastrtps_cpp.hpp
-- Up-to-date: /home/parallels/practica_ROS/ros2_prac2_ws/install/interfaces/include/interfaces/msg/rosidl_typesupport_fastrtps_cpp__visibility_control.h
-- Installing: /home/parallels/practica_ROS/ros2_prac2_ws/install/interfaces/lib/libinterfaces__rosidl_typesupport_fastrtps_cpp.so
-- Set runtime path of "/home/parallels/practica_ROS/ros2_prac2_ws/install/interfaces/lib/libinterfaces__rosidl_typesupport_fastrtps_cpp.so" to ""
-- Up-to-date: /home/parallels/practica_ROS/ros2_prac2_ws/install/interfaces/include/interfaces
-- Up-to-date: /home/parallels/practica_ROS/ros2_prac2_ws/install/interfaces/include/interfaces/msg
-- Up-to-date: /home/parallels/practica_ROS/ros2_prac2_ws/install/interfaces/include/interfaces/msg/rosidl_typesupport_introspection_c__visibility_control.h
-- Up-to-date: /home/parallels/practica_ROS/ros2_prac2_ws/install/interfaces/include/interfaces/msg/detail
-- Installing: /home/parallels/practica_ROS/ros2_prac2_ws/install/interfaces/include/interfaces/msg/detail/inf_personal_usuario__type_support.c
-- Installing: /home/parallels/practica_ROS/ros2_prac2_ws/install/interfaces/include/interfaces/msg/detail/custom_string__rosidl_typesupport_introspection_c.h
-- Installing: /home/parallels/practica_ROS/ros2_prac2_ws/install/interfaces/include/interfaces/msg/detail/inf_personal_usuario__rosidl_typesupport_introspection_c.h
-- Installing: /home/parallels/practica_ROS/ros2_prac2_ws/install/interfaces/include/interfaces/msg/detail/custom_string__type_support.c
-- Installing: /home/parallels/practica_ROS/ros2_prac2_ws/install/interfaces/include/interfaces/msg/detail/posicion__rosidl_typesupport_introspection_c.h
-- Installing: /home/parallels/practica_ROS/ros2_prac2_ws/install/interfaces/include/interfaces/msg/detail/posicion__type_support.c
-- Installing: /home/parallels/practica_ROS/ros2_prac2_ws/install/interfaces/lib/libinterfaces__rosidl_typesupport_introspection_c.so
-- Set runtime path of "/home/parallels/practica_ROS/ros2_prac2_ws/install/interfaces/lib/libinterfaces__rosidl_typesupport_introspection_c.so" to ""
-- Installing: /home/parallels/practica_ROS/ros2_prac2_ws/install/interfaces/lib/libinterfaces__rosidl_typesupport_c.so
-- Set runtime path of "/home/parallels/practica_ROS/ros2_prac2_ws/install/interfaces/lib/libinterfaces__rosidl_typesupport_c.so" to ""
-- Up-to-date: /home/parallels/practica_ROS/ros2_prac2_ws/install/interfaces/include/interfaces
-- Up-to-date: /home/parallels/practica_ROS/ros2_prac2_ws/install/interfaces/include/interfaces/msg
-- Installing: /home/parallels/practica_ROS/ros2_prac2_ws/install/interfaces/include/interfaces/msg/custom_string.hpp
-- Installing: /home/parallels/practica_ROS/ros2_prac2_ws/install/interfaces/include/interfaces/msg/posicion.hpp
-- Up-to-date: /home/parallels/practica_ROS/ros2_prac2_ws/install/interfaces/include/interfaces/msg/rosidl_generator_cpp__visibility_control.hpp
-- Up-to-date: /home/parallels/practica_ROS/ros2_prac2_ws/install/interfaces/include/interfaces/msg/detail
-- Installing: /home/parallels/practica_ROS/ros2_prac2_ws/install/interfaces/include/interfaces/msg/detail/custom_string__traits.hpp
-- Installing: /home/parallels/practica_ROS/ros2_prac2_ws/install/interfaces/include/interfaces/msg/detail/inf_personal_usuario__builder.hpp
-- Installing: /home/parallels/practica_ROS/ros2_prac2_ws/install/interfaces/include/interfaces/msg/detail/posicion__struct.hpp
-- Installing: /home/parallels/practica_ROS/ros2_prac2_ws/install/interfaces/include/interfaces/msg/detail/custom_string__type_support.hpp
-- Installing: /home/parallels/practica_ROS/ros2_prac2_ws/install/interfaces/include/interfaces/msg/detail/inf_personal_usuario__traits.hpp
-- Installing: /home/parallels/practica_ROS/ros2_prac2_ws/install/interfaces/include/interfaces/msg/detail/posicion__type_support.hpp
-- Installing: /home/parallels/practica_ROS/ros2_prac2_ws/install/interfaces/include/interfaces/msg/detail/custom_string__builder.hpp
-- Installing: /home/parallels/practica_ROS/ros2_prac2_ws/install/interfaces/include/interfaces/msg/detail/posicion__traits.hpp
-- Installing: /home/parallels/practica_ROS/ros2_prac2_ws/install/interfaces/include/interfaces/msg/detail/posicion__builder.hpp
-- Installing: /home/parallels/practica_ROS/ros2_prac2_ws/install/interfaces/include/interfaces/msg/detail/custom_string__struct.hpp
-- Installing: /home/parallels/practica_ROS/ros2_prac2_ws/install/interfaces/include/interfaces/msg/detail/inf_personal_usuario__type_support.hpp
-- Installing: /home/parallels/practica_ROS/ros2_prac2_ws/install/interfaces/include/interfaces/msg/detail/inf_personal_usuario__struct.hpp
-- Installing: /home/parallels/practica_ROS/ros2_prac2_ws/install/interfaces/include/interfaces/msg/inf_personal_usuario.hpp
-- Up-to-date: /home/parallels/practica_ROS/ros2_prac2_ws/install/interfaces/include/interfaces
-- Up-to-date: /home/parallels/practica_ROS/ros2_prac2_ws/install/interfaces/include/interfaces/msg
-- Up-to-date: /home/parallels/practica_ROS/ros2_prac2_ws/install/interfaces/include/interfaces/msg/detail
-- Installing: /home/parallels/practica_ROS/ros2_prac2_ws/install/interfaces/include/interfaces/msg/detail/inf_personal_usuario__rosidl_typesupport_introspection_cpp.hpp
-- Installing: /home/parallels/practica_ROS/ros2_prac2_ws/install/interfaces/include/interfaces/msg/detail/posicion__rosidl_typesupport_introspection_cpp.hpp
-- Installing: /home/parallels/practica_ROS/ros2_prac2_ws/install/interfaces/include/interfaces/msg/detail/posicion__type_support.cpp
-- Installing: /home/parallels/practica_ROS/ros2_prac2_ws/install/interfaces/include/interfaces/msg/detail/inf_personal_usuario__type_support.cpp
-- Installing: /home/parallels/practica_ROS/ros2_prac2_ws/install/interfaces/include/interfaces/msg/detail/custom_string__rosidl_typesupport_introspection_cpp.hpp
-- Installing: /home/parallels/practica_ROS/ros2_prac2_ws/install/interfaces/include/interfaces/msg/detail/custom_string__type_support.cpp
-- Installing: /home/parallels/practica_ROS/ros2_prac2_ws/install/interfaces/lib/libinterfaces__rosidl_typesupport_introspection_cpp.so
-- Set runtime path of "/home/parallels/practica_ROS/ros2_prac2_ws/install/interfaces/lib/libinterfaces__rosidl_typesupport_introspection_cpp.so" to ""
-- Installing: /home/parallels/practica_ROS/ros2_prac2_ws/install/interfaces/lib/libinterfaces__rosidl_typesupport_cpp.so
-- Set runtime path of "/home/parallels/practica_ROS/ros2_prac2_ws/install/interfaces/lib/libinterfaces__rosidl_typesupport_cpp.so" to ""
-- Up-to-date: /home/parallels/practica_ROS/ros2_prac2_ws/install/interfaces/share/interfaces/environment/pythonpath.sh
-- Installing: /home/parallels/practica_ROS/ros2_prac2_ws/install/interfaces/share/interfaces/environment/pythonpath.dsv
-- Installing: /home/parallels/practica_ROS/ros2_prac2_ws/install/interfaces/lib/python3.8/site-packages/interfaces/__init__.py
Compiling '/home/parallels/practica_ROS/ros2_prac2_ws/install/interfaces/lib/python3.8/site-packages/interfaces/__init__.py'...
-- Up-to-date: /home/parallels/practica_ROS/ros2_prac2_ws/install/interfaces/lib/python3.8/site-packages/interfaces/msg
-- Installing: /home/parallels/practica_ROS/ros2_prac2_ws/install/interfaces/lib/python3.8/site-packages/interfaces/msg/_custom_string_s.c
-- Installing: /home/parallels/practica_ROS/ros2_prac2_ws/install/interfaces/lib/python3.8/site-packages/interfaces/msg/_posicion.py
-- Installing: /home/parallels/practica_ROS/ros2_prac2_ws/install/interfaces/lib/python3.8/site-packages/interfaces/msg/_inf_personal_usuario.py
-- Installing: /home/parallels/practica_ROS/ros2_prac2_ws/install/interfaces/lib/python3.8/site-packages/interfaces/msg/_inf_personal_usuario_s.c
-- Installing: /home/parallels/practica_ROS/ros2_prac2_ws/install/interfaces/lib/python3.8/site-packages/interfaces/msg/__init__.py
-- Installing: /home/parallels/practica_ROS/ros2_prac2_ws/install/interfaces/lib/python3.8/site-packages/interfaces/msg/_custom_string.py
-- Installing: /home/parallels/practica_ROS/ros2_prac2_ws/install/interfaces/lib/python3.8/site-packages/interfaces/msg/_posicion_s.c
-- Installing: /home/parallels/practica_ROS/ros2_prac2_ws/install/interfaces/lib/python3.8/site-packages/interfaces/interfaces_s__rosidl_typesupport_fastrtps_c.cpython-38-aarch64-linux-gnu.so
-- Set runtime path of "/home/parallels/practica_ROS/ros2_prac2_ws/install/interfaces/lib/python3.8/site-packages/interfaces/interfaces_s__rosidl_typesupport_fastrtps_c.cpython-38-aarch64-linux-gnu.so" to ""
-- Installing: /home/parallels/practica_ROS/ros2_prac2_ws/install/interfaces/lib/python3.8/site-packages/interfaces/interfaces_s__rosidl_typesupport_introspection_c.cpython-38-aarch64-linux-gnu.so
-- Set runtime path of "/home/parallels/practica_ROS/ros2_prac2_ws/install/interfaces/lib/python3.8/site-packages/interfaces/interfaces_s__rosidl_typesupport_introspection_c.cpython-38-aarch64-linux-gnu.so" to ""
-- Installing: /home/parallels/practica_ROS/ros2_prac2_ws/install/interfaces/lib/python3.8/site-packages/interfaces/interfaces_s__rosidl_typesupport_c.cpython-38-aarch64-linux-gnu.so
-- Set runtime path of "/home/parallels/practica_ROS/ros2_prac2_ws/install/interfaces/lib/python3.8/site-packages/interfaces/interfaces_s__rosidl_typesupport_c.cpython-38-aarch64-linux-gnu.so" to ""
-- Installing: /home/parallels/practica_ROS/ros2_prac2_ws/install/interfaces/lib/libinterfaces__python.so
-- Set runtime path of "/home/parallels/practica_ROS/ros2_prac2_ws/install/interfaces/lib/libinterfaces__python.so" to ""
-- Up-to-date: /home/parallels/practica_ROS/ros2_prac2_ws/install/interfaces/share/interfaces/msg/CustomString.idl
-- Up-to-date: /home/parallels/practica_ROS/ros2_prac2_ws/install/interfaces/share/interfaces/msg/InfPersonalUsuario.idl
-- Installing: /home/parallels/practica_ROS/ros2_prac2_ws/install/interfaces/share/interfaces/msg/Posicion.idl
-- Up-to-date: /home/parallels/practica_ROS/ros2_prac2_ws/install/interfaces/share/interfaces/msg/CustomString.msg
-- Up-to-date: /home/parallels/practica_ROS/ros2_prac2_ws/install/interfaces/share/interfaces/msg/InfPersonalUsuario.msg
-- Installing: /home/parallels/practica_ROS/ros2_prac2_ws/install/interfaces/share/interfaces/msg/Posicion.msg
-- Up-to-date: /home/parallels/practica_ROS/ros2_prac2_ws/install/interfaces/share/ament_index/resource_index/package_run_dependencies/interfaces
-- Up-to-date: /home/parallels/practica_ROS/ros2_prac2_ws/install/interfaces/share/ament_index/resource_index/parent_prefix_path/interfaces
-- Up-to-date: /home/parallels/practica_ROS/ros2_prac2_ws/install/interfaces/share/interfaces/environment/ament_prefix_path.sh
-- Installing: /home/parallels/practica_ROS/ros2_prac2_ws/install/interfaces/share/interfaces/environment/ament_prefix_path.dsv
-- Up-to-date: /home/parallels/practica_ROS/ros2_prac2_ws/install/interfaces/share/interfaces/environment/path.sh
-- Installing: /home/parallels/practica_ROS/ros2_prac2_ws/install/interfaces/share/interfaces/environment/path.dsv
-- Up-to-date: /home/parallels/practica_ROS/ros2_prac2_ws/install/interfaces/share/interfaces/local_setup.bash
-- Up-to-date: /home/parallels/practica_ROS/ros2_prac2_ws/install/interfaces/share/interfaces/local_setup.sh
-- Up-to-date: /home/parallels/practica_ROS/ros2_prac2_ws/install/interfaces/share/interfaces/local_setup.zsh
-- Installing: /home/parallels/practica_ROS/ros2_prac2_ws/install/interfaces/share/interfaces/local_setup.dsv
-- Installing: /home/parallels/practica_ROS/ros2_prac2_ws/install/interfaces/share/interfaces/package.dsv
-- Up-to-date: /home/parallels/practica_ROS/ros2_prac2_ws/install/interfaces/share/ament_index/resource_index/packages/interfaces
-- Up-to-date: /home/parallels/practica_ROS/ros2_prac2_ws/install/interfaces/share/interfaces/cmake/interfaces__rosidl_generator_cExport.cmake
-- Installing: /home/parallels/practica_ROS/ros2_prac2_ws/install/interfaces/share/interfaces/cmake/interfaces__rosidl_generator_cExport-noconfig.cmake
-- Up-to-date: /home/parallels/practica_ROS/ros2_prac2_ws/install/interfaces/share/interfaces/cmake/interfaces__rosidl_typesupport_introspection_cExport.cmake
-- Installing: /home/parallels/practica_ROS/ros2_prac2_ws/install/interfaces/share/interfaces/cmake/interfaces__rosidl_typesupport_introspection_cExport-noconfig.cmake
-- Up-to-date: /home/parallels/practica_ROS/ros2_prac2_ws/install/interfaces/share/interfaces/cmake/interfaces__rosidl_typesupport_cExport.cmake
-- Installing: /home/parallels/practica_ROS/ros2_prac2_ws/install/interfaces/share/interfaces/cmake/interfaces__rosidl_typesupport_cExport-noconfig.cmake
-- Up-to-date: /home/parallels/practica_ROS/ros2_prac2_ws/install/interfaces/share/interfaces/cmake/interfaces__rosidl_generator_cppExport.cmake
-- Up-to-date: /home/parallels/practica_ROS/ros2_prac2_ws/install/interfaces/share/interfaces/cmake/interfaces__rosidl_typesupport_introspection_cppExport.cmake
-- Installing: /home/parallels/practica_ROS/ros2_prac2_ws/install/interfaces/share/interfaces/cmake/interfaces__rosidl_typesupport_introspection_cppExport-noconfig.cmake
-- Up-to-date: /home/parallels/practica_ROS/ros2_prac2_ws/install/interfaces/share/interfaces/cmake/interfaces__rosidl_typesupport_cppExport.cmake
-- Installing: /home/parallels/practica_ROS/ros2_prac2_ws/install/interfaces/share/interfaces/cmake/interfaces__rosidl_typesupport_cppExport-noconfig.cmake
-- Installing: /home/parallels/practica_ROS/ros2_prac2_ws/install/interfaces/share/interfaces/cmake/rosidl_cmake-extras.cmake
-- Up-to-date: /home/parallels/practica_ROS/ros2_prac2_ws/install/interfaces/share/interfaces/cmake/ament_cmake_export_dependencies-extras.cmake
-- Up-to-date: /home/parallels/practica_ROS/ros2_prac2_ws/install/interfaces/share/interfaces/cmake/ament_cmake_export_libraries-extras.cmake
-- Up-to-date: /home/parallels/practica_ROS/ros2_prac2_ws/install/interfaces/share/interfaces/cmake/ament_cmake_export_targets-extras.cmake
-- Up-to-date: /home/parallels/practica_ROS/ros2_prac2_ws/install/interfaces/share/interfaces/cmake/ament_cmake_export_include_directories-extras.cmake
-- Up-to-date: /home/parallels/practica_ROS/ros2_prac2_ws/install/interfaces/share/interfaces/cmake/rosidl_cmake_export_typesupport_libraries-extras.cmake
-- Up-to-date: /home/parallels/practica_ROS/ros2_prac2_ws/install/interfaces/share/interfaces/cmake/rosidl_cmake_export_typesupport_targets-extras.cmake
-- Up-to-date: /home/parallels/practica_ROS/ros2_prac2_ws/install/interfaces/share/interfaces/cmake/interfacesConfig.cmake
-- Up-to-date: /home/parallels/practica_ROS/ros2_prac2_ws/install/interfaces/share/interfaces/cmake/interfacesConfig-version.cmake
-- Up-to-date: /home/parallels/practica_ROS/ros2_prac2_ws/install/interfaces/share/interfaces/package.xml
