[0.006s] Invoking command in '/home/parallels/practica_ROS/ros2_prac2_ws/build/interfaces': CMAKE_PREFIX_PATH=${CMAKE_PREFIX_PATH}:/opt/ros/foxy /usr/bin/cmake /home/parallels/practica_ROS/ros2_prac2_ws/src/interfaces -DCMAKE_INSTALL_PREFIX=/home/parallels/practica_ROS/ros2_prac2_ws/install/interfaces
[0.106s] -- The C compiler identification is GNU 9.4.0
[0.190s] -- The CXX compiler identification is GNU 9.4.0
[0.198s] -- Check for working C compiler: /usr/bin/cc
[0.239s] -- Check for working C compiler: /usr/bin/cc -- works
[0.240s] -- Detecting C compiler ABI info
[0.281s] -- Detecting C compiler ABI info - done
[0.288s] -- Detecting C compile features
[0.288s] -- Detecting C compile features - done
[0.291s] -- Check for working CXX compiler: /usr/bin/c++
[0.331s] -- Check for working CXX compiler: /usr/bin/c++ -- works
[0.331s] -- Detecting CXX compiler ABI info
[0.372s] -- Detecting CXX compiler ABI info - done
[0.379s] -- Detecting CXX compile features
[0.379s] -- Detecting CXX compile features - done
[0.386s] -- Found ament_cmake: 0.9.12 (/opt/ros/foxy/share/ament_cmake/cmake)
[0.401s] -- Found PythonInterp: /usr/bin/python3 (found suitable version "3.8.10", minimum required is "3") 
[0.401s] -- Using PYTHON_EXECUTABLE: /usr/bin/python3
[0.508s] -- Found rosidl_default_generators: 1.0.1 (/opt/ros/foxy/share/rosidl_default_generators/cmake)
[0.512s] -- Using all available rosidl_typesupport_c: rosidl_typesupport_fastrtps_c;rosidl_typesupport_introspection_c
[0.518s] -- Found rosidl_adapter: 1.3.1 (/opt/ros/foxy/share/rosidl_adapter/cmake)
[0.596s] -- Found OpenSSL: /usr/lib/aarch64-linux-gnu/libcrypto.so (found version "1.1.1f")  
[0.617s] -- Found FastRTPS: /opt/ros/foxy/include  
[0.678s] -- Using all available rosidl_typesupport_cpp: rosidl_typesupport_fastrtps_cpp;rosidl_typesupport_introspection_cpp
[0.697s] CMake Error at /opt/ros/foxy/share/rosidl_cmake/cmake/rosidl_generate_interfaces.cmake:93 (message):
[0.698s]   rosidl_generate_interfaces() the passed file 'msg/custom_string.msg'
[0.698s]   doesn't exist relative to the CMAKE_CURRENT_SOURCE_DIR
[0.698s]   '/home/parallels/practica_ROS/ros2_prac2_ws/src/interfaces'
[0.698s] Call Stack (most recent call first):
[0.698s]   CMakeLists.txt:26 (rosidl_generate_interfaces)
[0.698s] 
[0.698s] 
[0.699s] -- Configuring incomplete, errors occurred!
[0.699s] See also "/home/parallels/practica_ROS/ros2_prac2_ws/build/interfaces/CMakeFiles/CMakeOutput.log".
[0.702s] Invoked command in '/home/parallels/practica_ROS/ros2_prac2_ws/build/interfaces' returned '1': CMAKE_PREFIX_PATH=${CMAKE_PREFIX_PATH}:/opt/ros/foxy /usr/bin/cmake /home/parallels/practica_ROS/ros2_prac2_ws/src/interfaces -DCMAKE_INSTALL_PREFIX=/home/parallels/practica_ROS/ros2_prac2_ws/install/interfaces
