[01m[K/home/parallels/practica_ROS/ros2_prac2_ws/src/cpp_nodes/src/input_node.cpp:33:6:[m[K [01;31m[Kerror: [m[K‘[01m[KMinimalPublisher[m[K’ has not been declared
   33 | void [01;31m[KMinimalPublisher[m[K::timer_callback()
      |      [01;31m[K^~~~~~~~~~~~~~~~[m[K
In file included from [01m[K/opt/ros/foxy/include/rclcpp/service.hpp:34[m[K,
                 from [01m[K/opt/ros/foxy/include/rclcpp/callback_group.hpp:25[m[K,
                 from [01m[K/opt/ros/foxy/include/rclcpp/any_executable.hpp:20[m[K,
                 from [01m[K/opt/ros/foxy/include/rclcpp/memory_strategy.hpp:24[m[K,
                 from [01m[K/opt/ros/foxy/include/rclcpp/memory_strategies.hpp:18[m[K,
                 from [01m[K/opt/ros/foxy/include/rclcpp/executor_options.hpp:20[m[K,
                 from [01m[K/opt/ros/foxy/include/rclcpp/executor.hpp:33[m[K,
                 from [01m[K/opt/ros/foxy/include/rclcpp/executors/multi_threaded_executor.hpp:26[m[K,
                 from [01m[K/opt/ros/foxy/include/rclcpp/executors.hpp:21[m[K,
                 from [01m[K/opt/ros/foxy/include/rclcpp/rclcpp.hpp:146[m[K,
                 from [01m[K/home/parallels/practica_ROS/ros2_prac2_ws/src/cpp_nodes/include/input_node.hpp:4[m[K,
                 from [01m[K/home/parallels/practica_ROS/ros2_prac2_ws/src/cpp_nodes/src/input_node.cpp:1[m[K:
[01m[K/home/parallels/practica_ROS/ros2_prac2_ws/src/cpp_nodes/src/input_node.cpp:[m[K In function ‘[01m[Kvoid timer_callback()[m[K’:
[01m[K/home/parallels/practica_ROS/ros2_prac2_ws/src/cpp_nodes/src/input_node.cpp:37:15:[m[K [01;31m[Kerror: [m[Kinvalid use of ‘[01m[Kthis[m[K’ in non-member function
   37 |   RCLCPP_INFO([01;31m[Kthis[m[K->get_logger(), "Publishing: '%d'", message.data);
      |               [01;31m[K^~~~[m[K
[01m[K/home/parallels/practica_ROS/ros2_prac2_ws/src/cpp_nodes/src/input_node.cpp:37:15:[m[K [01;31m[Kerror: [m[Kinvalid use of ‘[01m[Kthis[m[K’ in non-member function
[01m[K/home/parallels/practica_ROS/ros2_prac2_ws/src/cpp_nodes/src/input_node.cpp:37:3:[m[K [01;31m[Kerror: [m[Ktemplate argument 1 is invalid
   37 |   [01;31m[KRCLCPP_INFO[m[K(this->get_logger(), "Publishing: '%d'", message.data);
      |   [01;31m[K^~~~~~~~~~~[m[K
[01m[K/home/parallels/practica_ROS/ros2_prac2_ws/src/cpp_nodes/src/input_node.cpp:37:3:[m[K [01;31m[Kerror: [m[Ktemplate argument 1 is invalid
   37 |   [01;31m[KRCLCPP_INFO[m[K(this->get_logger(), "Publishing: '%d'", message.data);
      |   [01;31m[K^~~~~~~~~~~[m[K
[01m[K/home/parallels/practica_ROS/ros2_prac2_ws/src/cpp_nodes/src/input_node.cpp:37:3:[m[K [01;31m[Kerror: [m[Ktemplate argument 1 is invalid
   37 |   [01;31m[KRCLCPP_INFO[m[K(this->get_logger(), "Publishing: '%d'", message.data);
      |   [01;31m[K^~~~~~~~~~~[m[K
In file included from [01m[K/opt/ros/foxy/include/rclcpp/client.hpp:40[m[K,
                 from [01m[K/opt/ros/foxy/include/rclcpp/callback_group.hpp:23[m[K,
                 from [01m[K/opt/ros/foxy/include/rclcpp/any_executable.hpp:20[m[K,
                 from [01m[K/opt/ros/foxy/include/rclcpp/memory_strategy.hpp:24[m[K,
                 from [01m[K/opt/ros/foxy/include/rclcpp/memory_strategies.hpp:18[m[K,
                 from [01m[K/opt/ros/foxy/include/rclcpp/executor_options.hpp:20[m[K,
                 from [01m[K/opt/ros/foxy/include/rclcpp/executor.hpp:33[m[K,
                 from [01m[K/opt/ros/foxy/include/rclcpp/executors/multi_threaded_executor.hpp:26[m[K,
                 from [01m[K/opt/ros/foxy/include/rclcpp/executors.hpp:21[m[K,
                 from [01m[K/opt/ros/foxy/include/rclcpp/rclcpp.hpp:146[m[K,
                 from [01m[K/home/parallels/practica_ROS/ros2_prac2_ws/src/cpp_nodes/include/input_node.hpp:4[m[K,
                 from [01m[K/home/parallels/practica_ROS/ros2_prac2_ws/src/cpp_nodes/src/input_node.cpp:1[m[K:
[01m[K/home/parallels/practica_ROS/ros2_prac2_ws/src/cpp_nodes/src/input_node.cpp:37:15:[m[K [01;31m[Kerror: [m[Kinvalid use of ‘[01m[Kthis[m[K’ in non-member function
   37 |   RCLCPP_INFO([01;31m[Kthis[m[K->get_logger(), "Publishing: '%d'", message.data);
      |               [01;31m[K^~~~[m[K
[01m[K/home/parallels/practica_ROS/ros2_prac2_ws/src/cpp_nodes/src/input_node.cpp:37:15:[m[K [01;31m[Kerror: [m[Kinvalid use of ‘[01m[Kthis[m[K’ in non-member function
   37 |   RCLCPP_INFO([01;31m[Kthis[m[K->get_logger(), "Publishing: '%d'", message.data);
      |               [01;31m[K^~~~[m[K
[01m[K/home/parallels/practica_ROS/ros2_prac2_ws/src/cpp_nodes/src/input_node.cpp:38:3:[m[K [01;31m[Kerror: [m[K‘[01m[Kpublisher_[m[K’ was not declared in this scope; did you mean ‘[01m[Krcl_publisher_t[m[K’?
   38 |   [01;31m[Kpublisher_[m[K->publish(message);
      |   [01;31m[K^~~~~~~~~~[m[K
      |   [32m[Krcl_publisher_t[m[K
make[2]: *** [CMakeFiles/main_node.dir/build.make:76: CMakeFiles/main_node.dir/src/input_node.cpp.o] Error 1
make[2]: *** Waiting for unfinished jobs....
make[1]: *** [CMakeFiles/Makefile2:78: CMakeFiles/main_node.dir/all] Error 2
make: *** [Makefile:141: all] Error 2
