In file included from [01m[K/home/parallels/practica_ROS/ros2_prac2_ws/src/cpp_nodes/src/empaquetado_nodo.cpp:1[m[K:
[01m[K/home/parallels/practica_ROS/ros2_prac2_ws/src/cpp_nodes/include/empaquetado_nodo.hpp:14:46:[m[K [01;31m[Kerror: [m[K‘[01m[KInfPersonalUsuario[m[K’ in namespace ‘[01m[Kinterfaces::msg[m[K’ does not name a type
   14 |   void topic_callback(const interfaces::msg::[01;31m[KInfPersonalUsuario[m[K::SharedPtr msg) const;  // CHANGE
      |                                              [01;31m[K^~~~~~~~~~~~~~~~~~[m[K
[01m[K/home/parallels/practica_ROS/ros2_prac2_ws/src/cpp_nodes/include/empaquetado_nodo.hpp:14:76:[m[K [01;31m[Kerror: [m[Kexpected unqualified-id before ‘[01m[Kmsg[m[K’
   14 | _callback(const interfaces::msg::InfPersonalUsuario::SharedPtr [01;31m[Kmsg[m[K) const;  // CHANGE
      |                                                                [01;31m[K^~~[m[K

[01m[K/home/parallels/practica_ROS/ros2_prac2_ws/src/cpp_nodes/include/empaquetado_nodo.hpp:14:75:[m[K [01;31m[Kerror: [m[Kexpected ‘[01m[K)[m[K’ before ‘[01m[Kmsg[m[K’
   14 | c_callback[34m[K([m[Kconst interfaces::msg::InfPersonalUsuario::SharedPtr[01;31m[K [m[K[32m[Kmsg[m[K) const;  // CHANGE
      |           [34m[K~[m[K                                                    [01;31m[K^[m[K[32m[K~~~[m[K
      |                                                                [32m[K)[m[K
[01m[K/home/parallels/practica_ROS/ros2_prac2_ws/src/cpp_nodes/include/empaquetado_nodo.hpp:14:66:[m[K [01;31m[Kerror: [m[Kexpected ‘[01m[K;[m[K’ at end of member declaration
   14 | void topic_callback(const interfaces::msg::InfPersonalUsuario::[01;31m[KSharedPtr[m[K msg) const;  // CHANGE
      |                                                                [01;31m[K^~~~~~~~~[m[K
      |                                                                         [32m[K;[m[K
[01m[K/home/parallels/practica_ROS/ros2_prac2_ws/src/cpp_nodes/include/empaquetado_nodo.hpp:14:76:[m[K [01;31m[Kerror: [m[K‘[01m[Kmsg[m[K’ does not name a type
   14 | _callback(const interfaces::msg::InfPersonalUsuario::SharedPtr [01;31m[Kmsg[m[K) const;  // CHANGE
      |                                                                [01;31m[K^~~[m[K

[01m[K/home/parallels/practica_ROS/ros2_prac2_ws/src/cpp_nodes/include/empaquetado_nodo.hpp:16:41:[m[K [01;31m[Kerror: [m[K‘[01m[KInfPersonalUsuariio[m[K’ is not a member of ‘[01m[Kinterfaces::msg[m[K’
   16 |   rclcpp::Subscription<interfaces::msg::[01;31m[KInfPersonalUsuariio[m[K>::SharedPtr subscription_;  // CHANGE
      |                                         [01;31m[K^~~~~~~~~~~~~~~~~~~[m[K
[01m[K/home/parallels/practica_ROS/ros2_prac2_ws/src/cpp_nodes/include/empaquetado_nodo.hpp:16:41:[m[K [01;31m[Kerror: [m[K‘[01m[KInfPersonalUsuariio[m[K’ is not a member of ‘[01m[Kinterfaces::msg[m[K’
[01m[K/home/parallels/practica_ROS/ros2_prac2_ws/src/cpp_nodes/include/empaquetado_nodo.hpp:16:60:[m[K [01;31m[Kerror: [m[Ktemplate argument 1 is invalid
   16 |   rclcpp::Subscription<interfaces::msg::InfPersonalUsuariio[01;31m[K>[m[K::SharedPtr subscription_;  // CHANGE
      |                                                            [01;31m[K^[m[K
[01m[K/home/parallels/practica_ROS/ros2_prac2_ws/src/cpp_nodes/include/empaquetado_nodo.hpp:16:60:[m[K [01;31m[Kerror: [m[Ktemplate argument 3 is invalid
[01m[K/home/parallels/practica_ROS/ros2_prac2_ws/src/cpp_nodes/include/empaquetado_nodo.hpp:16:63:[m[K [01;31m[Kerror: [m[Kexpected ‘[01m[K;[m[K’ at end of member declaration
   16 |   rclcpp::Subscription<interfaces::msg::InfPersonalUsuariio>::[01;31m[KSharedPtr[m[K subscription_;  // CHANGE
      |                                                               [01;31m[K^~~~~~~~~[m[K
      |                                                                        [32m[K;[m[K
[01m[K/home/parallels/practica_ROS/ros2_prac2_ws/src/cpp_nodes/include/empaquetado_nodo.hpp:16:73:[m[K [01;31m[Kerror: [m[K‘[01m[Ksubscription_[m[K’ does not name a type; did you mean ‘[01m[Krcl_subscription_t[m[K’?
   16 | :Subscription<interfaces::msg::InfPersonalUsuariio>::SharedPtr [01;31m[Ksubscription_[m[K;  // CHANGE
      |                                                                [01;31m[K^~~~~~~~~~~~~[m[K
      |                                                                [32m[Krcl_subscription_t[m[K
[01m[K/home/parallels/practica_ROS/ros2_prac2_ws/src/cpp_nodes/src/empaquetado_nodo.cpp:[m[K In constructor ‘[01m[KEmpaquetadoNodo::EmpaquetadoNodo()[m[K’:
[01m[K/home/parallels/practica_ROS/ros2_prac2_ws/src/cpp_nodes/src/empaquetado_nodo.cpp:8:3:[m[K [01;31m[Kerror: [m[K‘[01m[Ksubscription_[m[K’ was not declared in this scope; did you mean ‘[01m[Krcl_subscription_t[m[K’?
    8 |   [01;31m[Ksubscription_[m[K = this->create_subscription<interfaces::msg::InfPersonalUsuario>(
      |   [01;31m[K^~~~~~~~~~~~~[m[K
      |   [32m[Krcl_subscription_t[m[K
[01m[K/home/parallels/practica_ROS/ros2_prac2_ws/src/cpp_nodes/src/empaquetado_nodo.cpp:8:62:[m[K [01;31m[Kerror: [m[K‘[01m[KInfPersonalUsuario[m[K’ is not a member of ‘[01m[Kinterfaces::msg[m[K’
    8 |   subscription_ = this->create_subscription<interfaces::msg::[01;31m[KInfPersonalUsuario[m[K>(
      |                                                              [01;31m[K^~~~~~~~~~~~~~~~~~[m[K
[01m[K/home/parallels/practica_ROS/ros2_prac2_ws/src/cpp_nodes/src/empaquetado_nodo.cpp:8:62:[m[K [01;31m[Kerror: [m[K‘[01m[KInfPersonalUsuario[m[K’ is not a member of ‘[01m[Kinterfaces::msg[m[K’
[01m[K/home/parallels/practica_ROS/ros2_prac2_ws/src/cpp_nodes/src/empaquetado_nodo.cpp:9:71:[m[K [01;31m[Kerror: [m[Kno matching function for call to ‘[01m[KEmpaquetadoNodo::create_subscription<<expression error> >(const char [6], int, std::_Bind_helper<false, void (EmpaquetadoNodo::*)(...), EmpaquetadoNodo*, const std::_Placeholder<1>&>::type)[m[K’
    9 |     "topic", 10, std::bind(&EmpaquetadoNodo::topic_callback, this, _1)[01;31m[K)[m[K;
      |                                                                       [01;31m[K^[m[K
In file included from [01m[K/opt/ros/foxy/include/rclcpp/executors/single_threaded_executor.hpp:28[m[K,
                 from [01m[K/opt/ros/foxy/include/rclcpp/executors.hpp:22[m[K,
                 from [01m[K/opt/ros/foxy/include/rclcpp/rclcpp.hpp:146[m[K,
                 from [01m[K/home/parallels/practica_ROS/ros2_prac2_ws/src/cpp_nodes/include/empaquetado_nodo.hpp:5[m[K,
                 from [01m[K/home/parallels/practica_ROS/ros2_prac2_ws/src/cpp_nodes/src/empaquetado_nodo.cpp:1[m[K:
[01m[K/opt/ros/foxy/include/rclcpp/node.hpp:213:3:[m[K [01;36m[Knote: [m[Kcandidate: ‘[01m[Ktemplate<class MessageT, class CallbackT, class AllocatorT, class CallbackMessageT, class SubscriptionT, class MessageMemoryStrategyT> std::shared_ptr<SubscriptionT> rclcpp::Node::create_subscription(const string&, const rclcpp::QoS&, CallbackT&&, const rclcpp::SubscriptionOptionsWithAllocator<AllocatorT>&, typename MessageMemoryStrategyT::SharedPtr)[m[K’
  213 |   [01;36m[Kcreate_subscription[m[K(
      |   [01;36m[K^~~~~~~~~~~~~~~~~~~[m[K
[01m[K/opt/ros/foxy/include/rclcpp/node.hpp:213:3:[m[K [01;36m[Knote: [m[K  template argument deduction/substitution failed:
[01m[K/home/parallels/practica_ROS/ros2_prac2_ws/src/cpp_nodes/src/empaquetado_nodo.cpp:9:71:[m[K [01;31m[Kerror: [m[Ktemplate argument 1 is invalid
    9 |     "topic", 10, std::bind(&EmpaquetadoNodo::topic_callback, this, _1)[01;31m[K)[m[K;
      |                                                                       [01;31m[K^[m[K
[01m[K/home/parallels/practica_ROS/ros2_prac2_ws/src/cpp_nodes/src/empaquetado_nodo.cpp:[m[K At global scope:
[01m[K/home/parallels/practica_ROS/ros2_prac2_ws/src/cpp_nodes/src/empaquetado_nodo.cpp:12:61:[m[K [01;31m[Kerror: [m[K‘[01m[KInfPersonalUsuario[m[K’ in namespace ‘[01m[Kinterfaces::msg[m[K’ does not name a type
   12 | void EmpaquetadoNodo::topic_callback(const interfaces::msg::[01;31m[KInfPersonalUsuario[m[K::SharedPtr msg) const
      |                                                             [01;31m[K^~~~~~~~~~~~~~~~~~[m[K
[01m[K/home/parallels/practica_ROS/ros2_prac2_ws/src/cpp_nodes/src/empaquetado_nodo.cpp:12:91:[m[K [01;31m[Kerror: [m[Kexpected unqualified-id before ‘[01m[Kmsg[m[K’
   12 | :topic_callback(const interfaces::msg::InfPersonalUsuario::SharedPtr [01;31m[Kmsg[m[K) const
      |                                                                      [01;31m[K^~~[m[K

[01m[K/home/parallels/practica_ROS/ros2_prac2_ws/src/cpp_nodes/src/empaquetado_nodo.cpp:12:90:[m[K [01;31m[Kerror: [m[Kexpected ‘[01m[K)[m[K’ before ‘[01m[Kmsg[m[K’
   12 | :topic_callback[34m[K([m[Kconst interfaces::msg::InfPersonalUsuario::SharedPtr[01;31m[K [m[K[32m[Kmsg[m[K) const
      |                [34m[K~[m[K                                                    [01;31m[K^[m[K[32m[K~~~[m[K
      |                                                                     [32m[K)[m[K
[01m[K/home/parallels/practica_ROS/ros2_prac2_ws/src/cpp_nodes/src/empaquetado_nodo.cpp:12:91:[m[K [01;31m[Kerror: [m[Kexpected initializer before ‘[01m[Kmsg[m[K’
   12 | :topic_callback(const interfaces::msg::InfPersonalUsuario::SharedPtr [01;31m[Kmsg[m[K) const
      |                                                                      [01;31m[K^~~[m[K

make[2]: *** [CMakeFiles/empaquetado_nodo.dir/build.make:63: CMakeFiles/empaquetado_nodo.dir/src/empaquetado_nodo.cpp.o] Error 1
make[1]: *** [CMakeFiles/Makefile2:80: CMakeFiles/empaquetado_nodo.dir/all] Error 2
make: *** [Makefile:141: all] Error 2
