-- Found ament_cmake: 0.9.12 (/opt/ros/foxy/share/ament_cmake/cmake)
-- Using PYTHON_EXECUTABLE: /usr/bin/python3
-- Found rclcpp: 2.4.3 (/opt/ros/foxy/share/rclcpp/cmake)
-- Using all available rosidl_typesupport_c: rosidl_typesupport_fastrtps_c;rosidl_typesupport_introspection_c
-- Found rosidl_adapter: 1.3.1 (/opt/ros/foxy/share/rosidl_adapter/cmake)
-- Using all available rosidl_typesupport_cpp: rosidl_typesupport_fastrtps_cpp;rosidl_typesupport_introspection_cpp
-- Found rmw_implementation_cmake: 1.0.4 (/opt/ros/foxy/share/rmw_implementation_cmake/cmake)
-- Using RMW implementation 'rmw_fastrtps_cpp' as default
-- Found interfaces: 0.0.0 (/home/parallels/practica_ROS/ros2_prac2_ws/install/interfaces/share/interfaces/cmake)
-- Configuring done
-- Generating done
-- Build files have been written to: /home/parallels/practica_ROS/ros2_prac2_ws/build/cpp_nodes
[35m[1mScanning dependencies of target posicion_usuario_nodo[0m
[ 25%] Built target emocion_usuario_nodo
[ 50%] Built target empaquetado_nodo
[ 75%] Built target informacion_personal_nodo
[ 87%] [32mBuilding CXX object CMakeFiles/posicion_usuario_nodo.dir/src/posicion_usuario_nodo.cpp.o[0m
In file included from [01m[K/home/parallels/practica_ROS/ros2_prac2_ws/src/cpp_nodes/src/posicion_usuario_nodo.cpp:1[m[K:
[01m[K/home/parallels/practica_ROS/ros2_prac2_ws/src/cpp_nodes/include/posicion_usuario_nodo.hpp:6:10:[m[K [01;31m[Kfatal error: [m[Kinterfaces/msg/posicion.hpp: No such file or directory
    6 | #include [01;31m[K"interfaces/msg/posicion.hpp"[m[K
      |          [01;31m[K^~~~~~~~~~~~~~~~~~~~~~~~~~~~~[m[K
compilation terminated.
make[2]: *** [CMakeFiles/posicion_usuario_nodo.dir/build.make:63: CMakeFiles/posicion_usuario_nodo.dir/src/posicion_usuario_nodo.cpp.o] Error 1
make[1]: *** [CMakeFiles/Makefile2:84: CMakeFiles/posicion_usuario_nodo.dir/all] Error 2
make: *** [Makefile:141: all] Error 2
