[0.010s] Invoking command in '/home/parallels/practica_ROS/ros2_prac2_ws/build/cpp_nodes': CMAKE_PREFIX_PATH=/home/parallels/practica_ROS/ros2_prac2_ws/install/interfaces:/home/parallels/practica_ROS/ros2_prac2_ws/install/cpp_nodes:/opt/ros/foxy /usr/bin/cmake --build /home/parallels/practica_ROS/ros2_prac2_ws/build/cpp_nodes -- -j2 -l2
[0.035s] -- Found ament_cmake: 0.9.12 (/opt/ros/foxy/share/ament_cmake/cmake)
[0.055s] -- Using PYTHON_EXECUTABLE: /usr/bin/python3
[0.155s] -- Found rclcpp: 2.4.3 (/opt/ros/foxy/share/rclcpp/cmake)
[0.185s] -- Using all available rosidl_typesupport_c: rosidl_typesupport_fastrtps_c;rosidl_typesupport_introspection_c
[0.187s] -- Found rosidl_adapter: 1.3.1 (/opt/ros/foxy/share/rosidl_adapter/cmake)
[0.274s] -- Using all available rosidl_typesupport_cpp: rosidl_typesupport_fastrtps_cpp;rosidl_typesupport_introspection_cpp
[0.316s] -- Found rmw_implementation_cmake: 1.0.4 (/opt/ros/foxy/share/rmw_implementation_cmake/cmake)
[0.318s] -- Using RMW implementation 'rmw_fastrtps_cpp' as default
[0.433s] -- Found interfaces: 0.0.0 (/home/parallels/practica_ROS/ros2_prac2_ws/install/interfaces/share/interfaces/cmake)
[0.480s] -- Configuring done
[0.494s] -- Generating done
[0.498s] -- Build files have been written to: /home/parallels/practica_ROS/ros2_prac2_ws/build/cpp_nodes
[0.534s] [ 33%] Built target emocion_usuario_nodo
[0.540s] [ 66%] Built target empaquetado_nodo
[0.557s] [100%] Built target informacion_personal_nodo
[0.570s] Invoked command in '/home/parallels/practica_ROS/ros2_prac2_ws/build/cpp_nodes' returned '0': CMAKE_PREFIX_PATH=/home/parallels/practica_ROS/ros2_prac2_ws/install/interfaces:/home/parallels/practica_ROS/ros2_prac2_ws/install/cpp_nodes:/opt/ros/foxy /usr/bin/cmake --build /home/parallels/practica_ROS/ros2_prac2_ws/build/cpp_nodes -- -j2 -l2
[0.572s] Invoking command in '/home/parallels/practica_ROS/ros2_prac2_ws/build/cpp_nodes': CMAKE_PREFIX_PATH=/home/parallels/practica_ROS/ros2_prac2_ws/install/interfaces:/home/parallels/practica_ROS/ros2_prac2_ws/install/cpp_nodes:/opt/ros/foxy /usr/bin/cmake --install /home/parallels/practica_ROS/ros2_prac2_ws/build/cpp_nodes
[0.576s] -- Install configuration: ""
[0.576s] -- Up-to-date: /home/parallels/practica_ROS/ros2_prac2_ws/install/cpp_nodes/include
[0.577s] -- Up-to-date: /home/parallels/practica_ROS/ros2_prac2_ws/install/cpp_nodes/include/emocion_usuario_nodo.hpp
[0.577s] -- Up-to-date: /home/parallels/practica_ROS/ros2_prac2_ws/install/cpp_nodes/include/empaquetado_nodo.hpp
[0.577s] -- Up-to-date: /home/parallels/practica_ROS/ros2_prac2_ws/install/cpp_nodes/include/base_node.hpp
[0.577s] -- Up-to-date: /home/parallels/practica_ROS/ros2_prac2_ws/install/cpp_nodes/include/informacion_personal_nodo.hpp
[0.578s] -- Up-to-date: /home/parallels/practica_ROS/ros2_prac2_ws/install/cpp_nodes/include/input_node.hpp
[0.578s] -- Up-to-date: /home/parallels/practica_ROS/ros2_prac2_ws/install/cpp_nodes/include/derived_input_node.hpp
[0.578s] -- Up-to-date: /home/parallels/practica_ROS/ros2_prac2_ws/install/cpp_nodes/include/derived_node.hpp
[0.578s] -- Installing: /home/parallels/practica_ROS/ros2_prac2_ws/install/cpp_nodes/include/posicion_usuario_nodo.hpp
[0.579s] -- Up-to-date: /home/parallels/practica_ROS/ros2_prac2_ws/install/cpp_nodes/include/cpp_nodes
[0.579s] -- Up-to-date: /home/parallels/practica_ROS/ros2_prac2_ws/install/cpp_nodes/lib/cpp_nodes/informacion_personal_nodo
[0.580s] -- Up-to-date: /home/parallels/practica_ROS/ros2_prac2_ws/install/cpp_nodes/lib/cpp_nodes/empaquetado_nodo
[0.581s] -- Up-to-date: /home/parallels/practica_ROS/ros2_prac2_ws/install/cpp_nodes/lib/cpp_nodes/emocion_usuario_nodo
[0.581s] -- Up-to-date: /home/parallels/practica_ROS/ros2_prac2_ws/install/cpp_nodes/share/ament_index/resource_index/package_run_dependencies/cpp_nodes
[0.581s] -- Up-to-date: /home/parallels/practica_ROS/ros2_prac2_ws/install/cpp_nodes/share/ament_index/resource_index/parent_prefix_path/cpp_nodes
[0.581s] -- Up-to-date: /home/parallels/practica_ROS/ros2_prac2_ws/install/cpp_nodes/share/cpp_nodes/environment/ament_prefix_path.sh
[0.581s] -- Installing: /home/parallels/practica_ROS/ros2_prac2_ws/install/cpp_nodes/share/cpp_nodes/environment/ament_prefix_path.dsv
[0.581s] -- Up-to-date: /home/parallels/practica_ROS/ros2_prac2_ws/install/cpp_nodes/share/cpp_nodes/environment/path.sh
[0.581s] -- Installing: /home/parallels/practica_ROS/ros2_prac2_ws/install/cpp_nodes/share/cpp_nodes/environment/path.dsv
[0.581s] -- Up-to-date: /home/parallels/practica_ROS/ros2_prac2_ws/install/cpp_nodes/share/cpp_nodes/local_setup.bash
[0.581s] -- Up-to-date: /home/parallels/practica_ROS/ros2_prac2_ws/install/cpp_nodes/share/cpp_nodes/local_setup.sh
[0.581s] -- Up-to-date: /home/parallels/practica_ROS/ros2_prac2_ws/install/cpp_nodes/share/cpp_nodes/local_setup.zsh
[0.581s] -- Installing: /home/parallels/practica_ROS/ros2_prac2_ws/install/cpp_nodes/share/cpp_nodes/local_setup.dsv
[0.581s] -- Installing: /home/parallels/practica_ROS/ros2_prac2_ws/install/cpp_nodes/share/cpp_nodes/package.dsv
[0.581s] -- Up-to-date: /home/parallels/practica_ROS/ros2_prac2_ws/install/cpp_nodes/share/ament_index/resource_index/packages/cpp_nodes
[0.582s] -- Up-to-date: /home/parallels/practica_ROS/ros2_prac2_ws/install/cpp_nodes/share/cpp_nodes/cmake/ament_cmake_export_include_directories-extras.cmake
[0.582s] -- Up-to-date: /home/parallels/practica_ROS/ros2_prac2_ws/install/cpp_nodes/share/cpp_nodes/cmake/cpp_nodesConfig.cmake
[0.582s] -- Up-to-date: /home/parallels/practica_ROS/ros2_prac2_ws/install/cpp_nodes/share/cpp_nodes/cmake/cpp_nodesConfig-version.cmake
[0.582s] -- Up-to-date: /home/parallels/practica_ROS/ros2_prac2_ws/install/cpp_nodes/share/cpp_nodes/package.xml
[0.587s] Invoked command in '/home/parallels/practica_ROS/ros2_prac2_ws/build/cpp_nodes' returned '0': CMAKE_PREFIX_PATH=/home/parallels/practica_ROS/ros2_prac2_ws/install/interfaces:/home/parallels/practica_ROS/ros2_prac2_ws/install/cpp_nodes:/opt/ros/foxy /usr/bin/cmake --install /home/parallels/practica_ROS/ros2_prac2_ws/build/cpp_nodes
