[0.014s] Invoking command in '/home/parallels/practica_ROS/ros2_prac2_ws/build/cpp_nodes': CMAKE_PREFIX_PATH=/home/parallels/practica_ROS/ros2_prac2_ws/install/interfaces:/home/parallels/practica_ROS/ros2_prac2_ws/install/cpp_nodes:/opt/ros/foxy /usr/bin/cmake --build /home/parallels/practica_ROS/ros2_prac2_ws/build/cpp_nodes -- -j2 -l2
[0.075s] [ 37%] Built target emocion_usuario_nodo
[0.075s] [ 50%] Built target posicion_usuario_nodo
[0.086s] [35m[1mScanning dependencies of target empaquetado_nodo[0m
[0.106s] [ 75%] Built target informacion_personal_nodo
[0.131s] [ 87%] [32mBuilding CXX object CMakeFiles/empaquetado_nodo.dir/src/empaquetado_nodo.cpp.o[0m
[1.112s] [01m[K/home/parallels/practica_ROS/ros2_prac2_ws/src/cpp_nodes/src/empaquetado_nodo.cpp:25:64:[m[K [01;31m[Kerror: [m[K‘[01m[KPosicion[m[K’ in namespace ‘[01m[Kinterfaces::msg[m[K’ does not name a type
[1.112s]    25 | void EmpaquetadoNodo::posicion_callback(const interfaces::msg::[01;31m[KPosicion[m[K::SharedPtr msg) const
[1.112s]       |                                                                [01;31m[K^~~~~~~~[m[K
[1.112s] [01m[K/home/parallels/practica_ROS/ros2_prac2_ws/src/cpp_nodes/src/empaquetado_nodo.cpp:25:84:[m[K [01;31m[Kerror: [m[Kexpected unqualified-id before ‘[01m[Kmsg[m[K’
[1.112s]    25 | void EmpaquetadoNodo::posicion_callback(const interfaces::msg::Posicion::SharedPtr [01;31m[Kmsg[m[K) const
[1.112s]       |                                                                                    [01;31m[K^~~[m[K
[1.112s] [01m[K/home/parallels/practica_ROS/ros2_prac2_ws/src/cpp_nodes/src/empaquetado_nodo.cpp:25:83:[m[K [01;31m[Kerror: [m[Kexpected ‘[01m[K)[m[K’ before ‘[01m[Kmsg[m[K’
[1.112s]    25 | void EmpaquetadoNodo::posicion_callback[34m[K([m[Kconst interfaces::msg::Posicion::SharedPtr[01;31m[K [m[K[32m[Kmsg[m[K) const
[1.112s]       |                                        [34m[K~[m[K                                          [01;31m[K^[m[K[32m[K~~~[m[K
[1.112s]       |                                                                                   [32m[K)[m[K
[1.112s] [01m[K/home/parallels/practica_ROS/ros2_prac2_ws/src/cpp_nodes/src/empaquetado_nodo.cpp:25:84:[m[K [01;31m[Kerror: [m[Kexpected initializer before ‘[01m[Kmsg[m[K’
[1.112s]    25 | void EmpaquetadoNodo::posicion_callback(const interfaces::msg::Posicion::SharedPtr [01;31m[Kmsg[m[K) const
[1.112s]       |                                                                                    [01;31m[K^~~[m[K
[2.238s] make[2]: *** [CMakeFiles/empaquetado_nodo.dir/build.make:63: CMakeFiles/empaquetado_nodo.dir/src/empaquetado_nodo.cpp.o] Error 1
[2.238s] make[1]: *** [CMakeFiles/Makefile2:138: CMakeFiles/empaquetado_nodo.dir/all] Error 2
[2.239s] make: *** [Makefile:141: all] Error 2
[2.241s] Invoked command in '/home/parallels/practica_ROS/ros2_prac2_ws/build/cpp_nodes' returned '2': CMAKE_PREFIX_PATH=/home/parallels/practica_ROS/ros2_prac2_ws/install/interfaces:/home/parallels/practica_ROS/ros2_prac2_ws/install/cpp_nodes:/opt/ros/foxy /usr/bin/cmake --build /home/parallels/practica_ROS/ros2_prac2_ws/build/cpp_nodes -- -j2 -l2
