[0.007s] Invoking command in '/home/parallels/practica_ROS/ros2_prac2_ws/build/interfaces': CMAKE_PREFIX_PATH=${CMAKE_PREFIX_PATH}:/opt/ros/foxy /usr/bin/cmake /home/parallels/practica_ROS/ros2_prac2_ws/src/interfaces -DCMAKE_INSTALL_PREFIX=/home/parallels/practica_ROS/ros2_prac2_ws/install/interfaces
[0.019s] -- Found ament_cmake: 0.9.12 (/opt/ros/foxy/share/ament_cmake/cmake)
[0.033s] -- Found PythonInterp: /usr/bin/python3 (found suitable version "3.8.10", minimum required is "3") 
[0.033s] -- Using PYTHON_EXECUTABLE: /usr/bin/python3
[0.130s] -- Found rosidl_default_generators: 1.0.1 (/opt/ros/foxy/share/rosidl_default_generators/cmake)
[0.131s] -- Using all available rosidl_typesupport_c: rosidl_typesupport_fastrtps_c;rosidl_typesupport_introspection_c
[0.133s] -- Found rosidl_adapter: 1.3.1 (/opt/ros/foxy/share/rosidl_adapter/cmake)
[0.226s] -- Using all available rosidl_typesupport_cpp: rosidl_typesupport_fastrtps_cpp;rosidl_typesupport_introspection_cpp
[0.252s] -- Found PythonInterp: /usr/bin/python3 (found version "3.8.10") 
[0.317s] -- Found ament_cmake_ros: 0.9.2 (/opt/ros/foxy/share/ament_cmake_ros/cmake)
[0.389s] -- Using all available rosidl_typesupport_c: rosidl_typesupport_fastrtps_c;rosidl_typesupport_introspection_c
[0.396s] -- Using all available rosidl_typesupport_cpp: rosidl_typesupport_fastrtps_cpp;rosidl_typesupport_introspection_cpp
[0.408s] -- Found PythonInterp: /usr/bin/python3 (found suitable version "3.8.10", minimum required is "3.5") 
[0.409s] -- Found python_cmake_module: 0.8.1 (/opt/ros/foxy/share/python_cmake_module/cmake)
[0.428s] -- Found PythonLibs: /usr/lib/aarch64-linux-gnu/libpython3.8.so (found suitable version "3.8.10", minimum required is "3.5") 
[0.428s] -- Using PYTHON_EXECUTABLE: /usr/bin/python3
[0.428s] -- Using PYTHON_INCLUDE_DIRS: /usr/include/python3.8
[0.428s] -- Using PYTHON_LIBRARIES: /usr/lib/aarch64-linux-gnu/libpython3.8.so
[0.440s] -- Found PythonExtra: .so  
[0.473s] -- Found ament_lint_auto: 0.9.8 (/opt/ros/foxy/share/ament_lint_auto/cmake)
[0.495s] -- Added test 'copyright' to check source files copyright and LICENSE
[0.497s] -- Added test 'lint_cmake' to check CMake code style
[0.498s] -- Added test 'xmllint' to check XML markup files
[0.503s] -- Configuring done
[0.528s] -- Generating done
[0.535s] -- Build files have been written to: /home/parallels/practica_ROS/ros2_prac2_ws/build/interfaces
[0.540s] Invoked command in '/home/parallels/practica_ROS/ros2_prac2_ws/build/interfaces' returned '0': CMAKE_PREFIX_PATH=${CMAKE_PREFIX_PATH}:/opt/ros/foxy /usr/bin/cmake /home/parallels/practica_ROS/ros2_prac2_ws/src/interfaces -DCMAKE_INSTALL_PREFIX=/home/parallels/practica_ROS/ros2_prac2_ws/install/interfaces
[0.542s] Invoking command in '/home/parallels/practica_ROS/ros2_prac2_ws/build/interfaces': CMAKE_PREFIX_PATH=${CMAKE_PREFIX_PATH}:/opt/ros/foxy /usr/bin/cmake --build /home/parallels/practica_ROS/ros2_prac2_ws/build/interfaces -- -j2 -l2
[0.569s] [35m[1mScanning dependencies of target interfaces__cpp[0m
[0.570s] [  3%] [34m[1mGenerating C code for ROS interfaces[0m
[0.579s] [  6%] [34m[1mGenerating C++ code for ROS interfaces[0m
[0.733s] [  6%] Built target interfaces__cpp
[0.748s] [  9%] [34m[1mGenerating C++ introspection for ROS interfaces[0m
[0.773s] [35m[1mScanning dependencies of target interfaces__rosidl_generator_c[0m
[0.794s] [ 12%] [32mBuilding C object CMakeFiles/interfaces__rosidl_generator_c.dir/rosidl_generator_c/interfaces/msg/detail/custom_string__functions.c.o[0m
[0.849s] [ 16%] [32m[1mLinking C shared library libinterfaces__rosidl_generator_c.so[0m
[0.868s] [35m[1mScanning dependencies of target interfaces__rosidl_typesupport_introspection_cpp[0m
[0.873s] [ 16%] Built target interfaces__rosidl_generator_c
[0.880s] [ 19%] [34m[1mGenerating C++ type support for eProsima Fast-RTPS[0m
[0.884s] [ 22%] [32mBuilding CXX object CMakeFiles/interfaces__rosidl_typesupport_introspection_cpp.dir/rosidl_typesupport_introspection_cpp/interfaces/msg/detail/custom_string__type_support.cpp.o[0m
[1.004s] [35m[1mScanning dependencies of target interfaces__rosidl_typesupport_fastrtps_cpp[0m
[1.037s] [ 25%] [32mBuilding CXX object CMakeFiles/interfaces__rosidl_typesupport_fastrtps_cpp.dir/rosidl_typesupport_fastrtps_cpp/interfaces/msg/detail/dds_fastrtps/custom_string__type_support.cpp.o[0m
[1.073s] [ 29%] [32m[1mLinking CXX shared library libinterfaces__rosidl_typesupport_introspection_cpp.so[0m
[1.109s] [ 29%] Built target interfaces__rosidl_typesupport_introspection_cpp
[1.115s] [ 32%] [34m[1mGenerating C introspection for ROS interfaces[0m
[1.276s] [35m[1mScanning dependencies of target interfaces__rosidl_typesupport_introspection_c[0m
[1.291s] [ 35%] [32mBuilding C object CMakeFiles/interfaces__rosidl_typesupport_introspection_c.dir/rosidl_typesupport_introspection_c/interfaces/msg/detail/custom_string__type_support.c.o[0m
[1.308s] [ 38%] [32m[1mLinking CXX shared library libinterfaces__rosidl_typesupport_fastrtps_cpp.so[0m
[1.315s] [ 41%] [32m[1mLinking C shared library libinterfaces__rosidl_typesupport_introspection_c.so[0m
[1.332s] [ 41%] Built target interfaces__rosidl_typesupport_introspection_c
[1.340s] [ 45%] [34m[1mGenerating C++ type support dispatch for ROS interfaces[0m
[1.364s] [ 45%] Built target interfaces__rosidl_typesupport_fastrtps_cpp
[1.376s] [ 48%] [34m[1mGenerating C type support dispatch for ROS interfaces[0m
[1.444s] [35m[1mScanning dependencies of target interfaces__rosidl_typesupport_cpp[0m
[1.460s] [ 51%] [32mBuilding CXX object CMakeFiles/interfaces__rosidl_typesupport_cpp.dir/rosidl_typesupport_cpp/interfaces/msg/custom_string__type_support.cpp.o[0m
[1.479s] [35m[1mScanning dependencies of target interfaces__rosidl_typesupport_c[0m
[1.486s] [ 54%] [32mBuilding CXX object CMakeFiles/interfaces__rosidl_typesupport_c.dir/rosidl_typesupport_c/interfaces/msg/custom_string__type_support.cpp.o[0m
[1.505s] [ 58%] [32m[1mLinking CXX shared library libinterfaces__rosidl_typesupport_c.so[0m
[1.535s] [ 58%] Built target interfaces__rosidl_typesupport_c
[1.542s] [ 61%] [34m[1mGenerating C type support for eProsima Fast-RTPS[0m
[1.607s] [ 64%] [32m[1mLinking CXX shared library libinterfaces__rosidl_typesupport_cpp.so[0m
[1.632s] [ 64%] Built target interfaces__rosidl_typesupport_cpp
[1.659s] [35m[1mScanning dependencies of target interfaces__rosidl_typesupport_fastrtps_c[0m
[1.675s] [ 67%] [32mBuilding CXX object CMakeFiles/interfaces__rosidl_typesupport_fastrtps_c.dir/rosidl_typesupport_fastrtps_c/interfaces/msg/detail/custom_string__type_support_c.cpp.o[0m
[1.839s] [ 70%] [32m[1mLinking CXX shared library libinterfaces__rosidl_typesupport_fastrtps_c.so[0m
[1.877s] [ 70%] Built target interfaces__rosidl_typesupport_fastrtps_c
[1.882s] [35m[1mScanning dependencies of target interfaces[0m
[1.887s] [ 70%] Built target interfaces
[1.892s] [35m[1mScanning dependencies of target interfaces__py[0m
[1.897s] [ 74%] [34m[1mGenerating Python code for ROS interfaces[0m
[2.141s] [ 74%] Built target interfaces__py
[2.146s] [35m[1mScanning dependencies of target interfaces__python[0m
[2.173s] [ 77%] [32mBuilding C object CMakeFiles/interfaces__python.dir/rosidl_generator_py/interfaces/msg/_custom_string_s.c.o[0m
[2.231s] [ 80%] [32m[1mLinking C shared library rosidl_generator_py/interfaces/libinterfaces__python.so[0m
[2.251s] [ 80%] Built target interfaces__python
[2.257s] [35m[1mScanning dependencies of target interfaces__rosidl_typesupport_introspection_c__pyext[0m
[2.257s] [35m[1mScanning dependencies of target interfaces__rosidl_typesupport_c__pyext[0m
[2.269s] [ 83%] [32mBuilding C object CMakeFiles/interfaces__rosidl_typesupport_c__pyext.dir/rosidl_generator_py/interfaces/_interfaces_s.ep.rosidl_typesupport_c.c.o[0m
[2.299s] [ 87%] [32mBuilding C object CMakeFiles/interfaces__rosidl_typesupport_introspection_c__pyext.dir/rosidl_generator_py/interfaces/_interfaces_s.ep.rosidl_typesupport_introspection_c.c.o[0m
[2.312s] [ 90%] [32m[1mLinking C shared library rosidl_generator_py/interfaces/interfaces_s__rosidl_typesupport_c.cpython-38-aarch64-linux-gnu.so[0m
[2.330s] [ 90%] Built target interfaces__rosidl_typesupport_c__pyext
[2.335s] [35m[1mScanning dependencies of target interfaces__rosidl_typesupport_fastrtps_c__pyext[0m
[2.351s] [ 93%] [32mBuilding C object CMakeFiles/interfaces__rosidl_typesupport_fastrtps_c__pyext.dir/rosidl_generator_py/interfaces/_interfaces_s.ep.rosidl_typesupport_fastrtps_c.c.o[0m
[2.360s] [ 96%] [32m[1mLinking C shared library rosidl_generator_py/interfaces/interfaces_s__rosidl_typesupport_introspection_c.cpython-38-aarch64-linux-gnu.so[0m
[2.391s] [ 96%] Built target interfaces__rosidl_typesupport_introspection_c__pyext
[2.398s] [100%] [32m[1mLinking CXX shared library rosidl_generator_py/interfaces/interfaces_s__rosidl_typesupport_fastrtps_c.cpython-38-aarch64-linux-gnu.so[0m
[2.428s] [100%] Built target interfaces__rosidl_typesupport_fastrtps_c__pyext
[2.434s] Invoked command in '/home/parallels/practica_ROS/ros2_prac2_ws/build/interfaces' returned '0': CMAKE_PREFIX_PATH=${CMAKE_PREFIX_PATH}:/opt/ros/foxy /usr/bin/cmake --build /home/parallels/practica_ROS/ros2_prac2_ws/build/interfaces -- -j2 -l2
[2.443s] Invoking command in '/home/parallels/practica_ROS/ros2_prac2_ws/build/interfaces': CMAKE_PREFIX_PATH=${CMAKE_PREFIX_PATH}:/opt/ros/foxy /usr/bin/cmake --install /home/parallels/practica_ROS/ros2_prac2_ws/build/interfaces
[2.448s] -- Install configuration: ""
[2.448s] -- Installing: /home/parallels/practica_ROS/ros2_prac2_ws/install/interfaces/share/ament_index/resource_index/rosidl_interfaces/interfaces
[2.448s] -- Installing: /home/parallels/practica_ROS/ros2_prac2_ws/install/interfaces/include/interfaces
[2.448s] -- Installing: /home/parallels/practica_ROS/ros2_prac2_ws/install/interfaces/include/interfaces/msg
[2.448s] -- Installing: /home/parallels/practica_ROS/ros2_prac2_ws/install/interfaces/include/interfaces/msg/rosidl_generator_c__visibility_control.h
[2.448s] -- Installing: /home/parallels/practica_ROS/ros2_prac2_ws/install/interfaces/include/interfaces/msg/custom_string.h
[2.448s] -- Installing: /home/parallels/practica_ROS/ros2_prac2_ws/install/interfaces/include/interfaces/msg/detail
[2.448s] -- Installing: /home/parallels/practica_ROS/ros2_prac2_ws/install/interfaces/include/interfaces/msg/detail/custom_string__struct.h
[2.448s] -- Installing: /home/parallels/practica_ROS/ros2_prac2_ws/install/interfaces/include/interfaces/msg/detail/custom_string__type_support.h
[2.448s] -- Installing: /home/parallels/practica_ROS/ros2_prac2_ws/install/interfaces/include/interfaces/msg/detail/custom_string__functions.c
[2.449s] -- Installing: /home/parallels/practica_ROS/ros2_prac2_ws/install/interfaces/include/interfaces/msg/detail/custom_string__functions.h
[2.449s] -- Installing: /home/parallels/practica_ROS/ros2_prac2_ws/install/interfaces/share/interfaces/environment/library_path.sh
[2.449s] -- Installing: /home/parallels/practica_ROS/ros2_prac2_ws/install/interfaces/share/interfaces/environment/library_path.dsv
[2.449s] -- Installing: /home/parallels/practica_ROS/ros2_prac2_ws/install/interfaces/lib/libinterfaces__rosidl_generator_c.so
[2.449s] -- Set runtime path of "/home/parallels/practica_ROS/ros2_prac2_ws/install/interfaces/lib/libinterfaces__rosidl_generator_c.so" to ""
[2.449s] -- Up-to-date: /home/parallels/practica_ROS/ros2_prac2_ws/install/interfaces/include/interfaces
[2.449s] -- Up-to-date: /home/parallels/practica_ROS/ros2_prac2_ws/install/interfaces/include/interfaces/msg
[2.449s] -- Installing: /home/parallels/practica_ROS/ros2_prac2_ws/install/interfaces/include/interfaces/msg/rosidl_typesupport_fastrtps_c__visibility_control.h
[2.449s] -- Up-to-date: /home/parallels/practica_ROS/ros2_prac2_ws/install/interfaces/include/interfaces/msg/detail
[2.450s] -- Installing: /home/parallels/practica_ROS/ros2_prac2_ws/install/interfaces/include/interfaces/msg/detail/custom_string__rosidl_typesupport_fastrtps_c.h
[2.450s] -- Installing: /home/parallels/practica_ROS/ros2_prac2_ws/install/interfaces/lib/libinterfaces__rosidl_typesupport_fastrtps_c.so
[2.450s] -- Set runtime path of "/home/parallels/practica_ROS/ros2_prac2_ws/install/interfaces/lib/libinterfaces__rosidl_typesupport_fastrtps_c.so" to ""
[2.450s] -- Up-to-date: /home/parallels/practica_ROS/ros2_prac2_ws/install/interfaces/include/interfaces
[2.450s] -- Up-to-date: /home/parallels/practica_ROS/ros2_prac2_ws/install/interfaces/include/interfaces/msg
[2.450s] -- Up-to-date: /home/parallels/practica_ROS/ros2_prac2_ws/install/interfaces/include/interfaces/msg/detail
[2.450s] -- Installing: /home/parallels/practica_ROS/ros2_prac2_ws/install/interfaces/include/interfaces/msg/detail/dds_fastrtps
[2.450s] -- Installing: /home/parallels/practica_ROS/ros2_prac2_ws/install/interfaces/include/interfaces/msg/detail/custom_string__rosidl_typesupport_fastrtps_cpp.hpp
[2.450s] -- Installing: /home/parallels/practica_ROS/ros2_prac2_ws/install/interfaces/include/interfaces/msg/rosidl_typesupport_fastrtps_cpp__visibility_control.h
[2.450s] -- Installing: /home/parallels/practica_ROS/ros2_prac2_ws/install/interfaces/lib/libinterfaces__rosidl_typesupport_fastrtps_cpp.so
[2.451s] -- Set runtime path of "/home/parallels/practica_ROS/ros2_prac2_ws/install/interfaces/lib/libinterfaces__rosidl_typesupport_fastrtps_cpp.so" to ""
[2.451s] -- Up-to-date: /home/parallels/practica_ROS/ros2_prac2_ws/install/interfaces/include/interfaces
[2.451s] -- Up-to-date: /home/parallels/practica_ROS/ros2_prac2_ws/install/interfaces/include/interfaces/msg
[2.451s] -- Installing: /home/parallels/practica_ROS/ros2_prac2_ws/install/interfaces/include/interfaces/msg/rosidl_typesupport_introspection_c__visibility_control.h
[2.451s] -- Up-to-date: /home/parallels/practica_ROS/ros2_prac2_ws/install/interfaces/include/interfaces/msg/detail
[2.451s] -- Installing: /home/parallels/practica_ROS/ros2_prac2_ws/install/interfaces/include/interfaces/msg/detail/custom_string__rosidl_typesupport_introspection_c.h
[2.451s] -- Installing: /home/parallels/practica_ROS/ros2_prac2_ws/install/interfaces/include/interfaces/msg/detail/custom_string__type_support.c
[2.451s] -- Installing: /home/parallels/practica_ROS/ros2_prac2_ws/install/interfaces/lib/libinterfaces__rosidl_typesupport_introspection_c.so
[2.451s] -- Set runtime path of "/home/parallels/practica_ROS/ros2_prac2_ws/install/interfaces/lib/libinterfaces__rosidl_typesupport_introspection_c.so" to ""
[2.452s] -- Installing: /home/parallels/practica_ROS/ros2_prac2_ws/install/interfaces/lib/libinterfaces__rosidl_typesupport_c.so
[2.452s] -- Set runtime path of "/home/parallels/practica_ROS/ros2_prac2_ws/install/interfaces/lib/libinterfaces__rosidl_typesupport_c.so" to ""
[2.452s] -- Up-to-date: /home/parallels/practica_ROS/ros2_prac2_ws/install/interfaces/include/interfaces
[2.452s] -- Up-to-date: /home/parallels/practica_ROS/ros2_prac2_ws/install/interfaces/include/interfaces/msg
[2.452s] -- Installing: /home/parallels/practica_ROS/ros2_prac2_ws/install/interfaces/include/interfaces/msg/custom_string.hpp
[2.452s] -- Installing: /home/parallels/practica_ROS/ros2_prac2_ws/install/interfaces/include/interfaces/msg/rosidl_generator_cpp__visibility_control.hpp
[2.452s] -- Up-to-date: /home/parallels/practica_ROS/ros2_prac2_ws/install/interfaces/include/interfaces/msg/detail
[2.452s] -- Installing: /home/parallels/practica_ROS/ros2_prac2_ws/install/interfaces/include/interfaces/msg/detail/custom_string__traits.hpp
[2.452s] -- Installing: /home/parallels/practica_ROS/ros2_prac2_ws/install/interfaces/include/interfaces/msg/detail/custom_string__type_support.hpp
[2.452s] -- Installing: /home/parallels/practica_ROS/ros2_prac2_ws/install/interfaces/include/interfaces/msg/detail/custom_string__builder.hpp
[2.452s] -- Installing: /home/parallels/practica_ROS/ros2_prac2_ws/install/interfaces/include/interfaces/msg/detail/custom_string__struct.hpp
[2.453s] -- Up-to-date: /home/parallels/practica_ROS/ros2_prac2_ws/install/interfaces/include/interfaces
[2.453s] -- Up-to-date: /home/parallels/practica_ROS/ros2_prac2_ws/install/interfaces/include/interfaces/msg
[2.453s] -- Up-to-date: /home/parallels/practica_ROS/ros2_prac2_ws/install/interfaces/include/interfaces/msg/detail
[2.453s] -- Installing: /home/parallels/practica_ROS/ros2_prac2_ws/install/interfaces/include/interfaces/msg/detail/custom_string__rosidl_typesupport_introspection_cpp.hpp
[2.453s] -- Installing: /home/parallels/practica_ROS/ros2_prac2_ws/install/interfaces/include/interfaces/msg/detail/custom_string__type_support.cpp
[2.453s] -- Installing: /home/parallels/practica_ROS/ros2_prac2_ws/install/interfaces/lib/libinterfaces__rosidl_typesupport_introspection_cpp.so
[2.453s] -- Set runtime path of "/home/parallels/practica_ROS/ros2_prac2_ws/install/interfaces/lib/libinterfaces__rosidl_typesupport_introspection_cpp.so" to ""
[2.453s] -- Installing: /home/parallels/practica_ROS/ros2_prac2_ws/install/interfaces/lib/libinterfaces__rosidl_typesupport_cpp.so
[2.453s] -- Set runtime path of "/home/parallels/practica_ROS/ros2_prac2_ws/install/interfaces/lib/libinterfaces__rosidl_typesupport_cpp.so" to ""
[2.453s] -- Installing: /home/parallels/practica_ROS/ros2_prac2_ws/install/interfaces/share/interfaces/environment/pythonpath.sh
[2.454s] -- Installing: /home/parallels/practica_ROS/ros2_prac2_ws/install/interfaces/share/interfaces/environment/pythonpath.dsv
[2.454s] -- Installing: /home/parallels/practica_ROS/ros2_prac2_ws/install/interfaces/lib/python3.8/site-packages/interfaces/__init__.py
[2.470s] Compiling '/home/parallels/practica_ROS/ros2_prac2_ws/install/interfaces/lib/python3.8/site-packages/interfaces/__init__.py'...
[2.472s] -- Installing: /home/parallels/practica_ROS/ros2_prac2_ws/install/interfaces/lib/python3.8/site-packages/interfaces/msg
[2.472s] -- Installing: /home/parallels/practica_ROS/ros2_prac2_ws/install/interfaces/lib/python3.8/site-packages/interfaces/msg/_custom_string_s.c
[2.472s] -- Installing: /home/parallels/practica_ROS/ros2_prac2_ws/install/interfaces/lib/python3.8/site-packages/interfaces/msg/__init__.py
[2.472s] -- Installing: /home/parallels/practica_ROS/ros2_prac2_ws/install/interfaces/lib/python3.8/site-packages/interfaces/msg/_custom_string.py
[2.472s] -- Installing: /home/parallels/practica_ROS/ros2_prac2_ws/install/interfaces/lib/python3.8/site-packages/interfaces/interfaces_s__rosidl_typesupport_fastrtps_c.cpython-38-aarch64-linux-gnu.so
[2.472s] -- Set runtime path of "/home/parallels/practica_ROS/ros2_prac2_ws/install/interfaces/lib/python3.8/site-packages/interfaces/interfaces_s__rosidl_typesupport_fastrtps_c.cpython-38-aarch64-linux-gnu.so" to ""
[2.473s] -- Installing: /home/parallels/practica_ROS/ros2_prac2_ws/install/interfaces/lib/python3.8/site-packages/interfaces/interfaces_s__rosidl_typesupport_introspection_c.cpython-38-aarch64-linux-gnu.so
[2.473s] -- Set runtime path of "/home/parallels/practica_ROS/ros2_prac2_ws/install/interfaces/lib/python3.8/site-packages/interfaces/interfaces_s__rosidl_typesupport_introspection_c.cpython-38-aarch64-linux-gnu.so" to ""
[2.473s] -- Installing: /home/parallels/practica_ROS/ros2_prac2_ws/install/interfaces/lib/python3.8/site-packages/interfaces/interfaces_s__rosidl_typesupport_c.cpython-38-aarch64-linux-gnu.so
[2.473s] -- Set runtime path of "/home/parallels/practica_ROS/ros2_prac2_ws/install/interfaces/lib/python3.8/site-packages/interfaces/interfaces_s__rosidl_typesupport_c.cpython-38-aarch64-linux-gnu.so" to ""
[2.473s] -- Installing: /home/parallels/practica_ROS/ros2_prac2_ws/install/interfaces/lib/libinterfaces__python.so
[2.473s] -- Set runtime path of "/home/parallels/practica_ROS/ros2_prac2_ws/install/interfaces/lib/libinterfaces__python.so" to ""
[2.474s] -- Installing: /home/parallels/practica_ROS/ros2_prac2_ws/install/interfaces/share/interfaces/msg/CustomString.idl
[2.474s] -- Installing: /home/parallels/practica_ROS/ros2_prac2_ws/install/interfaces/share/interfaces/msg/CustomString.msg
[2.474s] -- Installing: /home/parallels/practica_ROS/ros2_prac2_ws/install/interfaces/share/ament_index/resource_index/package_run_dependencies/interfaces
[2.474s] -- Installing: /home/parallels/practica_ROS/ros2_prac2_ws/install/interfaces/share/ament_index/resource_index/parent_prefix_path/interfaces
[2.474s] -- Installing: /home/parallels/practica_ROS/ros2_prac2_ws/install/interfaces/share/interfaces/environment/ament_prefix_path.sh
[2.474s] -- Installing: /home/parallels/practica_ROS/ros2_prac2_ws/install/interfaces/share/interfaces/environment/ament_prefix_path.dsv
[2.474s] -- Installing: /home/parallels/practica_ROS/ros2_prac2_ws/install/interfaces/share/interfaces/environment/path.sh
[2.474s] -- Installing: /home/parallels/practica_ROS/ros2_prac2_ws/install/interfaces/share/interfaces/environment/path.dsv
[2.474s] -- Installing: /home/parallels/practica_ROS/ros2_prac2_ws/install/interfaces/share/interfaces/local_setup.bash
[2.474s] -- Installing: /home/parallels/practica_ROS/ros2_prac2_ws/install/interfaces/share/interfaces/local_setup.sh
[2.474s] -- Installing: /home/parallels/practica_ROS/ros2_prac2_ws/install/interfaces/share/interfaces/local_setup.zsh
[2.474s] -- Installing: /home/parallels/practica_ROS/ros2_prac2_ws/install/interfaces/share/interfaces/local_setup.dsv
[2.475s] -- Installing: /home/parallels/practica_ROS/ros2_prac2_ws/install/interfaces/share/interfaces/package.dsv
[2.475s] -- Installing: /home/parallels/practica_ROS/ros2_prac2_ws/install/interfaces/share/ament_index/resource_index/packages/interfaces
[2.475s] -- Installing: /home/parallels/practica_ROS/ros2_prac2_ws/install/interfaces/share/interfaces/cmake/interfaces__rosidl_generator_cExport.cmake
[2.475s] -- Installing: /home/parallels/practica_ROS/ros2_prac2_ws/install/interfaces/share/interfaces/cmake/interfaces__rosidl_generator_cExport-noconfig.cmake
[2.475s] -- Installing: /home/parallels/practica_ROS/ros2_prac2_ws/install/interfaces/share/interfaces/cmake/interfaces__rosidl_typesupport_introspection_cExport.cmake
[2.475s] -- Installing: /home/parallels/practica_ROS/ros2_prac2_ws/install/interfaces/share/interfaces/cmake/interfaces__rosidl_typesupport_introspection_cExport-noconfig.cmake
[2.475s] -- Installing: /home/parallels/practica_ROS/ros2_prac2_ws/install/interfaces/share/interfaces/cmake/interfaces__rosidl_typesupport_cExport.cmake
[2.475s] -- Installing: /home/parallels/practica_ROS/ros2_prac2_ws/install/interfaces/share/interfaces/cmake/interfaces__rosidl_typesupport_cExport-noconfig.cmake
[2.475s] -- Installing: /home/parallels/practica_ROS/ros2_prac2_ws/install/interfaces/share/interfaces/cmake/interfaces__rosidl_generator_cppExport.cmake
[2.475s] -- Installing: /home/parallels/practica_ROS/ros2_prac2_ws/install/interfaces/share/interfaces/cmake/interfaces__rosidl_typesupport_introspection_cppExport.cmake
[2.475s] -- Installing: /home/parallels/practica_ROS/ros2_prac2_ws/install/interfaces/share/interfaces/cmake/interfaces__rosidl_typesupport_introspection_cppExport-noconfig.cmake
[2.476s] -- Installing: /home/parallels/practica_ROS/ros2_prac2_ws/install/interfaces/share/interfaces/cmake/interfaces__rosidl_typesupport_cppExport.cmake
[2.476s] -- Installing: /home/parallels/practica_ROS/ros2_prac2_ws/install/interfaces/share/interfaces/cmake/interfaces__rosidl_typesupport_cppExport-noconfig.cmake
[2.476s] -- Installing: /home/parallels/practica_ROS/ros2_prac2_ws/install/interfaces/share/interfaces/cmake/rosidl_cmake-extras.cmake
[2.476s] -- Installing: /home/parallels/practica_ROS/ros2_prac2_ws/install/interfaces/share/interfaces/cmake/ament_cmake_export_dependencies-extras.cmake
[2.476s] -- Installing: /home/parallels/practica_ROS/ros2_prac2_ws/install/interfaces/share/interfaces/cmake/ament_cmake_export_libraries-extras.cmake
[2.476s] -- Installing: /home/parallels/practica_ROS/ros2_prac2_ws/install/interfaces/share/interfaces/cmake/ament_cmake_export_targets-extras.cmake
[2.476s] -- Installing: /home/parallels/practica_ROS/ros2_prac2_ws/install/interfaces/share/interfaces/cmake/ament_cmake_export_include_directories-extras.cmake
[2.476s] -- Installing: /home/parallels/practica_ROS/ros2_prac2_ws/install/interfaces/share/interfaces/cmake/rosidl_cmake_export_typesupport_libraries-extras.cmake
[2.476s] -- Installing: /home/parallels/practica_ROS/ros2_prac2_ws/install/interfaces/share/interfaces/cmake/rosidl_cmake_export_typesupport_targets-extras.cmake
[2.476s] -- Installing: /home/parallels/practica_ROS/ros2_prac2_ws/install/interfaces/share/interfaces/cmake/interfacesConfig.cmake
[2.476s] -- Installing: /home/parallels/practica_ROS/ros2_prac2_ws/install/interfaces/share/interfaces/cmake/interfacesConfig-version.cmake
[2.476s] -- Installing: /home/parallels/practica_ROS/ros2_prac2_ws/install/interfaces/share/interfaces/package.xml
[2.477s] Invoked command in '/home/parallels/practica_ROS/ros2_prac2_ws/build/interfaces' returned '0': CMAKE_PREFIX_PATH=${CMAKE_PREFIX_PATH}:/opt/ros/foxy /usr/bin/cmake --install /home/parallels/practica_ROS/ros2_prac2_ws/build/interfaces
